#
# There is insufficient memory for the Java Runtime Environment to continue.
# Native memory allocation (mmap) failed to map 65536 bytes for Failed to commit area from 0x000002ecf9470000 to 0x000002ecf9480000 of length 65536.
# Possible reasons:
#   The system is out of physical RAM or swap space
#   The process is running with CompressedOops enabled, and the Java Heap may be blocking the growth of the native heap
# Possible solutions:
#   Reduce memory load on the system
#   Increase physical memory or swap space
#   Check if swap backing store is full
#   Decrease Java heap size (-Xmx/-Xms)
#   Decrease number of Java threads
#   Decrease Java thread stack sizes (-Xss)
#   Set larger code cache with -XX:ReservedCodeCacheSize=
# This output file may be truncated or incomplete.
#
#  Out of Memory Error (./open/src/hotspot/os/windows/os_windows.cpp:3283), pid=31360, tid=28784
#
# JRE version:  (11.0.17+10) (build )
# Java VM: Java HotSpot(TM) 64-Bit Server VM (11.0.17+10-LTS-269, mixed mode, sharing, tiered, compressed oops, g1 gc, windows-amd64)
# No core dump will be written. Minidumps are not enabled by default on client versions of Windows
#

---------------  S U M M A R Y ------------

Command Line: org.h2.tools.Console

Host: 11th Gen Intel(R) Core(TM) i7-1165G7 @ 2.80GHz, 8 cores, 7G,  Windows 11 , 64 bit Build 22621 (10.0.22621.1485)
Time: Mon May 22 09:09:54 2023  Windows 11 , 64 bit Build 22621 (10.0.22621.1485) elapsed time: 0.014720 seconds (0d 0h 0m 0s)

---------------  T H R E A D  ---------------

Current thread (0x000002ece2a54800):  JavaThread "Unknown thread" [_thread_in_vm, id=28784, stack(0x000000ed73200000,0x000000ed73300000)]

Stack: [0x000000ed73200000,0x000000ed73300000]
Native frames: (J=compiled Java code, j=interpreted, Vv=VM code, C=native code)
V  [jvm.dll+0x62b5da]
V  [jvm.dll+0x7653df]
V  [jvm.dll+0x766a89]
V  [jvm.dll+0x767113]
V  [jvm.dll+0x23dd28]
V  [jvm.dll+0x62896a]
V  [jvm.dll+0x61d625]
V  [jvm.dll+0x2f2d3c]
V  [jvm.dll+0x2f2bc2]
V  [jvm.dll+0x2f7a00]
V  [jvm.dll+0x33a318]
V  [jvm.dll+0x339d10]
V  [jvm.dll+0x2d0368]
V  [jvm.dll+0x2d14d6]
V  [jvm.dll+0x73f9a7]
V  [jvm.dll+0x74123f]
V  [jvm.dll+0x347039]
V  [jvm.dll+0x725280]
V  [jvm.dll+0x3b5c1f]
V  [jvm.dll+0x3b7d31]
C  [jli.dll+0x5207]
C  [ucrtbase.dll+0x29363]
C  [KERNEL32.DLL+0x1269d]
C  [ntdll.dll+0x5a9f8]


---------------  P R O C E S S  ---------------

Threads class SMR info:
_java_thread_list=0x000002ece07d4b20, length=0, elements={
}

Java Threads: ( => current thread )

Other Threads:
  0x000002ece2a6a800 GCTaskThread "GC Thread#0" [stack: 0x000000ed73300000,0x000000ed73400000] [id=30052]
  0x000002ece2a99000 ConcurrentGCThread "G1 Main Marker" [stack: 0x000000ed73400000,0x000000ed73500000] [id=13244]
  0x000002ece2a9b000 ConcurrentGCThread "G1 Conc#0" [stack: 0x000000ed73500000,0x000000ed73600000] [id=17316]

[error occurred during error reporting (printing all threads), id 0xc0000005, EXCEPTION_ACCESS_VIOLATION (0xc0000005) at pc=0x00007ffc16abf5f7]

VM state:not at safepoint (not fully initialized)

VM Mutex/Monitor currently owned by a thread:  ([mutex/lock_event])
[0x000002ece2a50c70] Heap_lock - owner thread: 0x000002ece2a54800

Heap address: 0x0000000085000000, size: 1968 MB, Compressed Oops mode: Non-zero based: 0x0000000085000000
Narrow klass base: 0x0000000000000000, Narrow klass shift: 0

GC Heap History (0 events):
No events

Deoptimization events (0 events):
No events

Classes redefined (0 events):
No events

Internal exceptions (0 events):
No events

Events (0 events):
No events


Dynamic libraries:
0x00007ff700c60000 - 0x00007ff700c6f000 	C:\Program Files\Java\jdk-11.0.17\bin\java.exe
0x00007ffc72cd0000 - 0x00007ffc72ee4000 	C:\WINDOWS\SYSTEM32\ntdll.dll
0x00007ffc721d0000 - 0x00007ffc72292000 	C:\WINDOWS\System32\KERNEL32.DLL
0x00007ffc70110000 - 0x00007ffc704ac000 	C:\WINDOWS\System32\KERNELBASE.dll
0x00007ffc70940000 - 0x00007ffc70a51000 	C:\WINDOWS\System32\ucrtbase.dll
0x00007ffc651e0000 - 0x00007ffc651f8000 	C:\Program Files\Java\jdk-11.0.17\bin\jli.dll
0x00007ffc72be0000 - 0x00007ffc72c8e000 	C:\WINDOWS\System32\ADVAPI32.dll
0x00007ffc64bf0000 - 0x00007ffc64c05000 	C:\Program Files\Java\jdk-11.0.17\bin\VCRUNTIME140.dll
0x00007ffc71c10000 - 0x00007ffc71cb7000 	C:\WINDOWS\System32\msvcrt.dll
0x00007ffc72540000 - 0x00007ffc725e4000 	C:\WINDOWS\System32\sechost.dll
0x00007ffc71cc0000 - 0x00007ffc71dd7000 	C:\WINDOWS\System32\RPCRT4.dll
0x00007ffc72800000 - 0x00007ffc729ab000 	C:\WINDOWS\System32\USER32.dll
0x00007ffc706e0000 - 0x00007ffc70706000 	C:\WINDOWS\System32\win32u.dll
0x00007ffc660c0000 - 0x00007ffc6634e000 	C:\WINDOWS\WinSxS\amd64_microsoft.windows.common-controls_6595b64144ccf1df_6.0.22621.608_none_a9444ca7c10bb01d\COMCTL32.dll
0x00007ffc70ae0000 - 0x00007ffc70b09000 	C:\WINDOWS\System32\GDI32.dll
0x00007ffc70550000 - 0x00007ffc70663000 	C:\WINDOWS\System32\gdi32full.dll
0x00007ffc704b0000 - 0x00007ffc7054a000 	C:\WINDOWS\System32\msvcp_win.dll
0x00007ffc680d0000 - 0x00007ffc680da000 	C:\WINDOWS\SYSTEM32\VERSION.dll
0x00007ffc727c0000 - 0x00007ffc727f1000 	C:\WINDOWS\System32\IMM32.DLL
0x00007ffc41580000 - 0x00007ffc4161b000 	C:\Program Files\Java\jdk-11.0.17\bin\msvcp140.dll
0x00007ffc167e0000 - 0x00007ffc172fa000 	C:\Program Files\Java\jdk-11.0.17\bin\server\jvm.dll
0x00007ffc71ae0000 - 0x00007ffc71ae8000 	C:\WINDOWS\System32\PSAPI.DLL
0x00007ffc546f0000 - 0x00007ffc546f9000 	C:\WINDOWS\SYSTEM32\WSOCK32.dll
0x00007ffc688d0000 - 0x00007ffc68904000 	C:\WINDOWS\SYSTEM32\WINMM.dll
0x00007ffc71a60000 - 0x00007ffc71ad1000 	C:\WINDOWS\System32\WS2_32.dll
0x00007ffc6f120000 - 0x00007ffc6f138000 	C:\WINDOWS\SYSTEM32\kernel.appcore.dll
0x00007ffc653b0000 - 0x00007ffc653c0000 	C:\Program Files\Java\jdk-11.0.17\bin\verify.dll
0x00007ffc6da60000 - 0x00007ffc6dc8e000 	C:\WINDOWS\SYSTEM32\DBGHELP.DLL
0x00007ffc71e40000 - 0x00007ffc721c9000 	C:\WINDOWS\System32\combase.dll
0x00007ffc72460000 - 0x00007ffc72537000 	C:\WINDOWS\System32\OLEAUT32.dll
0x00007ffc66610000 - 0x00007ffc66642000 	C:\WINDOWS\SYSTEM32\dbgcore.DLL
0x00007ffc70a60000 - 0x00007ffc70adb000 	C:\WINDOWS\System32\bcryptPrimitives.dll
0x00007ffc56050000 - 0x00007ffc56078000 	C:\Program Files\Java\jdk-11.0.17\bin\java.dll
0x00007ffc64df0000 - 0x00007ffc64dfa000 	C:\Program Files\Java\jdk-11.0.17\bin\jimage.dll
0x00007ffc63610000 - 0x00007ffc63626000 	C:\Program Files\Java\jdk-11.0.17\bin\zip.dll

dbghelp: loaded successfully - version: 4.0.5 - missing functions: none
symbol engine: initialized successfully - sym options: 0x614 - pdb path: .;C:\Program Files\Java\jdk-11.0.17\bin;C:\WINDOWS\SYSTEM32;C:\WINDOWS\WinSxS\amd64_microsoft.windows.common-controls_6595b64144ccf1df_6.0.22621.608_none_a9444ca7c10bb01d;C:\Program Files\Java\jdk-11.0.17\bin\server

VM Arguments:
java_command: org.h2.tools.Console
java_class_path (initial): h2-2.1.214.jar;;C:\Program Files\Java\jdk-11.0.16\lib
Launcher Type: SUN_STANDARD

[Global flags]
     intx CICompilerCount                          = 4                                         {product} {ergonomic}
     uint ConcGCThreads                            = 2                                         {product} {ergonomic}
     uint G1ConcRefinementThreads                  = 8                                         {product} {ergonomic}
   size_t G1HeapRegionSize                         = 1048576                                   {product} {ergonomic}
    uintx GCDrainStackTargetSize                   = 64                                        {product} {ergonomic}
   size_t InitialHeapSize                          = 130023424                                 {product} {ergonomic}
   size_t MarkStackSize                            = 4194304                                   {product} {ergonomic}
   size_t MaxHeapSize                              = 2063597568                                {product} {ergonomic}
   size_t MinHeapDeltaBytes                        = 1048576                                   {product} {ergonomic}
    uintx NonNMethodCodeHeapSize                   = 5836300                                {pd product} {ergonomic}
    uintx NonProfiledCodeHeapSize                  = 122910970                              {pd product} {ergonomic}
    uintx ProfiledCodeHeapSize                     = 122910970                              {pd product} {ergonomic}
    uintx ReservedCodeCacheSize                    = 251658240                              {pd product} {ergonomic}
     bool SegmentedCodeCache                       = true                                      {product} {ergonomic}
     bool UseCompressedClassPointers               = true                                 {lp64_product} {ergonomic}
     bool UseCompressedOops                        = true                                 {lp64_product} {ergonomic}
     bool UseG1GC                                  = true                                      {product} {ergonomic}
     bool UseLargePagesIndividualAllocation        = false                                  {pd product} {ergonomic}

Logging:
Log output configuration:
 #0: stdout all=warning uptime,level,tags
 #1: stderr all=off uptime,level,tags

Environment Variables:
JAVA_HOME=C:\Program Files\Java\jdk-11.0.16
CLASSPATH=C:\Program Files\Java\jdk-11.0.16\lib
PATH=C:\Program Files\Common Files\Oracle\Java\javapath;C:\Program Files (x86)\Common Files\Oracle\Java\javapath;C:\oraclexe\app\oracle\product\11.2.0\server\bin;;C:\Program Files\NVIDIA GPU Computing Toolkit\CUDA\v11.7\bin;C:\Program Files\NVIDIA GPU Computing Toolkit\CUDA\v11.7\libnvvp;C:\WINDOWS\system32;C:\WINDOWS;C:\WINDOWS\System32\Wbem;C:\WINDOWS\System32\WindowsPowerShell\v1.0\;C:\WINDOWS\System32\OpenSSH\;C:\Program Files\Bandizip\;C:\Program Files\Git\cmd;C:\Program Files\nodejs\;C:\MinGW\bin;C:\Program Files\Java\jdk-11.0.16\bin;C:\Program Files\NVIDIA Corporation\Nsight Compute 2022.2.1\;C:\Program Files (x86)\NVIDIA Corporation\PhysX\Common;C:\Program Files\TortoiseGit\bin;C:\Program Files\Docker\Docker\resources\bin;C:\Program Files\dotnet\;C:\WINDOWS\system32;C:\WINDOWS;C:\WINDOWS\System32\Wbem;C:\WINDOWS\System32\WindowsPowerShell\v1.0\;C:\WINDOWS\System32\OpenSSH\;C:\Users\user\AppData\Local\Programs\Python\Python39\Scripts\;C:\Users\user\AppData\Local\Programs\Python\Python39\;C:\Users\user\AppData\Local\Microsoft\WindowsApps;C:\Users\user\AppData\Local\GitHubDesktop\bin;C:\Users\user\AppData\Roaming\npm;C:\Program Files\JetBrains\PyCharm Community Edition 2022.2.1\bin;;C:\Program Files\JetBrains\IntelliJ IDEA Community Edition 2022.3.2\bin;;
USERNAME=user
OS=Windows_NT
PROCESSOR_IDENTIFIER=Intel64 Family 6 Model 140 Stepping 1, GenuineIntel



---------------  S Y S T E M  ---------------

OS: Windows 11 , 64 bit Build 22621 (10.0.22621.1485)
Hyper-V role detected

CPU:total 8 (initial active 8) (4 cores per cpu, 2 threads per core) family 6 model 140 stepping 1 microcode 0x9a, cmov, cx8, fxsr, mmx, sse, sse2, sse3, ssse3, sse4.1, sse4.2, popcnt, avx, avx2, aes, clmul, erms, 3dnowpref, lzcnt, ht, tsc, tscinvbit, bmi1, bmi2, adx, evex, sha, fma

Memory: 4k page, system-wide physical 7865M (598M free)
TotalPageFile size 11961M (AvailPageFile size 2M)
current process WorkingSet (physical memory assigned to process): 14M, peak: 14M
current process commit charge ("private bytes"): 188M, peak: 188M

vm_info: Java HotSpot(TM) 64-Bit Server VM (11.0.17+10-LTS-269) for windows-amd64 JRE (11.0.17+10-LTS-269), built on Sep 13 2022 19:26:37 by "mach5one" with MS VC++ 15.9 (VS2017)

END.
