#
# There is insufficient memory for the Java Runtime Environment to continue.
# Native memory allocation (malloc) failed to allocate 1094256 bytes for Chunk::new
# Possible reasons:
#   The system is out of physical RAM or swap space
#   The process is running with CompressedOops enabled, and the Java Heap may be blocking the growth of the native heap
# Possible solutions:
#   Reduce memory load on the system
#   Increase physical memory or swap space
#   Check if swap backing store is full
#   Decrease Java heap size (-Xmx/-Xms)
#   Decrease number of Java threads
#   Decrease Java thread stack sizes (-Xss)
#   Set larger code cache with -XX:ReservedCodeCacheSize=
#   JVM is running with Unscaled Compressed Oops mode in which the Java heap is
#     placed in the first 4GB address space. The Java Heap base address is the
#     maximum limit for the native heap growth. Please use -XX:HeapBaseMinAddress
#     to set the Java Heap base and to place the Java Heap above 4GB virtual address.
# This output file may be truncated or incomplete.
#
#  Out of Memory Error (./open/src/hotspot/share/memory/arena.cpp:197), pid=2908, tid=29376
#
# JRE version: Java(TM) SE Runtime Environment 18.9 (11.0.17+10) (build 11.0.17+10-LTS-269)
# Java VM: Java HotSpot(TM) 64-Bit Server VM 18.9 (11.0.17+10-LTS-269, mixed mode, tiered, compressed oops, g1 gc, windows-amd64)
# No core dump will be written. Minidumps are not enabled by default on client versions of Windows
#

---------------  S U M M A R Y ------------

Command Line: --add-opens=java.base/java.util=ALL-UNNAMED --add-opens=java.base/java.lang=ALL-UNNAMED --add-opens=java.base/java.lang.invoke=ALL-UNNAMED --add-opens=java.prefs/java.util.prefs=ALL-UNNAMED --add-opens=java.base/java.nio.charset=ALL-UNNAMED --add-opens=java.base/java.net=ALL-UNNAMED --add-opens=java.base/java.util.concurrent.atomic=ALL-UNNAMED -XX:MaxMetaspaceSize=256m -XX:+HeapDumpOnOutOfMemoryError -Xms256m -Xmx512m -Dfile.encoding=x-windows-949 -Duser.country=KR -Duser.language=ko -Duser.variant org.gradle.launcher.daemon.bootstrap.GradleDaemon 7.6.1

Host: 11th Gen Intel(R) Core(TM) i7-1165G7 @ 2.80GHz, 8 cores, 7G,  Windows 11 , 64 bit Build 22621 (10.0.22621.1485)
Time: Mon May 22 08:52:22 2023  Windows 11 , 64 bit Build 22621 (10.0.22621.1485) elapsed time: 62.259832 seconds (0d 0h 1m 2s)

---------------  T H R E A D  ---------------

Current thread (0x000001b3290af800):  JavaThread "C2 CompilerThread0" daemon [_thread_in_native, id=29376, stack(0x00000092d1c00000,0x00000092d1d00000)]


Current CompileTask:
C2:  62260 10326       4       org.gradle.api.internal.artifacts.ivyservice.resolveengine.result.DesugaredAttributeContainerSerializer::read (155 bytes)

Stack: [0x00000092d1c00000,0x00000092d1d00000]
Native frames: (J=compiled Java code, j=interpreted, Vv=VM code, C=native code)
V  [jvm.dll+0x62b5da]
V  [jvm.dll+0x7653df]
V  [jvm.dll+0x766a89]
V  [jvm.dll+0x767113]
V  [jvm.dll+0x23dd28]
V  [jvm.dll+0xb2a1c]
V  [jvm.dll+0xb2fdc]
V  [jvm.dll+0x341597]
V  [jvm.dll+0x30ef13]
V  [jvm.dll+0x30e25a]
V  [jvm.dll+0x1f8733]
V  [jvm.dll+0x1f78fd]
V  [jvm.dll+0x177c91]
V  [jvm.dll+0x207296]
V  [jvm.dll+0x20542b]
V  [jvm.dll+0x72b2c0]
V  [jvm.dll+0x723e64]
V  [jvm.dll+0x62a485]
C  [ucrtbase.dll+0x29363]
C  [KERNEL32.DLL+0x1269d]
C  [ntdll.dll+0x5a9f8]


---------------  P R O C E S S  ---------------

Threads class SMR info:
_java_thread_list=0x000001b32ec8ebe0, length=135, elements={
0x000001b30e0d6800, 0x000001b328831000, 0x000001b328834000, 0x000001b3290ab000,
0x000001b3290ac000, 0x000001b3290ae000, 0x000001b3290af800, 0x000001b328849000,
0x000001b32884c000, 0x000001b32921f800, 0x000001b32b801000, 0x000001b32931d800,
0x000001b32b924000, 0x000001b32c4c1800, 0x000001b32b272000, 0x000001b32b4e1000,
0x000001b32b4e4800, 0x000001b32b4de800, 0x000001b32b4df800, 0x000001b32b4e0000,
0x000001b32b4e2800, 0x000001b32cf06000, 0x000001b32cf07800, 0x000001b32cf02000,
0x000001b32cf0c800, 0x000001b32cf09800, 0x000001b32cf0b000, 0x000001b32cf0d800,
0x000001b32cf0e000, 0x000001b32cf0f000, 0x000001b32c652000, 0x000001b32c99c800,
0x000001b32ea3b800, 0x000001b32d2f4000, 0x000001b32d2f0800, 0x000001b32d2f5000,
0x000001b32d2ef000, 0x000001b32c9a0000, 0x000001b32c99e800, 0x000001b32c99f000,
0x000001b32c99a000, 0x000001b32c9a0800, 0x000001b32b464000, 0x000001b32c99c000,
0x000001b32c99d800, 0x000001b32c99b000, 0x000001b32c9a6800, 0x000001b32c9a2800,
0x000001b32c9a7000, 0x000001b32c9a1800, 0x000001b32c9a4000, 0x000001b32c9a5800,
0x000001b32c9a5000, 0x000001b32c9a9000, 0x000001b32c9a8000, 0x000001b32c9a3000,
0x000001b32ea34800, 0x000001b32ea36800, 0x000001b32ea35000, 0x000001b32ea31000,
0x000001b32ea36000, 0x000001b32ea33800, 0x000001b32ea32000, 0x000001b32ea37800,
0x000001b32ea32800, 0x000001b32ea3c800, 0x000001b32ea3d000, 0x000001b32ea3e000,
0x000001b32ea38800, 0x000001b32ea39000, 0x000001b32ea3a000, 0x000001b32ea3b000,
0x000001b32ea3f000, 0x000001b32ea3f800, 0x000001b32c64a000, 0x000001b32c647800,
0x000001b32c644000, 0x000001b32c646000, 0x000001b32c646800, 0x000001b32c648000,
0x000001b32c649000, 0x000001b32c64a800, 0x000001b32c645000, 0x000001b32c64d000,
0x000001b32c64f800, 0x000001b32c64e000, 0x000001b32c64f000, 0x000001b32c650800,
0x000001b32c64b800, 0x000001b32c64c800, 0x000001b32c653000, 0x000001b32d2f1800,
0x000001b32d2f3000, 0x000001b32d2f0000, 0x000001b32d2f2800, 0x000001b32d2ee000,
0x000001b32d2f6800, 0x000001b32d2f9800, 0x000001b32d2f9000, 0x000001b32d2f7000,
0x000001b32d2fa800, 0x000001b32d2fb800, 0x000001b32d2f5800, 0x000001b32d2f8000,
0x000001b32d2fc000, 0x000001b32d2fd000, 0x000001b32cf0a000, 0x000001b32cf04800,
0x000001b32cf05000, 0x000001b32cf10800, 0x000001b32cf10000, 0x000001b32b4e2000,
0x000001b32b4e5000, 0x000001b32b4e3800, 0x000001b32e5e2800, 0x000001b32e5e4800,
0x000001b32e5e5800, 0x000001b32e5e6800, 0x000001b32e5e4000, 0x000001b32e5e9000,
0x000001b32e5e3000, 0x000001b32e5e7000, 0x000001b32e5e8000, 0x000001b32a151800,
0x000001b32a14d800, 0x000001b32a152800, 0x000001b32a14e800, 0x000001b32a150000,
0x000001b32a14f000, 0x000001b32a151000, 0x000001b32a14d000, 0x000001b32a154000,
0x000001b32a157800, 0x000001b32a156800, 0x000001b32a156000
}

Java Threads: ( => current thread )
  0x000001b30e0d6800 JavaThread "main" [_thread_blocked, id=14324, stack(0x00000092d1000000,0x00000092d1100000)]
  0x000001b328831000 JavaThread "Reference Handler" daemon [_thread_blocked, id=2244, stack(0x00000092d1700000,0x00000092d1800000)]
  0x000001b328834000 JavaThread "Finalizer" daemon [_thread_blocked, id=27380, stack(0x00000092d1800000,0x00000092d1900000)]
  0x000001b3290ab000 JavaThread "Signal Dispatcher" daemon [_thread_blocked, id=29928, stack(0x00000092d1900000,0x00000092d1a00000)]
  0x000001b3290ac000 JavaThread "Attach Listener" daemon [_thread_blocked, id=26468, stack(0x00000092d1a00000,0x00000092d1b00000)]
  0x000001b3290ae000 JavaThread "Service Thread" daemon [_thread_blocked, id=24216, stack(0x00000092d1b00000,0x00000092d1c00000)]
=>0x000001b3290af800 JavaThread "C2 CompilerThread0" daemon [_thread_in_native, id=29376, stack(0x00000092d1c00000,0x00000092d1d00000)]
  0x000001b328849000 JavaThread "C1 CompilerThread0" daemon [_thread_blocked, id=31012, stack(0x00000092d1d00000,0x00000092d1e00000)]
  0x000001b32884c000 JavaThread "Sweeper thread" daemon [_thread_blocked, id=14168, stack(0x00000092d1e00000,0x00000092d1f00000)]
  0x000001b32921f800 JavaThread "Common-Cleaner" daemon [_thread_blocked, id=24508, stack(0x00000092d1f00000,0x00000092d2000000)]
  0x000001b32b801000 JavaThread "Daemon health stats" [_thread_blocked, id=9452, stack(0x00000092d2700000,0x00000092d2800000)]
  0x000001b32931d800 JavaThread "Incoming local TCP Connector on port 52690" [_thread_in_native, id=15736, stack(0x00000092d2100000,0x00000092d2200000)]
  0x000001b32b924000 JavaThread "Daemon periodic checks" [_thread_blocked, id=15696, stack(0x00000092d2800000,0x00000092d2900000)]
  0x000001b32c4c1800 JavaThread "Daemon" [_thread_blocked, id=29944, stack(0x00000092d2900000,0x00000092d2a00000)]
  0x000001b32b272000 JavaThread "Daemon worker" [_thread_blocked, id=26472, stack(0x00000092d2c00000,0x00000092d2d00000)]
  0x000001b32b4e1000 JavaThread "Cache worker for journal cache (C:\Users\user\.gradle\caches\journal-1)" [_thread_blocked, id=6348, stack(0x00000092d3000000,0x00000092d3100000)]
  0x000001b32b4e4800 JavaThread "File lock request listener" [_thread_in_native, id=516, stack(0x00000092d3300000,0x00000092d3400000)]
  0x000001b32b4de800 JavaThread "Cache worker for file hash cache (C:\Users\user\.gradle\caches\7.6.1\fileHashes)" [_thread_blocked, id=23284, stack(0x00000092d3400000,0x00000092d3500000)]
  0x000001b32b4df800 JavaThread "File watcher server" daemon [_thread_in_native, id=4004, stack(0x00000092d3600000,0x00000092d3700000)]
  0x000001b32b4e0000 JavaThread "File watcher consumer" daemon [_thread_blocked, id=5440, stack(0x00000092d3700000,0x00000092d3800000)]
  0x000001b32b4e2800 JavaThread "Cache worker for file content cache (C:\Users\user\.gradle\caches\7.6.1\fileContent)" [_thread_blocked, id=21900, stack(0x00000092d3a00000,0x00000092d3b00000)]
  0x000001b32cf06000 JavaThread "Cache worker for execution history cache (C:\Users\user\.gradle\caches\7.6.1\executionHistory)" [_thread_blocked, id=2792, stack(0x00000092d3d00000,0x00000092d3e00000)]
  0x000001b32cf07800 JavaThread "jar transforms" [_thread_blocked, id=21536, stack(0x00000092d3e00000,0x00000092d3f00000)]
  0x000001b32cf02000 JavaThread "jar transforms Thread 2" [_thread_blocked, id=16188, stack(0x00000092d3f00000,0x00000092d4000000)]
  0x000001b32cf0c800 JavaThread "jar transforms Thread 3" [_thread_blocked, id=332, stack(0x00000092d4000000,0x00000092d4100000)]
  0x000001b32cf09800 JavaThread "jar transforms Thread 4" [_thread_blocked, id=912, stack(0x00000092d4100000,0x00000092d4200000)]
  0x000001b32cf0b000 JavaThread "jar transforms Thread 5" [_thread_blocked, id=4288, stack(0x00000092d4200000,0x00000092d4300000)]
  0x000001b32cf0d800 JavaThread "jar transforms Thread 6" [_thread_blocked, id=23748, stack(0x00000092d4300000,0x00000092d4400000)]
  0x000001b32cf0e000 JavaThread "jar transforms Thread 7" [_thread_blocked, id=26728, stack(0x00000092d4400000,0x00000092d4500000)]
  0x000001b32cf0f000 JavaThread "jar transforms Thread 8" [_thread_blocked, id=25148, stack(0x00000092d4500000,0x00000092d4600000)]
  0x000001b32c652000 JavaThread "Memory manager" [_thread_blocked, id=24568, stack(0x00000092d5b00000,0x00000092d5c00000)]
  0x000001b32c99c800 JavaThread "included builds" [_thread_blocked, id=12344, stack(0x00000092d5c00000,0x00000092d5d00000)]
  0x000001b32ea3b800 JavaThread "Cache worker for Java compile cache (C:\Users\user\.gradle\caches\7.6.1\javaCompile)" [_thread_blocked, id=28984, stack(0x00000092da200000,0x00000092da300000)]
  0x000001b32d2f4000 JavaThread "Exec process" [_thread_blocked, id=18384, stack(0x00000092daf00000,0x00000092db000000)]
  0x000001b32d2f0800 JavaThread "Exec process Thread 2" [_thread_blocked, id=30888, stack(0x00000092db100000,0x00000092db200000)]
  0x000001b32d2f5000 JavaThread "Exec process Thread 3" [_thread_blocked, id=13504, stack(0x00000092db200000,0x00000092db300000)]
  0x000001b32d2ef000 JavaThread "Exec process Thread 4" [_thread_blocked, id=22256, stack(0x00000092db300000,0x00000092db400000)]
  0x000001b32c9a0000 JavaThread "Handler for socket connection from /127.0.0.1:52690 to /127.0.0.1:52844" [_thread_in_native, id=14332, stack(0x00000092d0d00000,0x00000092d0e00000)]
  0x000001b32c99e800 JavaThread "Cancel handler" [_thread_blocked, id=29552, stack(0x00000092d0f00000,0x00000092d1000000)]
  0x000001b32c99f000 JavaThread "Asynchronous log dispatcher for DefaultDaemonConnection: socket connection from /127.0.0.1:52690 to /127.0.0.1:52844" [_thread_blocked, id=30676, stack(0x00000092d2b00000,0x00000092d2c00000)]
  0x000001b32c99a000 JavaThread "Stdin handler" [_thread_blocked, id=17440, stack(0x00000092d2d00000,0x00000092d2e00000)]
  0x000001b32c9a0800 JavaThread "Daemon client event forwarder" [_thread_blocked, id=24952, stack(0x00000092d2e00000,0x00000092d2f00000)]
  0x000001b32b464000 JavaThread "C2 CompilerThread1" daemon [_thread_in_native, id=6336, stack(0x00000092d2f00000,0x00000092d3000000)]
  0x000001b32c99c000 JavaThread "Cache worker for checksums cache (C:\Users\user\Desktop\2학년 전공수업\Java\spring 실습\todolist\.gradle\7.6.1\checksums)" [_thread_blocked, id=17944, stack(0x00000092d3800000,0x00000092d3900000)]
  0x000001b32c99d800 JavaThread "Cache worker for cache directory md-rule (C:\Users\user\.gradle\caches\7.6.1\md-rule)" [_thread_blocked, id=12176, stack(0x00000092d3900000,0x00000092d3a00000)]
  0x000001b32c99b000 JavaThread "Cache worker for file hash cache (C:\Users\user\Desktop\2학년 전공수업\Java\spring 실습\todolist\.gradle\7.6.1\fileHashes)" [_thread_blocked, id=4160, stack(0x00000092d3b00000,0x00000092d3c00000)]
  0x000001b32c9a6800 JavaThread "Cache worker for cache directory md-supplier (C:\Users\user\.gradle\caches\7.6.1\md-supplier)" [_thread_blocked, id=26848, stack(0x00000092d3c00000,0x00000092d3d00000)]
  0x000001b32c9a2800 JavaThread "Cache worker for dependencies-accessors (C:\Users\user\Desktop\2학년 전공수업\Java\spring 실습\todolist\.gradle\7.6.1\dependencies-accessors)" [_thread_blocked, id=11980, stack(0x00000092d4600000,0x00000092d4700000)]
  0x000001b32c9a7000 JavaThread "Cache worker for Build Output Cleanup Cache (C:\Users\user\Desktop\2학년 전공수업\Java\spring 실습\todolist\.gradle\buildOutputCleanup)" [_thread_blocked, id=31164, stack(0x00000092d4700000,0x00000092d4800000)]
  0x000001b32c9a1800 JavaThread "Unconstrained build operations" [_thread_blocked, id=31680, stack(0x00000092d4900000,0x00000092d4a00000)]
  0x000001b32c9a4000 JavaThread "Unconstrained build operations Thread 2" [_thread_blocked, id=31576, stack(0x00000092d4a00000,0x00000092d4b00000)]
  0x000001b32c9a5800 JavaThread "Unconstrained build operations Thread 3" [_thread_blocked, id=22208, stack(0x00000092d4b00000,0x00000092d4c00000)]
  0x000001b32c9a5000 JavaThread "Unconstrained build operations Thread 4" [_thread_blocked, id=21804, stack(0x00000092d4c00000,0x00000092d4d00000)]
  0x000001b32c9a9000 JavaThread "Unconstrained build operations Thread 5" [_thread_blocked, id=25572, stack(0x00000092d4d00000,0x00000092d4e00000)]
  0x000001b32c9a8000 JavaThread "Unconstrained build operations Thread 6" [_thread_blocked, id=22124, stack(0x00000092d4e00000,0x00000092d4f00000)]
  0x000001b32c9a3000 JavaThread "Unconstrained build operations Thread 7" [_thread_blocked, id=26732, stack(0x00000092d4f00000,0x00000092d5000000)]
  0x000001b32ea34800 JavaThread "Unconstrained build operations Thread 8" [_thread_blocked, id=17140, stack(0x00000092d5000000,0x00000092d5100000)]
  0x000001b32ea36800 JavaThread "Unconstrained build operations Thread 9" [_thread_blocked, id=23952, stack(0x00000092d5100000,0x00000092d5200000)]
  0x000001b32ea35000 JavaThread "Unconstrained build operations Thread 10" [_thread_blocked, id=28868, stack(0x00000092d5200000,0x00000092d5300000)]
  0x000001b32ea31000 JavaThread "Unconstrained build operations Thread 11" [_thread_blocked, id=20640, stack(0x00000092d5300000,0x00000092d5400000)]
  0x000001b32ea36000 JavaThread "Unconstrained build operations Thread 12" [_thread_blocked, id=6500, stack(0x00000092d5400000,0x00000092d5500000)]
  0x000001b32ea33800 JavaThread "Unconstrained build operations Thread 13" [_thread_blocked, id=21892, stack(0x00000092d5500000,0x00000092d5600000)]
  0x000001b32ea32000 JavaThread "Unconstrained build operations Thread 14" [_thread_blocked, id=22788, stack(0x00000092d5600000,0x00000092d5700000)]
  0x000001b32ea37800 JavaThread "Unconstrained build operations Thread 15" [_thread_blocked, id=2080, stack(0x00000092d5700000,0x00000092d5800000)]
  0x000001b32ea32800 JavaThread "Unconstrained build operations Thread 16" [_thread_blocked, id=27324, stack(0x00000092d5800000,0x00000092d5900000)]
  0x000001b32ea3c800 JavaThread "Unconstrained build operations Thread 17" [_thread_blocked, id=26120, stack(0x00000092d5900000,0x00000092d5a00000)]
  0x000001b32ea3d000 JavaThread "Unconstrained build operations Thread 18" [_thread_blocked, id=24492, stack(0x00000092d5a00000,0x00000092d5b00000)]
  0x000001b32ea3e000 JavaThread "included builds" [_thread_blocked, id=3496, stack(0x00000092d5d00000,0x00000092d5e00000)]
  0x000001b32ea38800 JavaThread "Execution worker" [_thread_in_native, id=10664, stack(0x00000092d5e00000,0x00000092d5f00000)]
  0x000001b32ea39000 JavaThread "Execution worker Thread 2" [_thread_blocked, id=30420, stack(0x00000092d5f00000,0x00000092d6000000)]
  0x000001b32ea3a000 JavaThread "Execution worker Thread 3" [_thread_blocked, id=26240, stack(0x00000092d6000000,0x00000092d6100000)]
  0x000001b32ea3b000 JavaThread "Execution worker Thread 4" [_thread_blocked, id=26500, stack(0x00000092d6100000,0x00000092d6200000)]
  0x000001b32ea3f000 JavaThread "Execution worker Thread 5" [_thread_blocked, id=30080, stack(0x00000092d6200000,0x00000092d6300000)]
  0x000001b32ea3f800 JavaThread "Execution worker Thread 6" [_thread_blocked, id=2680, stack(0x00000092d6300000,0x00000092d6400000)]
  0x000001b32c64a000 JavaThread "Execution worker Thread 7" [_thread_blocked, id=20792, stack(0x00000092d6400000,0x00000092d6500000)]
  0x000001b32c647800 JavaThread "Cache worker for execution history cache (C:\Users\user\Desktop\2학년 전공수업\Java\spring 실습\todolist\.gradle\7.6.1\executionHistory)" [_thread_blocked, id=14732, stack(0x00000092d6500000,0x00000092d6600000)]
  0x000001b32c644000 JavaThread "Unconstrained build operations Thread 19" [_thread_blocked, id=10916, stack(0x00000092d6600000,0x00000092d6700000)]
  0x000001b32c646000 JavaThread "Unconstrained build operations Thread 20" [_thread_blocked, id=28180, stack(0x00000092d6700000,0x00000092d6800000)]
  0x000001b32c646800 JavaThread "Unconstrained build operations Thread 21" [_thread_blocked, id=25216, stack(0x00000092d6800000,0x00000092d6900000)]
  0x000001b32c648000 JavaThread "Unconstrained build operations Thread 22" [_thread_blocked, id=22532, stack(0x00000092d6900000,0x00000092d6a00000)]
  0x000001b32c649000 JavaThread "Unconstrained build operations Thread 23" [_thread_blocked, id=21352, stack(0x00000092d6a00000,0x00000092d6b00000)]
  0x000001b32c64a800 JavaThread "Unconstrained build operations Thread 24" [_thread_blocked, id=24076, stack(0x00000092d6b00000,0x00000092d6c00000)]
  0x000001b32c645000 JavaThread "Unconstrained build operations Thread 25" [_thread_blocked, id=6296, stack(0x00000092d6c00000,0x00000092d6d00000)]
  0x000001b32c64d000 JavaThread "Unconstrained build operations Thread 26" [_thread_blocked, id=27260, stack(0x00000092d6d00000,0x00000092d6e00000)]
  0x000001b32c64f800 JavaThread "Unconstrained build operations Thread 27" [_thread_blocked, id=30052, stack(0x00000092d6e00000,0x00000092d6f00000)]
  0x000001b32c64e000 JavaThread "Unconstrained build operations Thread 28" [_thread_blocked, id=6048, stack(0x00000092d6f00000,0x00000092d7000000)]
  0x000001b32c64f000 JavaThread "Unconstrained build operations Thread 29" [_thread_blocked, id=18436, stack(0x00000092d7000000,0x00000092d7100000)]
  0x000001b32c650800 JavaThread "Unconstrained build operations Thread 30" [_thread_blocked, id=30368, stack(0x00000092d7100000,0x00000092d7200000)]
  0x000001b32c64b800 JavaThread "Unconstrained build operations Thread 31" [_thread_blocked, id=23404, stack(0x00000092d7200000,0x00000092d7300000)]
  0x000001b32c64c800 JavaThread "Unconstrained build operations Thread 32" [_thread_blocked, id=2272, stack(0x00000092d7300000,0x00000092d7400000)]
  0x000001b32c653000 JavaThread "Unconstrained build operations Thread 33" [_thread_blocked, id=17228, stack(0x00000092d7400000,0x00000092d7500000)]
  0x000001b32d2f1800 JavaThread "Unconstrained build operations Thread 34" [_thread_blocked, id=21776, stack(0x00000092d7500000,0x00000092d7600000)]
  0x000001b32d2f3000 JavaThread "Unconstrained build operations Thread 35" [_thread_blocked, id=22612, stack(0x00000092d7600000,0x00000092d7700000)]
  0x000001b32d2f0000 JavaThread "Unconstrained build operations Thread 36" [_thread_blocked, id=25776, stack(0x00000092d7700000,0x00000092d7800000)]
  0x000001b32d2f2800 JavaThread "Unconstrained build operations Thread 37" [_thread_blocked, id=29692, stack(0x00000092d7800000,0x00000092d7900000)]
  0x000001b32d2ee000 JavaThread "Unconstrained build operations Thread 38" [_thread_blocked, id=24612, stack(0x00000092d7900000,0x00000092d7a00000)]
  0x000001b32d2f6800 JavaThread "Unconstrained build operations Thread 39" [_thread_blocked, id=19308, stack(0x00000092d7a00000,0x00000092d7b00000)]
  0x000001b32d2f9800 JavaThread "Unconstrained build operations Thread 40" [_thread_blocked, id=14624, stack(0x00000092d7b00000,0x00000092d7c00000)]
  0x000001b32d2f9000 JavaThread "Unconstrained build operations Thread 41" [_thread_blocked, id=14804, stack(0x00000092d7c00000,0x00000092d7d00000)]
  0x000001b32d2f7000 JavaThread "Unconstrained build operations Thread 42" [_thread_blocked, id=14428, stack(0x00000092d7d00000,0x00000092d7e00000)]
  0x000001b32d2fa800 JavaThread "Unconstrained build operations Thread 43" [_thread_blocked, id=6880, stack(0x00000092d7e00000,0x00000092d7f00000)]
  0x000001b32d2fb800 JavaThread "Unconstrained build operations Thread 44" [_thread_blocked, id=25948, stack(0x00000092d7f00000,0x00000092d8000000)]
  0x000001b32d2f5800 JavaThread "Unconstrained build operations Thread 45" [_thread_blocked, id=21480, stack(0x00000092d8000000,0x00000092d8100000)]
  0x000001b32d2f8000 JavaThread "Unconstrained build operations Thread 46" [_thread_blocked, id=23504, stack(0x00000092d8100000,0x00000092d8200000)]
  0x000001b32d2fc000 JavaThread "Unconstrained build operations Thread 47" [_thread_blocked, id=25548, stack(0x00000092d8200000,0x00000092d8300000)]
  0x000001b32d2fd000 JavaThread "Unconstrained build operations Thread 48" [_thread_blocked, id=27888, stack(0x00000092d8300000,0x00000092d8400000)]
  0x000001b32cf0a000 JavaThread "Unconstrained build operations Thread 49" [_thread_blocked, id=19928, stack(0x00000092d8400000,0x00000092d8500000)]
  0x000001b32cf04800 JavaThread "Unconstrained build operations Thread 50" [_thread_blocked, id=26812, stack(0x00000092d8500000,0x00000092d8600000)]
  0x000001b32cf05000 JavaThread "Unconstrained build operations Thread 51" [_thread_blocked, id=24740, stack(0x00000092d8600000,0x00000092d8700000)]
  0x000001b32cf10800 JavaThread "Unconstrained build operations Thread 52" [_thread_blocked, id=31648, stack(0x00000092d8700000,0x00000092d8800000)]
  0x000001b32cf10000 JavaThread "Unconstrained build operations Thread 53" [_thread_blocked, id=13132, stack(0x00000092d8800000,0x00000092d8900000)]
  0x000001b32b4e2000 JavaThread "Unconstrained build operations Thread 54" [_thread_blocked, id=15396, stack(0x00000092d8900000,0x00000092d8a00000)]
  0x000001b32b4e5000 JavaThread "Unconstrained build operations Thread 55" [_thread_blocked, id=22836, stack(0x00000092d8a00000,0x00000092d8b00000)]
  0x000001b32b4e3800 JavaThread "Unconstrained build operations Thread 56" [_thread_blocked, id=7400, stack(0x00000092d8b00000,0x00000092d8c00000)]
  0x000001b32e5e2800 JavaThread "Unconstrained build operations Thread 57" [_thread_blocked, id=23800, stack(0x00000092d8c00000,0x00000092d8d00000)]
  0x000001b32e5e4800 JavaThread "Unconstrained build operations Thread 58" [_thread_blocked, id=2920, stack(0x00000092d8d00000,0x00000092d8e00000)]
  0x000001b32e5e5800 JavaThread "Unconstrained build operations Thread 59" [_thread_blocked, id=8444, stack(0x00000092d8e00000,0x00000092d8f00000)]
  0x000001b32e5e6800 JavaThread "Unconstrained build operations Thread 60" [_thread_blocked, id=19412, stack(0x00000092d8f00000,0x00000092d9000000)]
  0x000001b32e5e4000 JavaThread "Unconstrained build operations Thread 61" [_thread_blocked, id=31332, stack(0x00000092d9000000,0x00000092d9100000)]
  0x000001b32e5e9000 JavaThread "Unconstrained build operations Thread 62" [_thread_blocked, id=9344, stack(0x00000092d9100000,0x00000092d9200000)]
  0x000001b32e5e3000 JavaThread "Unconstrained build operations Thread 63" [_thread_blocked, id=28864, stack(0x00000092d9200000,0x00000092d9300000)]
  0x000001b32e5e7000 JavaThread "Unconstrained build operations Thread 64" [_thread_blocked, id=29556, stack(0x00000092d9300000,0x00000092d9400000)]
  0x000001b32e5e8000 JavaThread "Unconstrained build operations Thread 65" [_thread_blocked, id=17436, stack(0x00000092d9400000,0x00000092d9500000)]
  0x000001b32a151800 JavaThread "Unconstrained build operations Thread 66" [_thread_blocked, id=25892, stack(0x00000092d9500000,0x00000092d9600000)]
  0x000001b32a14d800 JavaThread "Unconstrained build operations Thread 67" [_thread_blocked, id=10376, stack(0x00000092d9600000,0x00000092d9700000)]
  0x000001b32a152800 JavaThread "Unconstrained build operations Thread 68" [_thread_blocked, id=8220, stack(0x00000092d9700000,0x00000092d9800000)]
  0x000001b32a14e800 JavaThread "Unconstrained build operations Thread 69" [_thread_blocked, id=16008, stack(0x00000092d9800000,0x00000092d9900000)]
  0x000001b32a150000 JavaThread "Unconstrained build operations Thread 70" [_thread_blocked, id=14408, stack(0x00000092d9900000,0x00000092d9a00000)]
  0x000001b32a14f000 JavaThread "Unconstrained build operations Thread 71" [_thread_blocked, id=30328, stack(0x00000092d9a00000,0x00000092d9b00000)]
  0x000001b32a151000 JavaThread "Unconstrained build operations Thread 72" [_thread_blocked, id=21724, stack(0x00000092d9b00000,0x00000092d9c00000)]
  0x000001b32a14d000 JavaThread "Unconstrained build operations Thread 73" [_thread_blocked, id=30140, stack(0x00000092d9c00000,0x00000092d9d00000)]
  0x000001b32a154000 JavaThread "Unconstrained build operations Thread 74" [_thread_blocked, id=23532, stack(0x00000092d9d00000,0x00000092d9e00000)]
  0x000001b32a157800 JavaThread "Unconstrained build operations Thread 75" [_thread_blocked, id=22504, stack(0x00000092d9e00000,0x00000092d9f00000)]
  0x000001b32a156800 JavaThread "Unconstrained build operations Thread 76" [_thread_blocked, id=28408, stack(0x00000092d9f00000,0x00000092da000000)]
  0x000001b32a156000 JavaThread "Unconstrained build operations Thread 77" [_thread_blocked, id=31196, stack(0x00000092da000000,0x00000092da100000)]

Other Threads:
  0x000001b32880c000 VMThread "VM Thread" [stack: 0x00000092d1600000,0x00000092d1700000] [id=22560]
  0x000001b32924d800 WatcherThread [stack: 0x00000092d2000000,0x00000092d2100000] [id=7384]
  0x000001b30e0eb800 GCTaskThread "GC Thread#0" [stack: 0x00000092d1100000,0x00000092d1200000] [id=1336]
  0x000001b329e8d000 GCTaskThread "GC Thread#1" [stack: 0x00000092d2200000,0x00000092d2300000] [id=31288]
  0x000001b32a7d6800 GCTaskThread "GC Thread#2" [stack: 0x00000092d2300000,0x00000092d2400000] [id=17084]
  0x000001b32a4f2000 GCTaskThread "GC Thread#3" [stack: 0x00000092d2400000,0x00000092d2500000] [id=23084]
  0x000001b32a046800 GCTaskThread "GC Thread#4" [stack: 0x00000092d2500000,0x00000092d2600000] [id=30536]
  0x000001b329ee4000 GCTaskThread "GC Thread#5" [stack: 0x00000092d2600000,0x00000092d2700000] [id=21844]
  0x000001b32b038000 GCTaskThread "GC Thread#6" [stack: 0x00000092d3100000,0x00000092d3200000] [id=23572]
  0x000001b32c6af000 GCTaskThread "GC Thread#7" [stack: 0x00000092d3200000,0x00000092d3300000] [id=11056]
  0x000001b30e0fc800 ConcurrentGCThread "G1 Main Marker" [stack: 0x00000092d1200000,0x00000092d1300000] [id=29908]
  0x000001b30e100000 ConcurrentGCThread "G1 Conc#0" [stack: 0x00000092d1300000,0x00000092d1400000] [id=20476]
  0x000001b32a549000 ConcurrentGCThread "G1 Conc#1" [stack: 0x00000092d3500000,0x00000092d3600000] [id=27684]
  0x000001b3286a8800 ConcurrentGCThread "G1 Refine#0" [stack: 0x00000092d1400000,0x00000092d1500000] [id=11436]
  0x000001b32ebc9000 ConcurrentGCThread "G1 Refine#1" [stack: 0x00000092dab00000,0x00000092dac00000] [id=17168]
  0x000001b32ebc7000 ConcurrentGCThread "G1 Refine#2" [stack: 0x00000092dac00000,0x00000092dad00000] [id=13056]
  0x000001b32ebca000 ConcurrentGCThread "G1 Refine#3" [stack: 0x00000092dad00000,0x00000092dae00000] [id=14192]
  0x000001b32ebcc000 ConcurrentGCThread "G1 Refine#4" [stack: 0x00000092dae00000,0x00000092daf00000] [id=25676]
  0x000001b3286ab800 ConcurrentGCThread "G1 Young RemSet Sampling" [stack: 0x00000092d1500000,0x00000092d1600000] [id=18212]

Threads with active compile tasks:
C2 CompilerThread0    62327 10326       4       org.gradle.api.internal.artifacts.ivyservice.resolveengine.result.DesugaredAttributeContainerSerializer::read (155 bytes)
C2 CompilerThread1    62327 10372       4       org.gradle.api.internal.artifacts.ivyservice.modulecache.ModuleMetadataSerializer$Reader::readMavenDependency (148 bytes)

VM state:not at safepoint (normal execution)

VM Mutex/Monitor currently owned by a thread: None

Heap address: 0x00000000e0000000, size: 512 MB, Compressed Oops mode: 32-bit
Narrow klass base: 0x0000000000000000, Narrow klass shift: 3
Compressed class space size: 260046848 Address: 0x0000000100000000

Heap:
 garbage-first heap   total 262144K, used 105472K [0x00000000e0000000, 0x0000000100000000)
  region size 1024K, 46 young (47104K), 8 survivors (8192K)
 Metaspace       used 79057K, capacity 82014K, committed 82048K, reserved 325632K
  class space    used 10281K, capacity 11360K, committed 11392K, reserved 253952K
Heap Regions: E=young(eden), S=young(survivor), O=old, HS=humongous(starts), HC=humongous(continues), CS=collection set, F=free, A=archive, TAMS=top-at-mark-start (previous, next)
|   0|0x00000000e0000000, 0x00000000e0100000, 0x00000000e0100000|100%|HS|  |TAMS 0x00000000e0100000, 0x00000000e0000000| Complete 
|   1|0x00000000e0100000, 0x00000000e0200000, 0x00000000e0200000|100%|HC|  |TAMS 0x00000000e0200000, 0x00000000e0100000| Complete 
|   2|0x00000000e0200000, 0x00000000e0300000, 0x00000000e0300000|100%|HC|  |TAMS 0x00000000e0300000, 0x00000000e0200000| Complete 
|   3|0x00000000e0300000, 0x00000000e0400000, 0x00000000e0400000|100%| O|  |TAMS 0x00000000e0400000, 0x00000000e0300000| Untracked 
|   4|0x00000000e0400000, 0x00000000e0500000, 0x00000000e0500000|100%| O|  |TAMS 0x00000000e0500000, 0x00000000e0400000| Untracked 
|   5|0x00000000e0500000, 0x00000000e0600000, 0x00000000e0600000|100%| O|  |TAMS 0x00000000e0600000, 0x00000000e0500000| Untracked 
|   6|0x00000000e0600000, 0x00000000e0700000, 0x00000000e0700000|100%| O|  |TAMS 0x00000000e0700000, 0x00000000e0600000| Untracked 
|   7|0x00000000e0700000, 0x00000000e0800000, 0x00000000e0800000|100%| O|  |TAMS 0x00000000e0800000, 0x00000000e0700000| Untracked 
|   8|0x00000000e0800000, 0x00000000e0900000, 0x00000000e0900000|100%| O|  |TAMS 0x00000000e0900000, 0x00000000e0800000| Untracked 
|   9|0x00000000e0900000, 0x00000000e0a00000, 0x00000000e0a00000|100%| O|  |TAMS 0x00000000e0a00000, 0x00000000e0900000| Untracked 
|  10|0x00000000e0a00000, 0x00000000e0b00000, 0x00000000e0b00000|100%| O|  |TAMS 0x00000000e0b00000, 0x00000000e0a00000| Untracked 
|  11|0x00000000e0b00000, 0x00000000e0c00000, 0x00000000e0c00000|100%| O|  |TAMS 0x00000000e0c00000, 0x00000000e0b00000| Untracked 
|  12|0x00000000e0c00000, 0x00000000e0d00000, 0x00000000e0d00000|100%| O|  |TAMS 0x00000000e0d00000, 0x00000000e0c00000| Untracked 
|  13|0x00000000e0d00000, 0x00000000e0e00000, 0x00000000e0e00000|100%| O|  |TAMS 0x00000000e0e00000, 0x00000000e0d00000| Untracked 
|  14|0x00000000e0e00000, 0x00000000e0f00000, 0x00000000e0f00000|100%| O|  |TAMS 0x00000000e0f00000, 0x00000000e0e00000| Untracked 
|  15|0x00000000e0f00000, 0x00000000e1000000, 0x00000000e1000000|100%| O|  |TAMS 0x00000000e1000000, 0x00000000e0f00000| Untracked 
|  16|0x00000000e1000000, 0x00000000e1100000, 0x00000000e1100000|100%| O|  |TAMS 0x00000000e1100000, 0x00000000e1000000| Untracked 
|  17|0x00000000e1100000, 0x00000000e1200000, 0x00000000e1200000|100%| O|  |TAMS 0x00000000e1200000, 0x00000000e1100000| Untracked 
|  18|0x00000000e1200000, 0x00000000e1300000, 0x00000000e1300000|100%| O|  |TAMS 0x00000000e1300000, 0x00000000e1200000| Untracked 
|  19|0x00000000e1300000, 0x00000000e1400000, 0x00000000e1400000|100%| O|  |TAMS 0x00000000e1400000, 0x00000000e1300000| Untracked 
|  20|0x00000000e1400000, 0x00000000e1500000, 0x00000000e1500000|100%| O|  |TAMS 0x00000000e1500000, 0x00000000e1400000| Untracked 
|  21|0x00000000e1500000, 0x00000000e1600000, 0x00000000e1600000|100%| O|  |TAMS 0x00000000e1600000, 0x00000000e1500000| Untracked 
|  22|0x00000000e1600000, 0x00000000e1700000, 0x00000000e1700000|100%| O|  |TAMS 0x00000000e168b400, 0x00000000e1600000| Untracked 
|  23|0x00000000e1700000, 0x00000000e1800000, 0x00000000e1800000|100%| O|  |TAMS 0x00000000e1700000, 0x00000000e1700000| Untracked 
|  24|0x00000000e1800000, 0x00000000e1900000, 0x00000000e1900000|100%| O|  |TAMS 0x00000000e1800000, 0x00000000e1800000| Untracked 
|  25|0x00000000e1900000, 0x00000000e1a00000, 0x00000000e1a00000|100%| O|  |TAMS 0x00000000e1900000, 0x00000000e1900000| Untracked 
|  26|0x00000000e1a00000, 0x00000000e1b00000, 0x00000000e1b00000|100%| O|  |TAMS 0x00000000e1a00000, 0x00000000e1a00000| Untracked 
|  27|0x00000000e1b00000, 0x00000000e1c00000, 0x00000000e1c00000|100%| O|  |TAMS 0x00000000e1b00000, 0x00000000e1b00000| Untracked 
|  28|0x00000000e1c00000, 0x00000000e1d00000, 0x00000000e1d00000|100%| O|  |TAMS 0x00000000e1c00000, 0x00000000e1c00000| Untracked 
|  29|0x00000000e1d00000, 0x00000000e1e00000, 0x00000000e1e00000|100%| O|  |TAMS 0x00000000e1d00000, 0x00000000e1d00000| Untracked 
|  30|0x00000000e1e00000, 0x00000000e1f00000, 0x00000000e1f00000|100%|HS|  |TAMS 0x00000000e1e00000, 0x00000000e1e00000| Complete 
|  31|0x00000000e1f00000, 0x00000000e2000000, 0x00000000e2000000|100%| O|  |TAMS 0x00000000e1f00000, 0x00000000e1f00000| Untracked 
|  32|0x00000000e2000000, 0x00000000e2100000, 0x00000000e2100000|100%| O|  |TAMS 0x00000000e2000000, 0x00000000e2000000| Untracked 
|  33|0x00000000e2100000, 0x00000000e2200000, 0x00000000e2200000|100%| O|  |TAMS 0x00000000e2100000, 0x00000000e2100000| Untracked 
|  34|0x00000000e2200000, 0x00000000e2300000, 0x00000000e2300000|100%| O|  |TAMS 0x00000000e2200000, 0x00000000e2200000| Untracked 
|  35|0x00000000e2300000, 0x00000000e2400000, 0x00000000e2400000|100%| O|  |TAMS 0x00000000e2300000, 0x00000000e2300000| Untracked 
|  36|0x00000000e2400000, 0x00000000e2500000, 0x00000000e2500000|100%| O|  |TAMS 0x00000000e2400000, 0x00000000e2400000| Untracked 
|  37|0x00000000e2500000, 0x00000000e2600000, 0x00000000e2600000|100%| O|  |TAMS 0x00000000e2500000, 0x00000000e2500000| Untracked 
|  38|0x00000000e2600000, 0x00000000e2700000, 0x00000000e2700000|100%| O|  |TAMS 0x00000000e2600000, 0x00000000e2600000| Untracked 
|  39|0x00000000e2700000, 0x00000000e2800000, 0x00000000e2800000|100%| O|  |TAMS 0x00000000e2700000, 0x00000000e2700000| Untracked 
|  40|0x00000000e2800000, 0x00000000e2900000, 0x00000000e2900000|100%| O|  |TAMS 0x00000000e2800000, 0x00000000e2800000| Untracked 
|  41|0x00000000e2900000, 0x00000000e2a00000, 0x00000000e2a00000|100%| O|  |TAMS 0x00000000e2900000, 0x00000000e2900000| Untracked 
|  42|0x00000000e2a00000, 0x00000000e2b00000, 0x00000000e2b00000|100%| O|  |TAMS 0x00000000e2a00000, 0x00000000e2a00000| Untracked 
|  43|0x00000000e2b00000, 0x00000000e2c00000, 0x00000000e2c00000|100%| O|  |TAMS 0x00000000e2b00000, 0x00000000e2b00000| Untracked 
|  44|0x00000000e2c00000, 0x00000000e2d00000, 0x00000000e2d00000|100%| O|  |TAMS 0x00000000e2c00000, 0x00000000e2c00000| Untracked 
|  45|0x00000000e2d00000, 0x00000000e2e00000, 0x00000000e2e00000|100%| O|  |TAMS 0x00000000e2d00000, 0x00000000e2d00000| Untracked 
|  46|0x00000000e2e00000, 0x00000000e2f00000, 0x00000000e2f00000|100%| O|  |TAMS 0x00000000e2e00000, 0x00000000e2e00000| Untracked 
|  47|0x00000000e2f00000, 0x00000000e3000000, 0x00000000e3000000|100%| O|  |TAMS 0x00000000e2f00000, 0x00000000e2f00000| Untracked 
|  48|0x00000000e3000000, 0x00000000e3100000, 0x00000000e3100000|100%| O|  |TAMS 0x00000000e3000000, 0x00000000e3000000| Untracked 
|  49|0x00000000e3100000, 0x00000000e3200000, 0x00000000e3200000|100%| O|  |TAMS 0x00000000e3100000, 0x00000000e3100000| Untracked 
|  50|0x00000000e3200000, 0x00000000e3300000, 0x00000000e3300000|100%| O|  |TAMS 0x00000000e3200000, 0x00000000e3200000| Untracked 
|  51|0x00000000e3300000, 0x00000000e3400000, 0x00000000e3400000|100%| O|  |TAMS 0x00000000e3300000, 0x00000000e3300000| Untracked 
|  52|0x00000000e3400000, 0x00000000e3500000, 0x00000000e3500000|100%| O|  |TAMS 0x00000000e3400000, 0x00000000e3400000| Untracked 
|  53|0x00000000e3500000, 0x00000000e3600000, 0x00000000e3600000|100%| O|  |TAMS 0x00000000e3500000, 0x00000000e3500000| Untracked 
|  54|0x00000000e3600000, 0x00000000e3700000, 0x00000000e3700000|100%| O|  |TAMS 0x00000000e3600000, 0x00000000e3600000| Untracked 
|  55|0x00000000e3700000, 0x00000000e3800000, 0x00000000e3800000|100%| O|  |TAMS 0x00000000e3700000, 0x00000000e3700000| Untracked 
|  56|0x00000000e3800000, 0x00000000e3900000, 0x00000000e3900000|100%| O|  |TAMS 0x00000000e3800000, 0x00000000e3800000| Untracked 
|  57|0x00000000e3900000, 0x00000000e3a00000, 0x00000000e3a00000|100%| O|  |TAMS 0x00000000e3900000, 0x00000000e3900000| Untracked 
|  58|0x00000000e3a00000, 0x00000000e3a00000, 0x00000000e3b00000|  0%| F|  |TAMS 0x00000000e3a00000, 0x00000000e3a00000| Untracked 
|  59|0x00000000e3b00000, 0x00000000e3b00000, 0x00000000e3c00000|  0%| F|  |TAMS 0x00000000e3b00000, 0x00000000e3b00000| Untracked 
|  60|0x00000000e3c00000, 0x00000000e3c00000, 0x00000000e3d00000|  0%| F|  |TAMS 0x00000000e3c00000, 0x00000000e3c00000| Untracked 
|  61|0x00000000e3d00000, 0x00000000e3d00000, 0x00000000e3e00000|  0%| F|  |TAMS 0x00000000e3d00000, 0x00000000e3d00000| Untracked 
|  62|0x00000000e3e00000, 0x00000000e3e00000, 0x00000000e3f00000|  0%| F|  |TAMS 0x00000000e3e00000, 0x00000000e3e00000| Untracked 
|  63|0x00000000e3f00000, 0x00000000e3f00000, 0x00000000e4000000|  0%| F|  |TAMS 0x00000000e3f00000, 0x00000000e3f00000| Untracked 
|  64|0x00000000e4000000, 0x00000000e4000000, 0x00000000e4100000|  0%| F|  |TAMS 0x00000000e4000000, 0x00000000e4000000| Untracked 
|  65|0x00000000e4100000, 0x00000000e4100000, 0x00000000e4200000|  0%| F|  |TAMS 0x00000000e4100000, 0x00000000e4100000| Untracked 
|  66|0x00000000e4200000, 0x00000000e4200000, 0x00000000e4300000|  0%| F|  |TAMS 0x00000000e4200000, 0x00000000e4200000| Untracked 
|  67|0x00000000e4300000, 0x00000000e4300000, 0x00000000e4400000|  0%| F|  |TAMS 0x00000000e4300000, 0x00000000e4300000| Untracked 
|  68|0x00000000e4400000, 0x00000000e4400000, 0x00000000e4500000|  0%| F|  |TAMS 0x00000000e4400000, 0x00000000e4400000| Untracked 
|  69|0x00000000e4500000, 0x00000000e4500000, 0x00000000e4600000|  0%| F|  |TAMS 0x00000000e4500000, 0x00000000e4500000| Untracked 
|  70|0x00000000e4600000, 0x00000000e4600000, 0x00000000e4700000|  0%| F|  |TAMS 0x00000000e4600000, 0x00000000e4600000| Untracked 
|  71|0x00000000e4700000, 0x00000000e4700000, 0x00000000e4800000|  0%| F|  |TAMS 0x00000000e4700000, 0x00000000e4700000| Untracked 
|  72|0x00000000e4800000, 0x00000000e4800000, 0x00000000e4900000|  0%| F|  |TAMS 0x00000000e4800000, 0x00000000e4800000| Untracked 
|  73|0x00000000e4900000, 0x00000000e4900000, 0x00000000e4a00000|  0%| F|  |TAMS 0x00000000e4900000, 0x00000000e4900000| Untracked 
|  74|0x00000000e4a00000, 0x00000000e4a00000, 0x00000000e4b00000|  0%| F|  |TAMS 0x00000000e4a00000, 0x00000000e4a00000| Untracked 
|  75|0x00000000e4b00000, 0x00000000e4b00000, 0x00000000e4c00000|  0%| F|  |TAMS 0x00000000e4b00000, 0x00000000e4b00000| Untracked 
|  76|0x00000000e4c00000, 0x00000000e4c00000, 0x00000000e4d00000|  0%| F|  |TAMS 0x00000000e4c00000, 0x00000000e4c00000| Untracked 
|  77|0x00000000e4d00000, 0x00000000e4d00000, 0x00000000e4e00000|  0%| F|  |TAMS 0x00000000e4d00000, 0x00000000e4d00000| Untracked 
|  78|0x00000000e4e00000, 0x00000000e4e00000, 0x00000000e4f00000|  0%| F|  |TAMS 0x00000000e4e00000, 0x00000000e4e00000| Untracked 
|  79|0x00000000e4f00000, 0x00000000e4f00000, 0x00000000e5000000|  0%| F|  |TAMS 0x00000000e4f00000, 0x00000000e4f00000| Untracked 
|  80|0x00000000e5000000, 0x00000000e5000000, 0x00000000e5100000|  0%| F|  |TAMS 0x00000000e5000000, 0x00000000e5000000| Untracked 
|  81|0x00000000e5100000, 0x00000000e5100000, 0x00000000e5200000|  0%| F|  |TAMS 0x00000000e5100000, 0x00000000e5100000| Untracked 
|  82|0x00000000e5200000, 0x00000000e5200000, 0x00000000e5300000|  0%| F|  |TAMS 0x00000000e5200000, 0x00000000e5200000| Untracked 
|  83|0x00000000e5300000, 0x00000000e5300000, 0x00000000e5400000|  0%| F|  |TAMS 0x00000000e5300000, 0x00000000e5300000| Untracked 
|  84|0x00000000e5400000, 0x00000000e5400000, 0x00000000e5500000|  0%| F|  |TAMS 0x00000000e5400000, 0x00000000e5400000| Untracked 
|  85|0x00000000e5500000, 0x00000000e5500000, 0x00000000e5600000|  0%| F|  |TAMS 0x00000000e5500000, 0x00000000e5500000| Untracked 
|  86|0x00000000e5600000, 0x00000000e5600000, 0x00000000e5700000|  0%| F|  |TAMS 0x00000000e5600000, 0x00000000e5600000| Untracked 
|  87|0x00000000e5700000, 0x00000000e5700000, 0x00000000e5800000|  0%| F|  |TAMS 0x00000000e5700000, 0x00000000e5700000| Untracked 
|  88|0x00000000e5800000, 0x00000000e5800000, 0x00000000e5900000|  0%| F|  |TAMS 0x00000000e5800000, 0x00000000e5800000| Untracked 
|  89|0x00000000e5900000, 0x00000000e5900000, 0x00000000e5a00000|  0%| F|  |TAMS 0x00000000e5900000, 0x00000000e5900000| Untracked 
|  90|0x00000000e5a00000, 0x00000000e5a00000, 0x00000000e5b00000|  0%| F|  |TAMS 0x00000000e5a00000, 0x00000000e5a00000| Untracked 
|  91|0x00000000e5b00000, 0x00000000e5b00000, 0x00000000e5c00000|  0%| F|  |TAMS 0x00000000e5b00000, 0x00000000e5b00000| Untracked 
|  92|0x00000000e5c00000, 0x00000000e5c00000, 0x00000000e5d00000|  0%| F|  |TAMS 0x00000000e5c00000, 0x00000000e5c00000| Untracked 
|  93|0x00000000e5d00000, 0x00000000e5d00000, 0x00000000e5e00000|  0%| F|  |TAMS 0x00000000e5d00000, 0x00000000e5d00000| Untracked 
|  94|0x00000000e5e00000, 0x00000000e5e00000, 0x00000000e5f00000|  0%| F|  |TAMS 0x00000000e5e00000, 0x00000000e5e00000| Untracked 
|  95|0x00000000e5f00000, 0x00000000e5f00000, 0x00000000e6000000|  0%| F|  |TAMS 0x00000000e5f00000, 0x00000000e5f00000| Untracked 
|  96|0x00000000e6000000, 0x00000000e6000000, 0x00000000e6100000|  0%| F|  |TAMS 0x00000000e6000000, 0x00000000e6000000| Untracked 
|  97|0x00000000e6100000, 0x00000000e6100000, 0x00000000e6200000|  0%| F|  |TAMS 0x00000000e6100000, 0x00000000e6100000| Untracked 
|  98|0x00000000e6200000, 0x00000000e6200000, 0x00000000e6300000|  0%| F|  |TAMS 0x00000000e6200000, 0x00000000e6200000| Untracked 
|  99|0x00000000e6300000, 0x00000000e6300000, 0x00000000e6400000|  0%| F|  |TAMS 0x00000000e6300000, 0x00000000e6300000| Untracked 
| 100|0x00000000e6400000, 0x00000000e6400000, 0x00000000e6500000|  0%| F|  |TAMS 0x00000000e6400000, 0x00000000e6400000| Untracked 
| 101|0x00000000e6500000, 0x00000000e6500000, 0x00000000e6600000|  0%| F|  |TAMS 0x00000000e6500000, 0x00000000e6500000| Untracked 
| 102|0x00000000e6600000, 0x00000000e6600000, 0x00000000e6700000|  0%| F|  |TAMS 0x00000000e6600000, 0x00000000e6600000| Untracked 
| 103|0x00000000e6700000, 0x00000000e6700000, 0x00000000e6800000|  0%| F|  |TAMS 0x00000000e6700000, 0x00000000e6700000| Untracked 
| 104|0x00000000e6800000, 0x00000000e6800000, 0x00000000e6900000|  0%| F|  |TAMS 0x00000000e6800000, 0x00000000e6800000| Untracked 
| 105|0x00000000e6900000, 0x00000000e6900000, 0x00000000e6a00000|  0%| F|  |TAMS 0x00000000e6900000, 0x00000000e6900000| Untracked 
| 106|0x00000000e6a00000, 0x00000000e6a00000, 0x00000000e6b00000|  0%| F|  |TAMS 0x00000000e6a00000, 0x00000000e6a00000| Untracked 
| 107|0x00000000e6b00000, 0x00000000e6b00000, 0x00000000e6c00000|  0%| F|  |TAMS 0x00000000e6b00000, 0x00000000e6b00000| Untracked 
| 108|0x00000000e6c00000, 0x00000000e6c00000, 0x00000000e6d00000|  0%| F|  |TAMS 0x00000000e6c00000, 0x00000000e6c00000| Untracked 
| 109|0x00000000e6d00000, 0x00000000e6d00000, 0x00000000e6e00000|  0%| F|  |TAMS 0x00000000e6d00000, 0x00000000e6d00000| Untracked 
| 110|0x00000000e6e00000, 0x00000000e6e00000, 0x00000000e6f00000|  0%| F|  |TAMS 0x00000000e6e00000, 0x00000000e6e00000| Untracked 
| 111|0x00000000e6f00000, 0x00000000e6f00000, 0x00000000e7000000|  0%| F|  |TAMS 0x00000000e6f00000, 0x00000000e6f00000| Untracked 
| 112|0x00000000e7000000, 0x00000000e7000000, 0x00000000e7100000|  0%| F|  |TAMS 0x00000000e7000000, 0x00000000e7000000| Untracked 
| 113|0x00000000e7100000, 0x00000000e7100000, 0x00000000e7200000|  0%| F|  |TAMS 0x00000000e7100000, 0x00000000e7100000| Untracked 
| 114|0x00000000e7200000, 0x00000000e7200000, 0x00000000e7300000|  0%| F|  |TAMS 0x00000000e7200000, 0x00000000e7200000| Untracked 
| 115|0x00000000e7300000, 0x00000000e7300000, 0x00000000e7400000|  0%| F|  |TAMS 0x00000000e7300000, 0x00000000e7300000| Untracked 
| 116|0x00000000e7400000, 0x00000000e7400000, 0x00000000e7500000|  0%| F|  |TAMS 0x00000000e7400000, 0x00000000e7400000| Untracked 
| 117|0x00000000e7500000, 0x00000000e7500000, 0x00000000e7600000|  0%| F|  |TAMS 0x00000000e7500000, 0x00000000e7500000| Untracked 
| 118|0x00000000e7600000, 0x00000000e7600000, 0x00000000e7700000|  0%| F|  |TAMS 0x00000000e7600000, 0x00000000e7600000| Untracked 
| 119|0x00000000e7700000, 0x00000000e7800000, 0x00000000e7800000|100%| S|CS|TAMS 0x00000000e7700000, 0x00000000e7700000| Complete 
| 120|0x00000000e7800000, 0x00000000e7900000, 0x00000000e7900000|100%| S|CS|TAMS 0x00000000e7800000, 0x00000000e7800000| Complete 
| 121|0x00000000e7900000, 0x00000000e7a00000, 0x00000000e7a00000|100%| S|CS|TAMS 0x00000000e7900000, 0x00000000e7900000| Complete 
| 122|0x00000000e7a00000, 0x00000000e7b00000, 0x00000000e7b00000|100%| S|CS|TAMS 0x00000000e7a00000, 0x00000000e7a00000| Complete 
| 123|0x00000000e7b00000, 0x00000000e7c00000, 0x00000000e7c00000|100%| S|CS|TAMS 0x00000000e7b00000, 0x00000000e7b00000| Complete 
| 124|0x00000000e7c00000, 0x00000000e7d00000, 0x00000000e7d00000|100%| S|CS|TAMS 0x00000000e7c00000, 0x00000000e7c00000| Complete 
| 125|0x00000000e7d00000, 0x00000000e7e00000, 0x00000000e7e00000|100%| S|CS|TAMS 0x00000000e7d00000, 0x00000000e7d00000| Complete 
| 126|0x00000000e7e00000, 0x00000000e7f00000, 0x00000000e7f00000|100%| S|CS|TAMS 0x00000000e7e00000, 0x00000000e7e00000| Complete 
| 127|0x00000000e7f00000, 0x00000000e7f00000, 0x00000000e8000000|  0%| F|  |TAMS 0x00000000e7f00000, 0x00000000e7f00000| Untracked 
| 128|0x00000000e8000000, 0x00000000e8000000, 0x00000000e8100000|  0%| F|  |TAMS 0x00000000e8000000, 0x00000000e8000000| Untracked 
| 129|0x00000000e8100000, 0x00000000e8100000, 0x00000000e8200000|  0%| F|  |TAMS 0x00000000e8100000, 0x00000000e8100000| Untracked 
| 130|0x00000000e8200000, 0x00000000e8200000, 0x00000000e8300000|  0%| F|  |TAMS 0x00000000e8200000, 0x00000000e8200000| Untracked 
| 131|0x00000000e8300000, 0x00000000e8300000, 0x00000000e8400000|  0%| F|  |TAMS 0x00000000e8300000, 0x00000000e8300000| Untracked 
| 132|0x00000000e8400000, 0x00000000e8400000, 0x00000000e8500000|  0%| F|  |TAMS 0x00000000e8400000, 0x00000000e8400000| Untracked 
| 133|0x00000000e8500000, 0x00000000e8500000, 0x00000000e8600000|  0%| F|  |TAMS 0x00000000e8500000, 0x00000000e8500000| Untracked 
| 134|0x00000000e8600000, 0x00000000e8600000, 0x00000000e8700000|  0%| F|  |TAMS 0x00000000e8600000, 0x00000000e8600000| Untracked 
| 135|0x00000000e8700000, 0x00000000e8700000, 0x00000000e8800000|  0%| F|  |TAMS 0x00000000e8700000, 0x00000000e8700000| Untracked 
| 136|0x00000000e8800000, 0x00000000e8800000, 0x00000000e8900000|  0%| F|  |TAMS 0x00000000e8800000, 0x00000000e8800000| Untracked 
| 137|0x00000000e8900000, 0x00000000e8900000, 0x00000000e8a00000|  0%| F|  |TAMS 0x00000000e8900000, 0x00000000e8900000| Untracked 
| 138|0x00000000e8a00000, 0x00000000e8a00000, 0x00000000e8b00000|  0%| F|  |TAMS 0x00000000e8a00000, 0x00000000e8a00000| Untracked 
| 139|0x00000000e8b00000, 0x00000000e8b00000, 0x00000000e8c00000|  0%| F|  |TAMS 0x00000000e8b00000, 0x00000000e8b00000| Untracked 
| 140|0x00000000e8c00000, 0x00000000e8c00000, 0x00000000e8d00000|  0%| F|  |TAMS 0x00000000e8c00000, 0x00000000e8c00000| Untracked 
| 141|0x00000000e8d00000, 0x00000000e8d00000, 0x00000000e8e00000|  0%| F|  |TAMS 0x00000000e8d00000, 0x00000000e8d00000| Untracked 
| 142|0x00000000e8e00000, 0x00000000e8e00000, 0x00000000e8f00000|  0%| F|  |TAMS 0x00000000e8e00000, 0x00000000e8e00000| Untracked 
| 143|0x00000000e8f00000, 0x00000000e8f00000, 0x00000000e9000000|  0%| F|  |TAMS 0x00000000e8f00000, 0x00000000e8f00000| Untracked 
| 144|0x00000000e9000000, 0x00000000e9000000, 0x00000000e9100000|  0%| F|  |TAMS 0x00000000e9000000, 0x00000000e9000000| Untracked 
| 145|0x00000000e9100000, 0x00000000e9100000, 0x00000000e9200000|  0%| F|  |TAMS 0x00000000e9100000, 0x00000000e9100000| Untracked 
| 146|0x00000000e9200000, 0x00000000e9200000, 0x00000000e9300000|  0%| F|  |TAMS 0x00000000e9200000, 0x00000000e9200000| Untracked 
| 147|0x00000000e9300000, 0x00000000e9300000, 0x00000000e9400000|  0%| F|  |TAMS 0x00000000e9300000, 0x00000000e9300000| Untracked 
| 148|0x00000000e9400000, 0x00000000e9400000, 0x00000000e9500000|  0%| F|  |TAMS 0x00000000e9400000, 0x00000000e9400000| Untracked 
| 149|0x00000000e9500000, 0x00000000e9500000, 0x00000000e9600000|  0%| F|  |TAMS 0x00000000e9500000, 0x00000000e9500000| Untracked 
| 150|0x00000000e9600000, 0x00000000e9600000, 0x00000000e9700000|  0%| F|  |TAMS 0x00000000e9600000, 0x00000000e9600000| Untracked 
| 151|0x00000000e9700000, 0x00000000e9700000, 0x00000000e9800000|  0%| F|  |TAMS 0x00000000e9700000, 0x00000000e9700000| Untracked 
| 152|0x00000000e9800000, 0x00000000e9800000, 0x00000000e9900000|  0%| F|  |TAMS 0x00000000e9800000, 0x00000000e9800000| Untracked 
| 153|0x00000000e9900000, 0x00000000e9900000, 0x00000000e9a00000|  0%| F|  |TAMS 0x00000000e9900000, 0x00000000e9900000| Untracked 
| 154|0x00000000e9a00000, 0x00000000e9a00000, 0x00000000e9b00000|  0%| F|  |TAMS 0x00000000e9a00000, 0x00000000e9a00000| Untracked 
| 155|0x00000000e9b00000, 0x00000000e9b00000, 0x00000000e9c00000|  0%| F|  |TAMS 0x00000000e9b00000, 0x00000000e9b00000| Untracked 
| 156|0x00000000e9c00000, 0x00000000e9c00000, 0x00000000e9d00000|  0%| F|  |TAMS 0x00000000e9c00000, 0x00000000e9c00000| Untracked 
| 157|0x00000000e9d00000, 0x00000000e9d00000, 0x00000000e9e00000|  0%| F|  |TAMS 0x00000000e9d00000, 0x00000000e9d00000| Untracked 
| 158|0x00000000e9e00000, 0x00000000e9e00000, 0x00000000e9f00000|  0%| F|  |TAMS 0x00000000e9e00000, 0x00000000e9e00000| Untracked 
| 159|0x00000000e9f00000, 0x00000000e9f00000, 0x00000000ea000000|  0%| F|  |TAMS 0x00000000e9f00000, 0x00000000e9f00000| Untracked 
| 160|0x00000000ea000000, 0x00000000ea000000, 0x00000000ea100000|  0%| F|  |TAMS 0x00000000ea000000, 0x00000000ea000000| Untracked 
| 161|0x00000000ea100000, 0x00000000ea100000, 0x00000000ea200000|  0%| F|  |TAMS 0x00000000ea100000, 0x00000000ea100000| Untracked 
| 162|0x00000000ea200000, 0x00000000ea200000, 0x00000000ea300000|  0%| F|  |TAMS 0x00000000ea200000, 0x00000000ea200000| Untracked 
| 163|0x00000000ea300000, 0x00000000ea300000, 0x00000000ea400000|  0%| F|  |TAMS 0x00000000ea300000, 0x00000000ea300000| Untracked 
| 164|0x00000000ea400000, 0x00000000ea400000, 0x00000000ea500000|  0%| F|  |TAMS 0x00000000ea400000, 0x00000000ea400000| Untracked 
| 165|0x00000000ea500000, 0x00000000ea500000, 0x00000000ea600000|  0%| F|  |TAMS 0x00000000ea500000, 0x00000000ea500000| Untracked 
| 166|0x00000000ea600000, 0x00000000ea600000, 0x00000000ea700000|  0%| F|  |TAMS 0x00000000ea600000, 0x00000000ea600000| Untracked 
| 167|0x00000000ea700000, 0x00000000ea700000, 0x00000000ea800000|  0%| F|  |TAMS 0x00000000ea700000, 0x00000000ea700000| Untracked 
| 168|0x00000000ea800000, 0x00000000ea800000, 0x00000000ea900000|  0%| F|  |TAMS 0x00000000ea800000, 0x00000000ea800000| Untracked 
| 169|0x00000000ea900000, 0x00000000ea900000, 0x00000000eaa00000|  0%| F|  |TAMS 0x00000000ea900000, 0x00000000ea900000| Untracked 
| 170|0x00000000eaa00000, 0x00000000eaa00000, 0x00000000eab00000|  0%| F|  |TAMS 0x00000000eaa00000, 0x00000000eaa00000| Untracked 
| 171|0x00000000eab00000, 0x00000000eab00000, 0x00000000eac00000|  0%| F|  |TAMS 0x00000000eab00000, 0x00000000eab00000| Untracked 
| 172|0x00000000eac00000, 0x00000000eac00000, 0x00000000ead00000|  0%| F|  |TAMS 0x00000000eac00000, 0x00000000eac00000| Untracked 
| 173|0x00000000ead00000, 0x00000000ead00000, 0x00000000eae00000|  0%| F|  |TAMS 0x00000000ead00000, 0x00000000ead00000| Untracked 
| 174|0x00000000eae00000, 0x00000000eae00000, 0x00000000eaf00000|  0%| F|  |TAMS 0x00000000eae00000, 0x00000000eae00000| Untracked 
| 175|0x00000000eaf00000, 0x00000000eaf00000, 0x00000000eb000000|  0%| F|  |TAMS 0x00000000eaf00000, 0x00000000eaf00000| Untracked 
| 176|0x00000000eb000000, 0x00000000eb000000, 0x00000000eb100000|  0%| F|  |TAMS 0x00000000eb000000, 0x00000000eb000000| Untracked 
| 177|0x00000000eb100000, 0x00000000eb100000, 0x00000000eb200000|  0%| F|  |TAMS 0x00000000eb100000, 0x00000000eb100000| Untracked 
| 178|0x00000000eb200000, 0x00000000eb200000, 0x00000000eb300000|  0%| F|  |TAMS 0x00000000eb200000, 0x00000000eb200000| Untracked 
| 179|0x00000000eb300000, 0x00000000eb300000, 0x00000000eb400000|  0%| F|  |TAMS 0x00000000eb300000, 0x00000000eb300000| Untracked 
| 180|0x00000000eb400000, 0x00000000eb400000, 0x00000000eb500000|  0%| F|  |TAMS 0x00000000eb400000, 0x00000000eb400000| Untracked 
| 181|0x00000000eb500000, 0x00000000eb500000, 0x00000000eb600000|  0%| F|  |TAMS 0x00000000eb500000, 0x00000000eb500000| Untracked 
| 182|0x00000000eb600000, 0x00000000eb600000, 0x00000000eb700000|  0%| F|  |TAMS 0x00000000eb600000, 0x00000000eb600000| Untracked 
| 183|0x00000000eb700000, 0x00000000eb700000, 0x00000000eb800000|  0%| F|  |TAMS 0x00000000eb700000, 0x00000000eb700000| Untracked 
| 184|0x00000000eb800000, 0x00000000eb800000, 0x00000000eb900000|  0%| F|  |TAMS 0x00000000eb800000, 0x00000000eb800000| Untracked 
| 185|0x00000000eb900000, 0x00000000eb900000, 0x00000000eba00000|  0%| F|  |TAMS 0x00000000eb900000, 0x00000000eb900000| Untracked 
| 186|0x00000000eba00000, 0x00000000eba00000, 0x00000000ebb00000|  0%| F|  |TAMS 0x00000000eba00000, 0x00000000eba00000| Untracked 
| 187|0x00000000ebb00000, 0x00000000ebb00000, 0x00000000ebc00000|  0%| F|  |TAMS 0x00000000ebb00000, 0x00000000ebb00000| Untracked 
| 188|0x00000000ebc00000, 0x00000000ebc00000, 0x00000000ebd00000|  0%| F|  |TAMS 0x00000000ebc00000, 0x00000000ebc00000| Untracked 
| 189|0x00000000ebd00000, 0x00000000ebd00000, 0x00000000ebe00000|  0%| F|  |TAMS 0x00000000ebd00000, 0x00000000ebd00000| Untracked 
| 190|0x00000000ebe00000, 0x00000000ebe00000, 0x00000000ebf00000|  0%| F|  |TAMS 0x00000000ebe00000, 0x00000000ebe00000| Untracked 
| 191|0x00000000ebf00000, 0x00000000ebf00000, 0x00000000ec000000|  0%| F|  |TAMS 0x00000000ebf00000, 0x00000000ebf00000| Untracked 
| 192|0x00000000ec000000, 0x00000000ec000000, 0x00000000ec100000|  0%| F|  |TAMS 0x00000000ec000000, 0x00000000ec000000| Untracked 
| 193|0x00000000ec100000, 0x00000000ec100000, 0x00000000ec200000|  0%| F|  |TAMS 0x00000000ec100000, 0x00000000ec100000| Untracked 
| 194|0x00000000ec200000, 0x00000000ec200000, 0x00000000ec300000|  0%| F|  |TAMS 0x00000000ec200000, 0x00000000ec200000| Untracked 
| 195|0x00000000ec300000, 0x00000000ec300000, 0x00000000ec400000|  0%| F|  |TAMS 0x00000000ec300000, 0x00000000ec300000| Untracked 
| 196|0x00000000ec400000, 0x00000000ec400000, 0x00000000ec500000|  0%| F|  |TAMS 0x00000000ec400000, 0x00000000ec400000| Untracked 
| 197|0x00000000ec500000, 0x00000000ec500000, 0x00000000ec600000|  0%| F|  |TAMS 0x00000000ec500000, 0x00000000ec500000| Untracked 
| 198|0x00000000ec600000, 0x00000000ec600000, 0x00000000ec700000|  0%| F|  |TAMS 0x00000000ec600000, 0x00000000ec600000| Untracked 
| 199|0x00000000ec700000, 0x00000000ec700000, 0x00000000ec800000|  0%| F|  |TAMS 0x00000000ec700000, 0x00000000ec700000| Untracked 
| 200|0x00000000ec800000, 0x00000000ec800000, 0x00000000ec900000|  0%| F|  |TAMS 0x00000000ec800000, 0x00000000ec800000| Untracked 
| 201|0x00000000ec900000, 0x00000000ec900000, 0x00000000eca00000|  0%| F|  |TAMS 0x00000000ec900000, 0x00000000ec900000| Untracked 
| 202|0x00000000eca00000, 0x00000000eca00000, 0x00000000ecb00000|  0%| F|  |TAMS 0x00000000eca00000, 0x00000000eca00000| Untracked 
| 203|0x00000000ecb00000, 0x00000000ecb00000, 0x00000000ecc00000|  0%| F|  |TAMS 0x00000000ecb00000, 0x00000000ecb00000| Untracked 
| 204|0x00000000ecc00000, 0x00000000ecc00000, 0x00000000ecd00000|  0%| F|  |TAMS 0x00000000ecc00000, 0x00000000ecc00000| Untracked 
| 205|0x00000000ecd00000, 0x00000000ecd00000, 0x00000000ece00000|  0%| F|  |TAMS 0x00000000ecd00000, 0x00000000ecd00000| Untracked 
| 206|0x00000000ece00000, 0x00000000ece00000, 0x00000000ecf00000|  0%| F|  |TAMS 0x00000000ece00000, 0x00000000ece00000| Untracked 
| 207|0x00000000ecf00000, 0x00000000ecf00000, 0x00000000ed000000|  0%| F|  |TAMS 0x00000000ecf00000, 0x00000000ecf00000| Untracked 
| 208|0x00000000ed000000, 0x00000000ed000000, 0x00000000ed100000|  0%| F|  |TAMS 0x00000000ed000000, 0x00000000ed000000| Untracked 
| 209|0x00000000ed100000, 0x00000000ed100000, 0x00000000ed200000|  0%| F|  |TAMS 0x00000000ed100000, 0x00000000ed100000| Untracked 
| 210|0x00000000ed200000, 0x00000000ed200000, 0x00000000ed300000|  0%| F|  |TAMS 0x00000000ed200000, 0x00000000ed200000| Untracked 
| 211|0x00000000ed300000, 0x00000000ed300000, 0x00000000ed400000|  0%| F|  |TAMS 0x00000000ed300000, 0x00000000ed300000| Untracked 
| 212|0x00000000ed400000, 0x00000000ed400000, 0x00000000ed500000|  0%| F|  |TAMS 0x00000000ed400000, 0x00000000ed400000| Untracked 
| 213|0x00000000ed500000, 0x00000000ed500000, 0x00000000ed600000|  0%| F|  |TAMS 0x00000000ed500000, 0x00000000ed500000| Untracked 
| 214|0x00000000ed600000, 0x00000000ed600000, 0x00000000ed700000|  0%| F|  |TAMS 0x00000000ed600000, 0x00000000ed600000| Untracked 
| 215|0x00000000ed700000, 0x00000000ed700000, 0x00000000ed800000|  0%| F|  |TAMS 0x00000000ed700000, 0x00000000ed700000| Untracked 
| 216|0x00000000ed800000, 0x00000000ed800000, 0x00000000ed900000|  0%| F|  |TAMS 0x00000000ed800000, 0x00000000ed800000| Untracked 
| 217|0x00000000ed900000, 0x00000000ed9c9ae0, 0x00000000eda00000| 78%| E|  |TAMS 0x00000000ed900000, 0x00000000ed900000| Complete 
| 218|0x00000000eda00000, 0x00000000edb00000, 0x00000000edb00000|100%| E|CS|TAMS 0x00000000eda00000, 0x00000000eda00000| Complete 
| 219|0x00000000edb00000, 0x00000000edc00000, 0x00000000edc00000|100%| E|CS|TAMS 0x00000000edb00000, 0x00000000edb00000| Complete 
| 220|0x00000000edc00000, 0x00000000edd00000, 0x00000000edd00000|100%| E|CS|TAMS 0x00000000edc00000, 0x00000000edc00000| Complete 
| 221|0x00000000edd00000, 0x00000000ede00000, 0x00000000ede00000|100%| E|CS|TAMS 0x00000000edd00000, 0x00000000edd00000| Complete 
| 222|0x00000000ede00000, 0x00000000edf00000, 0x00000000edf00000|100%| E|CS|TAMS 0x00000000ede00000, 0x00000000ede00000| Complete 
| 223|0x00000000edf00000, 0x00000000ee000000, 0x00000000ee000000|100%| E|CS|TAMS 0x00000000edf00000, 0x00000000edf00000| Complete 
| 224|0x00000000ee000000, 0x00000000ee100000, 0x00000000ee100000|100%| E|CS|TAMS 0x00000000ee000000, 0x00000000ee000000| Complete 
| 225|0x00000000ee100000, 0x00000000ee200000, 0x00000000ee200000|100%| E|CS|TAMS 0x00000000ee100000, 0x00000000ee100000| Complete 
| 226|0x00000000ee200000, 0x00000000ee300000, 0x00000000ee300000|100%| E|CS|TAMS 0x00000000ee200000, 0x00000000ee200000| Complete 
| 227|0x00000000ee300000, 0x00000000ee400000, 0x00000000ee400000|100%| E|CS|TAMS 0x00000000ee300000, 0x00000000ee300000| Complete 
| 228|0x00000000ee400000, 0x00000000ee500000, 0x00000000ee500000|100%| E|CS|TAMS 0x00000000ee400000, 0x00000000ee400000| Complete 
| 229|0x00000000ee500000, 0x00000000ee600000, 0x00000000ee600000|100%| E|CS|TAMS 0x00000000ee500000, 0x00000000ee500000| Complete 
| 230|0x00000000ee600000, 0x00000000ee700000, 0x00000000ee700000|100%| E|CS|TAMS 0x00000000ee600000, 0x00000000ee600000| Complete 
| 231|0x00000000ee700000, 0x00000000ee800000, 0x00000000ee800000|100%| E|CS|TAMS 0x00000000ee700000, 0x00000000ee700000| Complete 
| 232|0x00000000ee800000, 0x00000000ee900000, 0x00000000ee900000|100%| E|CS|TAMS 0x00000000ee800000, 0x00000000ee800000| Complete 
| 233|0x00000000ee900000, 0x00000000eea00000, 0x00000000eea00000|100%| E|CS|TAMS 0x00000000ee900000, 0x00000000ee900000| Complete 
| 234|0x00000000eea00000, 0x00000000eeb00000, 0x00000000eeb00000|100%| E|CS|TAMS 0x00000000eea00000, 0x00000000eea00000| Complete 
| 235|0x00000000eeb00000, 0x00000000eec00000, 0x00000000eec00000|100%| E|CS|TAMS 0x00000000eeb00000, 0x00000000eeb00000| Complete 
| 236|0x00000000eec00000, 0x00000000eed00000, 0x00000000eed00000|100%| E|CS|TAMS 0x00000000eec00000, 0x00000000eec00000| Complete 
| 237|0x00000000eed00000, 0x00000000eee00000, 0x00000000eee00000|100%| E|CS|TAMS 0x00000000eed00000, 0x00000000eed00000| Complete 
| 238|0x00000000eee00000, 0x00000000eef00000, 0x00000000eef00000|100%| E|CS|TAMS 0x00000000eee00000, 0x00000000eee00000| Complete 
| 239|0x00000000eef00000, 0x00000000ef000000, 0x00000000ef000000|100%| E|CS|TAMS 0x00000000eef00000, 0x00000000eef00000| Complete 
| 240|0x00000000ef000000, 0x00000000ef100000, 0x00000000ef100000|100%| E|CS|TAMS 0x00000000ef000000, 0x00000000ef000000| Complete 
| 241|0x00000000ef100000, 0x00000000ef200000, 0x00000000ef200000|100%| E|CS|TAMS 0x00000000ef100000, 0x00000000ef100000| Complete 
| 242|0x00000000ef200000, 0x00000000ef300000, 0x00000000ef300000|100%| E|CS|TAMS 0x00000000ef200000, 0x00000000ef200000| Complete 
| 243|0x00000000ef300000, 0x00000000ef400000, 0x00000000ef400000|100%| E|CS|TAMS 0x00000000ef300000, 0x00000000ef300000| Complete 
| 244|0x00000000ef400000, 0x00000000ef500000, 0x00000000ef500000|100%| E|CS|TAMS 0x00000000ef400000, 0x00000000ef400000| Complete 
| 245|0x00000000ef500000, 0x00000000ef600000, 0x00000000ef600000|100%| E|CS|TAMS 0x00000000ef500000, 0x00000000ef500000| Complete 
| 246|0x00000000ef600000, 0x00000000ef700000, 0x00000000ef700000|100%| E|CS|TAMS 0x00000000ef600000, 0x00000000ef600000| Complete 
| 247|0x00000000ef700000, 0x00000000ef800000, 0x00000000ef800000|100%| E|CS|TAMS 0x00000000ef700000, 0x00000000ef700000| Complete 
| 248|0x00000000ef800000, 0x00000000ef900000, 0x00000000ef900000|100%| E|CS|TAMS 0x00000000ef800000, 0x00000000ef800000| Complete 
| 249|0x00000000ef900000, 0x00000000efa00000, 0x00000000efa00000|100%| E|CS|TAMS 0x00000000ef900000, 0x00000000ef900000| Complete 
| 250|0x00000000efa00000, 0x00000000efb00000, 0x00000000efb00000|100%| E|CS|TAMS 0x00000000efa00000, 0x00000000efa00000| Complete 
| 251|0x00000000efb00000, 0x00000000efc00000, 0x00000000efc00000|100%| E|CS|TAMS 0x00000000efb00000, 0x00000000efb00000| Complete 
| 252|0x00000000efc00000, 0x00000000efd00000, 0x00000000efd00000|100%| E|CS|TAMS 0x00000000efc00000, 0x00000000efc00000| Complete 
| 253|0x00000000efd00000, 0x00000000efe00000, 0x00000000efe00000|100%| E|CS|TAMS 0x00000000efd00000, 0x00000000efd00000| Complete 
| 254|0x00000000efe00000, 0x00000000eff00000, 0x00000000eff00000|100%| E|CS|TAMS 0x00000000efe00000, 0x00000000efe00000| Complete 
| 255|0x00000000eff00000, 0x00000000f0000000, 0x00000000f0000000|100%| E|CS|TAMS 0x00000000eff00000, 0x00000000eff00000| Complete 

Card table byte_map: [0x000001b324bd0000,0x000001b324cd0000] _byte_map_base: 0x000001b3244d0000

Marking Bits (Prev, Next): (CMBitMap*) 0x000001b30e0f9c70, (CMBitMap*) 0x000001b30e0f9c38
 Prev Bits: [0x000001b3255d0000, 0x000001b325dd0000)
 Next Bits: [0x000001b324dd0000, 0x000001b3255d0000)

Polling page: 0x000001b30c080000

Metaspace:

Usage:
  Non-class:     69.00 MB capacity,    67.16 MB ( 97%) used,     1.56 MB (  2%) free+waste,   277.38 KB ( <1%) overhead. 
      Class:     11.09 MB capacity,    10.04 MB ( 91%) used,   942.77 KB (  8%) free+waste,   135.50 KB (  1%) overhead. 
       Both:     80.09 MB capacity,    77.20 MB ( 96%) used,     2.48 MB (  3%) free+waste,   412.88 KB ( <1%) overhead. 

Virtual space:
  Non-class space:       70.00 MB reserved,      69.00 MB ( 99%) committed 
      Class space:      248.00 MB reserved,      11.13 MB (  4%) committed 
             Both:      318.00 MB reserved,      80.13 MB ( 25%) committed 

Chunk freelists:
   Non-Class:  256 bytes
       Class:  0 bytes
        Both:  256 bytes

CodeHeap 'non-profiled nmethods': size=120000Kb used=4848Kb max_used=4848Kb free=115151Kb
 bounds [0x000001b31d270000, 0x000001b31d730000, 0x000001b3247a0000]
CodeHeap 'profiled nmethods': size=120000Kb used=19766Kb max_used=19766Kb free=100233Kb
 bounds [0x000001b315d40000, 0x000001b317090000, 0x000001b31d270000]
CodeHeap 'non-nmethods': size=5760Kb used=2304Kb max_used=2341Kb free=3455Kb
 bounds [0x000001b3157a0000, 0x000001b315a10000, 0x000001b315d40000]
 total_blobs=11167 nmethods=10266 adapters=812
 compilation: enabled
              stopped_count=0, restarted_count=0
 full_count=0

Compilation events (10 events):
Event: 62.245 Thread 0x000001b328849000 10451       3       org.gradle.api.internal.artifacts.DefaultDependencyFactory::createDependency (46 bytes)
Event: 62.246 Thread 0x000001b328849000 nmethod 10451 0x000001b317073310 code [0x000001b317073520, 0x000001b317073fc8]
Event: 62.246 Thread 0x000001b328849000 10452       3       org.gradle.api.internal.artifacts.DefaultDependencyFactory::injectServices (29 bytes)
Event: 62.246 Thread 0x000001b328849000 nmethod 10452 0x000001b317074190 code [0x000001b317074360, 0x000001b3170747f8]
Event: 62.246 Thread 0x000001b328849000 10453       3       org.gradle.internal.typeconversion.MapNotationConverter::<init> (7 bytes)
Event: 62.247 Thread 0x000001b328849000 nmethod 10453 0x000001b317074910 code [0x000001b317074ac0, 0x000001b317074cf8]
Event: 62.251 Thread 0x000001b328849000 10455       3       org.gradle.api.internal.changedetection.state.DefaultFileAccessTimeJournal::setLastAccessTime (15 bytes)
Event: 62.252 Thread 0x000001b328849000 nmethod 10455 0x000001b317074e10 code [0x000001b317074fc0, 0x000001b3170751b8]
Event: 62.255 Thread 0x000001b328849000 10456       1       io.spring.gradle.dependencymanagement.org.apache.maven.model.Model::setLicenses (6 bytes)
Event: 62.255 Thread 0x000001b328849000 nmethod 10456 0x000001b31d72b190 code [0x000001b31d72b320, 0x000001b31d72b418]

GC Heap History (10 events):
Event: 4.334 GC heap before
{Heap before GC invocations=8 (full 0):
 garbage-first heap   total 262144K, used 133995K [0x00000000e0000000, 0x0000000100000000)
  region size 1024K, 111 young (113664K), 6 survivors (6144K)
 Metaspace       used 45097K, capacity 46246K, committed 46464K, reserved 294912K
  class space    used 5849K, capacity 6270K, committed 6272K, reserved 253952K
}
Event: 4.343 GC heap after
{Heap after GC invocations=9 (full 0):
 garbage-first heap   total 262144K, used 31042K [0x00000000e0000000, 0x0000000100000000)
  region size 1024K, 14 young (14336K), 14 survivors (14336K)
 Metaspace       used 45097K, capacity 46246K, committed 46464K, reserved 294912K
  class space    used 5849K, capacity 6270K, committed 6272K, reserved 253952K
}
Event: 5.930 GC heap before
{Heap before GC invocations=9 (full 0):
 garbage-first heap   total 262144K, used 149826K [0x00000000e0000000, 0x0000000100000000)
  region size 1024K, 131 young (134144K), 14 survivors (14336K)
 Metaspace       used 58667K, capacity 60180K, committed 60288K, reserved 307200K
  class space    used 7730K, capacity 8341K, committed 8448K, reserved 253952K
}
Event: 5.944 GC heap after
{Heap after GC invocations=10 (full 0):
 garbage-first heap   total 262144K, used 37959K [0x00000000e0000000, 0x0000000100000000)
  region size 1024K, 15 young (15360K), 15 survivors (15360K)
 Metaspace       used 58667K, capacity 60180K, committed 60288K, reserved 307200K
  class space    used 7730K, capacity 8341K, committed 8448K, reserved 253952K
}
Event: 7.360 GC heap before
{Heap before GC invocations=11 (full 0):
 garbage-first heap   total 262144K, used 178247K [0x00000000e0000000, 0x0000000100000000)
  region size 1024K, 153 young (156672K), 15 survivors (15360K)
 Metaspace       used 64831K, capacity 66884K, committed 67072K, reserved 313344K
  class space    used 8584K, capacity 9356K, committed 9472K, reserved 253952K
}
Event: 7.374 GC heap after
{Heap after GC invocations=12 (full 0):
 garbage-first heap   total 262144K, used 46791K [0x00000000e0000000, 0x0000000100000000)
  region size 1024K, 16 young (16384K), 16 survivors (16384K)
 Metaspace       used 64831K, capacity 66884K, committed 67072K, reserved 313344K
  class space    used 8584K, capacity 9356K, committed 9472K, reserved 253952K
}
Event: 8.836 GC heap before
{Heap before GC invocations=12 (full 0):
 garbage-first heap   total 262144K, used 187079K [0x00000000e0000000, 0x0000000100000000)
  region size 1024K, 153 young (156672K), 16 survivors (16384K)
 Metaspace       used 73122K, capacity 75625K, committed 75904K, reserved 319488K
  class space    used 9639K, capacity 10529K, committed 10624K, reserved 253952K
}
Event: 8.855 GC heap after
{Heap after GC invocations=13 (full 0):
 garbage-first heap   total 262144K, used 62356K [0x00000000e0000000, 0x0000000100000000)
  region size 1024K, 20 young (20480K), 20 survivors (20480K)
 Metaspace       used 73122K, capacity 75625K, committed 75904K, reserved 319488K
  class space    used 9639K, capacity 10529K, committed 10624K, reserved 253952K
}
Event: 61.758 GC heap before
{Heap before GC invocations=13 (full 0):
 garbage-first heap   total 262144K, used 193428K [0x00000000e0000000, 0x0000000100000000)
  region size 1024K, 149 young (152576K), 20 survivors (20480K)
 Metaspace       used 78900K, capacity 81742K, committed 81792K, reserved 325632K
  class space    used 10280K, capacity 11357K, committed 11392K, reserved 253952K
}
Event: 61.791 GC heap after
{Heap after GC invocations=14 (full 0):
 garbage-first heap   total 262144K, used 67584K [0x00000000e0000000, 0x0000000100000000)
  region size 1024K, 8 young (8192K), 8 survivors (8192K)
 Metaspace       used 78900K, capacity 81742K, committed 81792K, reserved 325632K
  class space    used 10280K, capacity 11357K, committed 11392K, reserved 253952K
}

Deoptimization events (10 events):
Event: 16.037 Thread 0x000001b32c390800 Uncommon trap: reason=unstable_if action=reinterpret pc=0x000001b31d601774 method=java.lang.String.startsWith(Ljava/lang/String;I)Z @ 53 c2
Event: 16.067 Thread 0x000001b32b272000 Uncommon trap: reason=predicate action=maybe_recompile pc=0x000001b31d528b88 method=java.util.TreeMap.getEntryUsingComparator(Ljava/lang/Object;)Ljava/util/TreeMap$Entry; @ 19 c2
Event: 16.160 Thread 0x000001b32b3e8800 Uncommon trap: reason=unstable_if action=reinterpret pc=0x000001b31d5ee280 method=com.esotericsoftware.kryo.io.Input.require(I)I @ 180 c2
Event: 21.699 Thread 0x000001b32b924000 Uncommon trap: reason=unstable_if action=reinterpret pc=0x000001b31d3893c8 method=java.lang.AbstractStringBuilder.append(Ljava/lang/String;)Ljava/lang/AbstractStringBuilder; @ 1 c2
Event: 51.694 Thread 0x000001b32b924000 Uncommon trap: reason=bimorphic_or_optimized_type_check action=maybe_recompile pc=0x000001b31d69fad8 method=java.util.HashMap.removeNode(ILjava/lang/Object;Ljava/lang/Object;ZZ)Ljava/util/HashMap$Node; @ 283 c2
Event: 51.694 Thread 0x000001b32b924000 Uncommon trap: reason=bimorphic_or_optimized_type_check action=maybe_recompile pc=0x000001b31d69fad8 method=java.util.HashMap.removeNode(ILjava/lang/Object;Ljava/lang/Object;ZZ)Ljava/util/HashMap$Node; @ 283 c2
Event: 60.921 Thread 0x000001b32b272000 Uncommon trap: reason=profile_predicate action=maybe_recompile pc=0x000001b31d6ae22c method=sun.nio.fs.WindowsPath.compareTo(Ljava/nio/file/Path;)I @ 53 c2
Event: 61.042 Thread 0x000001b32ea38800 Uncommon trap: reason=profile_predicate action=maybe_recompile pc=0x000001b31d6ae22c method=sun.nio.fs.WindowsPath.compareTo(Ljava/nio/file/Path;)I @ 53 c2
Event: 61.717 Thread 0x000001b32ea38800 Uncommon trap: reason=profile_predicate action=maybe_recompile pc=0x000001b31d6ae22c method=sun.nio.fs.WindowsPath.compareTo(Ljava/nio/file/Path;)I @ 53 c2
Event: 61.722 Thread 0x000001b32ea38800 Uncommon trap: reason=profile_predicate action=maybe_recompile pc=0x000001b31d6ae22c method=sun.nio.fs.WindowsPath.compareTo(Ljava/nio/file/Path;)I @ 53 c2

Classes redefined (0 events):
No events

Internal exceptions (10 events):
Event: 15.881 Thread 0x000001b32c9a0800 Exception <a 'java/lang/reflect/InvocationTargetException'{0x00000000ebff7068}> (0x00000000ebff7068) thrown at [./open/src/hotspot/share/runtime/reflection.cpp, line 1242]
Event: 15.889 Thread 0x000001b32b4e3800 Exception <a 'java/lang/NoSuchMethodError'{0x00000000ebdf1688}: static Lorg/gradle/internal/build/event/types/DefaultTaskFailureResult;.<clinit>()V> (0x00000000ebdf1688) thrown at [./open/src/hotspot/share/prims/jni.cpp, line 1366]
Event: 15.890 Thread 0x000001b32b4e3800 Exception <a 'java/lang/NoSuchMethodError'{0x00000000ebc07ac0}: static Lorg/gradle/internal/build/event/types/DefaultFailure;.<clinit>()V> (0x00000000ebc07ac0) thrown at [./open/src/hotspot/share/prims/jni.cpp, line 1366]
Event: 16.130 Thread 0x000001b32c4c1800 Exception <a 'java/lang/NoSuchMethodError'{0x00000000eb2b1b70}: static Lorg/gradle/tooling/internal/provider/serialization/ClassLoaderDetails;.<clinit>()V> (0x00000000eb2b1b70) thrown at [./open/src/hotspot/share/prims/jni.cpp, line 1366]
Event: 16.132 Thread 0x000001b32c4c1800 Exception <a 'java/lang/NoSuchMethodError'{0x00000000eb2c2990}: static Lorg/gradle/tooling/internal/provider/serialization/WellKnownClassLoaderRegistry$KnownClassLoaderSpec;.<clinit>()V> (0x00000000eb2c2990) thrown at [./open/src/hotspot/share/prims/jni.c
Event: 16.133 Thread 0x000001b32c4c1800 Exception <a 'java/lang/NoSuchMethodError'{0x00000000eb2c40b8}: static Lorg/gradle/internal/classloader/ClassLoaderSpec;.<clinit>()V> (0x00000000eb2c40b8) thrown at [./open/src/hotspot/share/prims/jni.cpp, line 1366]
Event: 16.135 Thread 0x000001b32c4c1800 Exception <a 'java/lang/NoSuchMethodError'{0x00000000eb2d6298}: static Lorg/gradle/internal/classloader/ClassLoaderSpec;.<clinit>()V> (0x00000000eb2d6298) thrown at [./open/src/hotspot/share/prims/jni.cpp, line 1366]
Event: 16.137 Thread 0x000001b32c4c1800 Exception <a 'java/lang/NoSuchMethodError'{0x00000000eb2e2438}: static Lorg/gradle/internal/classloader/VisitableURLClassLoader$Spec;.<clinit>()V> (0x00000000eb2e2438) thrown at [./open/src/hotspot/share/prims/jni.cpp, line 1366]
Event: 21.699 Thread 0x000001b32b924000 Implicit null exception at 0x000001b31d388d77 to 0x000001b31d3893b0
Event: 60.963 Thread 0x000001b32b272000 Exception <a 'java/lang/NoClassDefFoundError'{0x00000000ea8726c8}: org/jetbrains/kotlin/gradle/plugin/KotlinPluginWrapper> (0x00000000ea8726c8) thrown at [./open/src/hotspot/share/oops/constantPool.cpp, line 770]

Events (10 events):
Event: 62.099 Thread 0x000001b32a14d800 Thread added: 0x000001b32a14d800
Event: 62.113 Thread 0x000001b32a152800 Thread added: 0x000001b32a152800
Event: 62.122 Thread 0x000001b32a14e800 Thread added: 0x000001b32a14e800
Event: 62.133 Thread 0x000001b32a150000 Thread added: 0x000001b32a150000
Event: 62.158 Thread 0x000001b32a14f000 Thread added: 0x000001b32a14f000
Event: 62.180 Thread 0x000001b32a151000 Thread added: 0x000001b32a151000
Event: 62.199 Thread 0x000001b32a14d000 Thread added: 0x000001b32a14d000
Event: 62.218 Thread 0x000001b32a154000 Thread added: 0x000001b32a154000
Event: 62.239 Thread 0x000001b32a157800 Thread added: 0x000001b32a157800
Event: 62.251 Thread 0x000001b32a156800 Thread added: 0x000001b32a156800


Dynamic libraries:
0x00007ff700c60000 - 0x00007ff700c6f000 	C:\Program Files\Java\jdk-11.0.17\bin\java.exe
0x00007ffc72cd0000 - 0x00007ffc72ee4000 	C:\WINDOWS\SYSTEM32\ntdll.dll
0x00007ffc721d0000 - 0x00007ffc72292000 	C:\WINDOWS\System32\KERNEL32.DLL
0x00007ffc70110000 - 0x00007ffc704ac000 	C:\WINDOWS\System32\KERNELBASE.dll
0x00007ffc70940000 - 0x00007ffc70a51000 	C:\WINDOWS\System32\ucrtbase.dll
0x00007ffc651e0000 - 0x00007ffc651f8000 	C:\Program Files\Java\jdk-11.0.17\bin\jli.dll
0x00007ffc64bf0000 - 0x00007ffc64c05000 	C:\Program Files\Java\jdk-11.0.17\bin\VCRUNTIME140.dll
0x00007ffc72be0000 - 0x00007ffc72c8e000 	C:\WINDOWS\System32\ADVAPI32.dll
0x00007ffc71c10000 - 0x00007ffc71cb7000 	C:\WINDOWS\System32\msvcrt.dll
0x00007ffc72540000 - 0x00007ffc725e4000 	C:\WINDOWS\System32\sechost.dll
0x00007ffc71cc0000 - 0x00007ffc71dd7000 	C:\WINDOWS\System32\RPCRT4.dll
0x00007ffc72800000 - 0x00007ffc729ab000 	C:\WINDOWS\System32\USER32.dll
0x00007ffc706e0000 - 0x00007ffc70706000 	C:\WINDOWS\System32\win32u.dll
0x00007ffc660c0000 - 0x00007ffc6634e000 	C:\WINDOWS\WinSxS\amd64_microsoft.windows.common-controls_6595b64144ccf1df_6.0.22621.608_none_a9444ca7c10bb01d\COMCTL32.dll
0x00007ffc70ae0000 - 0x00007ffc70b09000 	C:\WINDOWS\System32\GDI32.dll
0x00007ffc70550000 - 0x00007ffc70663000 	C:\WINDOWS\System32\gdi32full.dll
0x00007ffc704b0000 - 0x00007ffc7054a000 	C:\WINDOWS\System32\msvcp_win.dll
0x00007ffc680d0000 - 0x00007ffc680da000 	C:\WINDOWS\SYSTEM32\VERSION.dll
0x00007ffc727c0000 - 0x00007ffc727f1000 	C:\WINDOWS\System32\IMM32.DLL
0x00007ffc41580000 - 0x00007ffc4161b000 	C:\Program Files\Java\jdk-11.0.17\bin\msvcp140.dll
0x00007ffc167e0000 - 0x00007ffc172fa000 	C:\Program Files\Java\jdk-11.0.17\bin\server\jvm.dll
0x00007ffc71ae0000 - 0x00007ffc71ae8000 	C:\WINDOWS\System32\PSAPI.DLL
0x00007ffc546f0000 - 0x00007ffc546f9000 	C:\WINDOWS\SYSTEM32\WSOCK32.dll
0x00007ffc688d0000 - 0x00007ffc68904000 	C:\WINDOWS\SYSTEM32\WINMM.dll
0x00007ffc71a60000 - 0x00007ffc71ad1000 	C:\WINDOWS\System32\WS2_32.dll
0x00007ffc6f120000 - 0x00007ffc6f138000 	C:\WINDOWS\SYSTEM32\kernel.appcore.dll
0x00007ffc653b0000 - 0x00007ffc653c0000 	C:\Program Files\Java\jdk-11.0.17\bin\verify.dll
0x00007ffc6da60000 - 0x00007ffc6dc8e000 	C:\WINDOWS\SYSTEM32\DBGHELP.DLL
0x00007ffc71e40000 - 0x00007ffc721c9000 	C:\WINDOWS\System32\combase.dll
0x00007ffc72460000 - 0x00007ffc72537000 	C:\WINDOWS\System32\OLEAUT32.dll
0x00007ffc66610000 - 0x00007ffc66642000 	C:\WINDOWS\SYSTEM32\dbgcore.DLL
0x00007ffc70a60000 - 0x00007ffc70adb000 	C:\WINDOWS\System32\bcryptPrimitives.dll
0x00007ffc56050000 - 0x00007ffc56078000 	C:\Program Files\Java\jdk-11.0.17\bin\java.dll
0x00007ffc64df0000 - 0x00007ffc64dfa000 	C:\Program Files\Java\jdk-11.0.17\bin\jimage.dll
0x00007ffc63610000 - 0x00007ffc63626000 	C:\Program Files\Java\jdk-11.0.17\bin\zip.dll
0x00007ffc71110000 - 0x00007ffc71900000 	C:\WINDOWS\System32\SHELL32.dll
0x00007ffc6e0d0000 - 0x00007ffc6e99d000 	C:\WINDOWS\SYSTEM32\windows.storage.dll
0x00007ffc6df90000 - 0x00007ffc6e0ce000 	C:\WINDOWS\SYSTEM32\wintypes.dll
0x00007ffc71960000 - 0x00007ffc71a51000 	C:\WINDOWS\System32\SHCORE.dll
0x00007ffc729b0000 - 0x00007ffc72a0e000 	C:\WINDOWS\System32\shlwapi.dll
0x00007ffc70040000 - 0x00007ffc70061000 	C:\WINDOWS\SYSTEM32\profapi.dll
0x00007ffc5c7c0000 - 0x00007ffc5c7d9000 	C:\Program Files\Java\jdk-11.0.17\bin\net.dll
0x00007ffc6a530000 - 0x00007ffc6a667000 	C:\WINDOWS\SYSTEM32\WINHTTP.dll
0x00007ffc6f5f0000 - 0x00007ffc6f659000 	C:\WINDOWS\system32\mswsock.dll
0x00007ffc5c510000 - 0x00007ffc5c522000 	C:\Program Files\Java\jdk-11.0.17\bin\nio.dll
0x00007ffc68cf0000 - 0x00007ffc68d17000 	C:\Users\user\.gradle\native\68d5fa5c4cc2d200863cafc0d521ce42e7d3e7ee720ec0a83991735586a16f82\windows-amd64\native-platform.dll
0x00007ffc30b00000 - 0x00007ffc30c44000 	C:\Users\user\.gradle\native\e376f236ea51e6404a007f0833ffe2c6e607c4080706a723a18a27aeea778392\windows-amd64\native-platform-file-events.dll
0x00007ffc68ce0000 - 0x00007ffc68ce9000 	C:\Program Files\Java\jdk-11.0.17\bin\management.dll
0x00007ffc68cd0000 - 0x00007ffc68cdb000 	C:\Program Files\Java\jdk-11.0.17\bin\management_ext.dll
0x00007ffc6f990000 - 0x00007ffc6f9ab000 	C:\WINDOWS\SYSTEM32\CRYPTSP.dll
0x00007ffc6f090000 - 0x00007ffc6f0c5000 	C:\WINDOWS\system32\rsaenh.dll
0x00007ffc6f690000 - 0x00007ffc6f6b8000 	C:\WINDOWS\SYSTEM32\USERENV.dll
0x00007ffc6fac0000 - 0x00007ffc6fae8000 	C:\WINDOWS\SYSTEM32\bcrypt.dll
0x00007ffc6f970000 - 0x00007ffc6f97c000 	C:\WINDOWS\SYSTEM32\CRYPTBASE.dll
0x00007ffc6ec30000 - 0x00007ffc6ec5d000 	C:\WINDOWS\SYSTEM32\IPHLPAPI.DLL
0x00007ffc727b0000 - 0x00007ffc727b9000 	C:\WINDOWS\System32\NSI.dll
0x00007ffc680e0000 - 0x00007ffc680f9000 	C:\WINDOWS\SYSTEM32\dhcpcsvc6.DLL
0x00007ffc68070000 - 0x00007ffc6808f000 	C:\WINDOWS\SYSTEM32\dhcpcsvc.DLL
0x00007ffc6ec60000 - 0x00007ffc6ed53000 	C:\WINDOWS\SYSTEM32\DNSAPI.dll
0x00007ffc612f0000 - 0x00007ffc61315000 	C:\Program Files\Java\jdk-11.0.17\bin\sunec.dll
0x00007ffc67040000 - 0x00007ffc6704a000 	C:\Windows\System32\rasadhlp.dll
0x00007ffc66990000 - 0x00007ffc66a13000 	C:\WINDOWS\System32\fwpuclnt.dll
0x00007ffc68cc0000 - 0x00007ffc68ccd000 	C:\Program Files\Java\jdk-11.0.17\bin\sunmscapi.dll
0x00007ffc707d0000 - 0x00007ffc70936000 	C:\WINDOWS\System32\CRYPT32.dll
0x00007ffc6fa90000 - 0x00007ffc6fabe000 	C:\WINDOWS\SYSTEM32\ncrypt.dll
0x00007ffc6fa50000 - 0x00007ffc6fa87000 	C:\WINDOWS\SYSTEM32\NTASN1.dll

dbghelp: loaded successfully - version: 4.0.5 - missing functions: none
symbol engine: initialized successfully - sym options: 0x614 - pdb path: .;C:\Program Files\Java\jdk-11.0.17\bin;C:\WINDOWS\SYSTEM32;C:\WINDOWS\WinSxS\amd64_microsoft.windows.common-controls_6595b64144ccf1df_6.0.22621.608_none_a9444ca7c10bb01d;C:\Program Files\Java\jdk-11.0.17\bin\server;C:\Users\user\.gradle\native\68d5fa5c4cc2d200863cafc0d521ce42e7d3e7ee720ec0a83991735586a16f82\windows-amd64;C:\Users\user\.gradle\native\e376f236ea51e6404a007f0833ffe2c6e607c4080706a723a18a27aeea778392\windows-amd64

VM Arguments:
jvm_args: --add-opens=java.base/java.util=ALL-UNNAMED --add-opens=java.base/java.lang=ALL-UNNAMED --add-opens=java.base/java.lang.invoke=ALL-UNNAMED --add-opens=java.prefs/java.util.prefs=ALL-UNNAMED --add-opens=java.base/java.nio.charset=ALL-UNNAMED --add-opens=java.base/java.net=ALL-UNNAMED --add-opens=java.base/java.util.concurrent.atomic=ALL-UNNAMED -XX:MaxMetaspaceSize=256m -XX:+HeapDumpOnOutOfMemoryError -Xms256m -Xmx512m -Dfile.encoding=x-windows-949 -Duser.country=KR -Duser.language=ko -Duser.variant 
java_command: org.gradle.launcher.daemon.bootstrap.GradleDaemon 7.6.1
java_class_path (initial): C:\Users\user\.gradle\wrapper\dists\gradle-7.6.1-bin\2clxi94ab3brv6467628wnxmd\gradle-7.6.1\lib\gradle-launcher-7.6.1.jar
Launcher Type: SUN_STANDARD

[Global flags]
     intx CICompilerCount                          = 4                                         {product} {ergonomic}
   size_t CompressedClassSpaceSize                 = 260046848                                 {product} {ergonomic}
     uint ConcGCThreads                            = 2                                         {product} {ergonomic}
     uint G1ConcRefinementThreads                  = 8                                         {product} {ergonomic}
   size_t G1HeapRegionSize                         = 1048576                                   {product} {ergonomic}
    uintx GCDrainStackTargetSize                   = 64                                        {product} {ergonomic}
     bool HeapDumpOnOutOfMemoryError               = true                                   {manageable} {command line}
   size_t InitialHeapSize                          = 268435456                                 {product} {command line}
   size_t MarkStackSize                            = 4194304                                   {product} {ergonomic}
   size_t MaxHeapSize                              = 536870912                                 {product} {command line}
   size_t MaxMetaspaceSize                         = 268435456                                 {product} {command line}
   size_t MaxNewSize                               = 321912832                                 {product} {ergonomic}
   size_t MinHeapDeltaBytes                        = 1048576                                   {product} {ergonomic}
    uintx NonNMethodCodeHeapSize                   = 5836300                                {pd product} {ergonomic}
    uintx NonProfiledCodeHeapSize                  = 122910970                              {pd product} {ergonomic}
    uintx ProfiledCodeHeapSize                     = 122910970                              {pd product} {ergonomic}
    uintx ReservedCodeCacheSize                    = 251658240                              {pd product} {ergonomic}
     bool SegmentedCodeCache                       = true                                      {product} {ergonomic}
     bool UseCompressedClassPointers               = true                                 {lp64_product} {ergonomic}
     bool UseCompressedOops                        = true                                 {lp64_product} {ergonomic}
     bool UseG1GC                                  = true                                      {product} {ergonomic}
     bool UseLargePagesIndividualAllocation        = false                                  {pd product} {ergonomic}

Logging:
Log output configuration:
 #0: stdout all=warning uptime,level,tags
 #1: stderr all=off uptime,level,tags

Environment Variables:
JAVA_HOME=C:\Program Files\Java\jdk-11.0.16
CLASSPATH=C:\Program Files\Java\jdk-11.0.16\lib
PATH=C:\Program Files\Common Files\Oracle\Java\javapath;C:\Program Files (x86)\Common Files\Oracle\Java\javapath;C:\oraclexe\app\oracle\product\11.2.0\server\bin;;C:\Program Files\NVIDIA GPU Computing Toolkit\CUDA\v11.7\bin;C:\Program Files\NVIDIA GPU Computing Toolkit\CUDA\v11.7\libnvvp;C:\WINDOWS\system32;C:\WINDOWS;C:\WINDOWS\System32\Wbem;C:\WINDOWS\System32\WindowsPowerShell\v1.0\;C:\WINDOWS\System32\OpenSSH\;C:\Program Files\Bandizip\;C:\Program Files\Git\cmd;C:\Program Files\nodejs\;C:\MinGW\bin;C:\Program Files\Java\jdk-11.0.16\bin;C:\Program Files\NVIDIA Corporation\Nsight Compute 2022.2.1\;C:\Program Files (x86)\NVIDIA Corporation\PhysX\Common;C:\Program Files\TortoiseGit\bin;C:\Program Files\Docker\Docker\resources\bin;C:\Program Files\dotnet\;C:\WINDOWS\system32;C:\WINDOWS;C:\WINDOWS\System32\Wbem;C:\WINDOWS\System32\WindowsPowerShell\v1.0\;C:\WINDOWS\System32\OpenSSH\;C:\Users\user\AppData\Local\Programs\Python\Python39\Scripts\;C:\Users\user\AppData\Local\Programs\Python\Python39\;C:\Users\user\AppData\Local\Microsoft\WindowsApps;C:\Users\user\AppData\Local\GitHubDesktop\bin;C:\Users\user\AppData\Roaming\npm;C:\Program Files\JetBrains\PyCharm Community Edition 2022.2.1\bin;;C:\Program Files\JetBrains\IntelliJ IDEA Community Edition 2022.3.2\bin;;
USERNAME=user
OS=Windows_NT
PROCESSOR_IDENTIFIER=Intel64 Family 6 Model 140 Stepping 1, GenuineIntel



---------------  S Y S T E M  ---------------

OS: Windows 11 , 64 bit Build 22621 (10.0.22621.1485)
Hyper-V role detected

CPU:total 8 (initial active 8) (4 cores per cpu, 2 threads per core) family 6 model 140 stepping 1 microcode 0x9a, cmov, cx8, fxsr, mmx, sse, sse2, sse3, ssse3, sse4.1, sse4.2, popcnt, avx, avx2, aes, clmul, erms, 3dnowpref, lzcnt, ht, tsc, tscinvbit, bmi1, bmi2, adx, evex, sha, fma

Memory: 4k page, system-wide physical 7865M (398M free)
TotalPageFile size 11961M (AvailPageFile size 5M)
current process WorkingSet (physical memory assigned to process): 456M, peak: 456M
current process commit charge ("private bytes"): 521M, peak: 522M

vm_info: Java HotSpot(TM) 64-Bit Server VM (11.0.17+10-LTS-269) for windows-amd64 JRE (11.0.17+10-LTS-269), built on Sep 13 2022 19:26:37 by "mach5one" with MS VC++ 15.9 (VS2017)

END.
