#
# There is insufficient memory for the Java Runtime Environment to continue.
# Native memory allocation (malloc) failed to allocate 174416 bytes for Chunk::new
# Possible reasons:
#   The system is out of physical RAM or swap space
#   The process is running with CompressedOops enabled, and the Java Heap may be blocking the growth of the native heap
# Possible solutions:
#   Reduce memory load on the system
#   Increase physical memory or swap space
#   Check if swap backing store is full
#   Decrease Java heap size (-Xmx/-Xms)
#   Decrease number of Java threads
#   Decrease Java thread stack sizes (-Xss)
#   Set larger code cache with -XX:ReservedCodeCacheSize=
#   JVM is running with Unscaled Compressed Oops mode in which the Java heap is
#     placed in the first 4GB address space. The Java Heap base address is the
#     maximum limit for the native heap growth. Please use -XX:HeapBaseMinAddress
#     to set the Java Heap base and to place the Java Heap above 4GB virtual address.
# This output file may be truncated or incomplete.
#
#  Out of Memory Error (./open/src/hotspot/share/memory/arena.cpp:197), pid=28388, tid=10252
#
# JRE version: Java(TM) SE Runtime Environment 18.9 (11.0.17+10) (build 11.0.17+10-LTS-269)
# Java VM: Java HotSpot(TM) 64-Bit Server VM 18.9 (11.0.17+10-LTS-269, mixed mode, tiered, compressed oops, g1 gc, windows-amd64)
# No core dump will be written. Minidumps are not enabled by default on client versions of Windows
#

---------------  S U M M A R Y ------------

Command Line: -javaagent:C:\Program Files\JetBrains\IntelliJ IDEA Community Edition 2022.3.2\lib\idea_rt.jar=53030:C:\Program Files\JetBrains\IntelliJ IDEA Community Edition 2022.3.2\bin -Dfile.encoding=UTF-8 com.example.todolist.TodolistApplication

Host: 11th Gen Intel(R) Core(TM) i7-1165G7 @ 2.80GHz, 8 cores, 7G,  Windows 11 , 64 bit Build 22621 (10.0.22621.1485)
Time: Mon May 22 08:53:19 2023  Windows 11 , 64 bit Build 22621 (10.0.22621.1485) elapsed time: 0.295903 seconds (0d 0h 0m 0s)

---------------  T H R E A D  ---------------

Current thread (0x00000199c5756800):  JavaThread "C2 CompilerThread0" daemon [_thread_in_native, id=10252, stack(0x0000000777300000,0x0000000777400000)]


Current CompileTask:
C2:    295  169       4       java.util.HashMap::putVal (300 bytes)

Stack: [0x0000000777300000,0x0000000777400000]
Native frames: (J=compiled Java code, j=interpreted, Vv=VM code, C=native code)
V  [jvm.dll+0x62b5da]
V  [jvm.dll+0x7653df]
V  [jvm.dll+0x766a89]
V  [jvm.dll+0x767113]
V  [jvm.dll+0x23dd28]
V  [jvm.dll+0xb2a1c]
V  [jvm.dll+0xb2fdc]
V  [jvm.dll+0x341597]
V  [jvm.dll+0x18ce51]
V  [jvm.dll+0x1f8815]
V  [jvm.dll+0x1f78fd]
V  [jvm.dll+0x177c91]
V  [jvm.dll+0x207296]
V  [jvm.dll+0x20542b]
V  [jvm.dll+0x72b2c0]
V  [jvm.dll+0x723e64]
V  [jvm.dll+0x62a485]
C  [ucrtbase.dll+0x29363]
C  [KERNEL32.DLL+0x1269d]
C  [ntdll.dll+0x5a9f8]


---------------  P R O C E S S  ---------------

Threads class SMR info:
_java_thread_list=0x00000199c6090ef0, length=10, elements={
0x00000199a79d6800, 0x00000199c5f83800, 0x00000199c5f8e000, 0x00000199c5ff2000,
0x00000199c5ff3000, 0x00000199c5755000, 0x00000199c5756800, 0x00000199c575a800,
0x00000199c575e000, 0x00000199c6162000
}

Java Threads: ( => current thread )
  0x00000199a79d6800 JavaThread "main" [_thread_in_vm, id=22828, stack(0x0000000776700000,0x0000000776800000)]
  0x00000199c5f83800 JavaThread "Reference Handler" daemon [_thread_blocked, id=21180, stack(0x0000000776e00000,0x0000000776f00000)]
  0x00000199c5f8e000 JavaThread "Finalizer" daemon [_thread_blocked, id=21280, stack(0x0000000776f00000,0x0000000777000000)]
  0x00000199c5ff2000 JavaThread "Signal Dispatcher" daemon [_thread_blocked, id=24768, stack(0x0000000777000000,0x0000000777100000)]
  0x00000199c5ff3000 JavaThread "Attach Listener" daemon [_thread_blocked, id=26920, stack(0x0000000777100000,0x0000000777200000)]
  0x00000199c5755000 JavaThread "Service Thread" daemon [_thread_blocked, id=15184, stack(0x0000000777200000,0x0000000777300000)]
=>0x00000199c5756800 JavaThread "C2 CompilerThread0" daemon [_thread_in_native, id=10252, stack(0x0000000777300000,0x0000000777400000)]
  0x00000199c575a800 JavaThread "C1 CompilerThread0" daemon [_thread_blocked, id=20536, stack(0x0000000777400000,0x0000000777500000)]
  0x00000199c575e000 JavaThread "Sweeper thread" daemon [_thread_blocked, id=11908, stack(0x0000000777500000,0x0000000777600000)]
  0x00000199c6162000 JavaThread "Common-Cleaner" daemon [_thread_blocked, id=31356, stack(0x0000000777600000,0x0000000777700000)]

Other Threads:
  0x00000199c5750000 VMThread "VM Thread" [stack: 0x0000000776d00000,0x0000000776e00000] [id=26620]
  0x00000199a79ec000 GCTaskThread "GC Thread#0" [stack: 0x0000000776800000,0x0000000776900000] [id=19864]
  0x00000199a7a1a800 ConcurrentGCThread "G1 Main Marker" [stack: 0x0000000776900000,0x0000000776a00000] [id=17400]
  0x00000199a7a1d000 ConcurrentGCThread "G1 Conc#0" [stack: 0x0000000776a00000,0x0000000776b00000] [id=6468]
  0x00000199c55a5800 ConcurrentGCThread "G1 Refine#0" [stack: 0x0000000776b00000,0x0000000776c00000] [id=13352]
  0x00000199c55a7800 ConcurrentGCThread "G1 Young RemSet Sampling" [stack: 0x0000000776c00000,0x0000000776d00000] [id=20252]

Threads with active compile tasks:
C2 CompilerThread0      319  169       4       java.util.HashMap::putVal (300 bytes)

VM state:not at safepoint (normal execution)

VM Mutex/Monitor currently owned by a thread: None

Heap address: 0x0000000085000000, size: 1968 MB, Compressed Oops mode: 32-bit
Narrow klass base: 0x0000000000000000, Narrow klass shift: 3
Compressed class space size: 1073741824 Address: 0x0000000100000000

Heap:
 garbage-first heap   total 126976K, used 2048K [0x0000000085000000, 0x0000000100000000)
  region size 1024K, 3 young (3072K), 0 survivors (0K)
 Metaspace       used 5363K, capacity 5435K, committed 5632K, reserved 1056768K
  class space    used 462K, capacity 470K, committed 512K, reserved 1048576K
Heap Regions: E=young(eden), S=young(survivor), O=old, HS=humongous(starts), HC=humongous(continues), CS=collection set, F=free, A=archive, TAMS=top-at-mark-start (previous, next)
|   0|0x0000000085000000, 0x0000000085000000, 0x0000000085100000|  0%| F|  |TAMS 0x0000000085000000, 0x0000000085000000| Untracked 
|   1|0x0000000085100000, 0x0000000085100000, 0x0000000085200000|  0%| F|  |TAMS 0x0000000085100000, 0x0000000085100000| Untracked 
|   2|0x0000000085200000, 0x0000000085200000, 0x0000000085300000|  0%| F|  |TAMS 0x0000000085200000, 0x0000000085200000| Untracked 
|   3|0x0000000085300000, 0x0000000085300000, 0x0000000085400000|  0%| F|  |TAMS 0x0000000085300000, 0x0000000085300000| Untracked 
|   4|0x0000000085400000, 0x0000000085400000, 0x0000000085500000|  0%| F|  |TAMS 0x0000000085400000, 0x0000000085400000| Untracked 
|   5|0x0000000085500000, 0x0000000085500000, 0x0000000085600000|  0%| F|  |TAMS 0x0000000085500000, 0x0000000085500000| Untracked 
|   6|0x0000000085600000, 0x0000000085600000, 0x0000000085700000|  0%| F|  |TAMS 0x0000000085600000, 0x0000000085600000| Untracked 
|   7|0x0000000085700000, 0x0000000085700000, 0x0000000085800000|  0%| F|  |TAMS 0x0000000085700000, 0x0000000085700000| Untracked 
|   8|0x0000000085800000, 0x0000000085800000, 0x0000000085900000|  0%| F|  |TAMS 0x0000000085800000, 0x0000000085800000| Untracked 
|   9|0x0000000085900000, 0x0000000085900000, 0x0000000085a00000|  0%| F|  |TAMS 0x0000000085900000, 0x0000000085900000| Untracked 
|  10|0x0000000085a00000, 0x0000000085a00000, 0x0000000085b00000|  0%| F|  |TAMS 0x0000000085a00000, 0x0000000085a00000| Untracked 
|  11|0x0000000085b00000, 0x0000000085b00000, 0x0000000085c00000|  0%| F|  |TAMS 0x0000000085b00000, 0x0000000085b00000| Untracked 
|  12|0x0000000085c00000, 0x0000000085c00000, 0x0000000085d00000|  0%| F|  |TAMS 0x0000000085c00000, 0x0000000085c00000| Untracked 
|  13|0x0000000085d00000, 0x0000000085d00000, 0x0000000085e00000|  0%| F|  |TAMS 0x0000000085d00000, 0x0000000085d00000| Untracked 
|  14|0x0000000085e00000, 0x0000000085e00000, 0x0000000085f00000|  0%| F|  |TAMS 0x0000000085e00000, 0x0000000085e00000| Untracked 
|  15|0x0000000085f00000, 0x0000000085f00000, 0x0000000086000000|  0%| F|  |TAMS 0x0000000085f00000, 0x0000000085f00000| Untracked 
|  16|0x0000000086000000, 0x0000000086000000, 0x0000000086100000|  0%| F|  |TAMS 0x0000000086000000, 0x0000000086000000| Untracked 
|  17|0x0000000086100000, 0x0000000086100000, 0x0000000086200000|  0%| F|  |TAMS 0x0000000086100000, 0x0000000086100000| Untracked 
|  18|0x0000000086200000, 0x0000000086200000, 0x0000000086300000|  0%| F|  |TAMS 0x0000000086200000, 0x0000000086200000| Untracked 
|  19|0x0000000086300000, 0x0000000086300000, 0x0000000086400000|  0%| F|  |TAMS 0x0000000086300000, 0x0000000086300000| Untracked 
|  20|0x0000000086400000, 0x0000000086400000, 0x0000000086500000|  0%| F|  |TAMS 0x0000000086400000, 0x0000000086400000| Untracked 
|  21|0x0000000086500000, 0x0000000086500000, 0x0000000086600000|  0%| F|  |TAMS 0x0000000086500000, 0x0000000086500000| Untracked 
|  22|0x0000000086600000, 0x0000000086600000, 0x0000000086700000|  0%| F|  |TAMS 0x0000000086600000, 0x0000000086600000| Untracked 
|  23|0x0000000086700000, 0x0000000086700000, 0x0000000086800000|  0%| F|  |TAMS 0x0000000086700000, 0x0000000086700000| Untracked 
|  24|0x0000000086800000, 0x0000000086800000, 0x0000000086900000|  0%| F|  |TAMS 0x0000000086800000, 0x0000000086800000| Untracked 
|  25|0x0000000086900000, 0x0000000086900000, 0x0000000086a00000|  0%| F|  |TAMS 0x0000000086900000, 0x0000000086900000| Untracked 
|  26|0x0000000086a00000, 0x0000000086a00000, 0x0000000086b00000|  0%| F|  |TAMS 0x0000000086a00000, 0x0000000086a00000| Untracked 
|  27|0x0000000086b00000, 0x0000000086b00000, 0x0000000086c00000|  0%| F|  |TAMS 0x0000000086b00000, 0x0000000086b00000| Untracked 
|  28|0x0000000086c00000, 0x0000000086c00000, 0x0000000086d00000|  0%| F|  |TAMS 0x0000000086c00000, 0x0000000086c00000| Untracked 
|  29|0x0000000086d00000, 0x0000000086d00000, 0x0000000086e00000|  0%| F|  |TAMS 0x0000000086d00000, 0x0000000086d00000| Untracked 
|  30|0x0000000086e00000, 0x0000000086e00000, 0x0000000086f00000|  0%| F|  |TAMS 0x0000000086e00000, 0x0000000086e00000| Untracked 
|  31|0x0000000086f00000, 0x0000000086f00000, 0x0000000087000000|  0%| F|  |TAMS 0x0000000086f00000, 0x0000000086f00000| Untracked 
|  32|0x0000000087000000, 0x0000000087000000, 0x0000000087100000|  0%| F|  |TAMS 0x0000000087000000, 0x0000000087000000| Untracked 
|  33|0x0000000087100000, 0x0000000087100000, 0x0000000087200000|  0%| F|  |TAMS 0x0000000087100000, 0x0000000087100000| Untracked 
|  34|0x0000000087200000, 0x0000000087200000, 0x0000000087300000|  0%| F|  |TAMS 0x0000000087200000, 0x0000000087200000| Untracked 
|  35|0x0000000087300000, 0x0000000087300000, 0x0000000087400000|  0%| F|  |TAMS 0x0000000087300000, 0x0000000087300000| Untracked 
|  36|0x0000000087400000, 0x0000000087400000, 0x0000000087500000|  0%| F|  |TAMS 0x0000000087400000, 0x0000000087400000| Untracked 
|  37|0x0000000087500000, 0x0000000087500000, 0x0000000087600000|  0%| F|  |TAMS 0x0000000087500000, 0x0000000087500000| Untracked 
|  38|0x0000000087600000, 0x0000000087600000, 0x0000000087700000|  0%| F|  |TAMS 0x0000000087600000, 0x0000000087600000| Untracked 
|  39|0x0000000087700000, 0x0000000087700000, 0x0000000087800000|  0%| F|  |TAMS 0x0000000087700000, 0x0000000087700000| Untracked 
|  40|0x0000000087800000, 0x0000000087800000, 0x0000000087900000|  0%| F|  |TAMS 0x0000000087800000, 0x0000000087800000| Untracked 
|  41|0x0000000087900000, 0x0000000087900000, 0x0000000087a00000|  0%| F|  |TAMS 0x0000000087900000, 0x0000000087900000| Untracked 
|  42|0x0000000087a00000, 0x0000000087a00000, 0x0000000087b00000|  0%| F|  |TAMS 0x0000000087a00000, 0x0000000087a00000| Untracked 
|  43|0x0000000087b00000, 0x0000000087b00000, 0x0000000087c00000|  0%| F|  |TAMS 0x0000000087b00000, 0x0000000087b00000| Untracked 
|  44|0x0000000087c00000, 0x0000000087c00000, 0x0000000087d00000|  0%| F|  |TAMS 0x0000000087c00000, 0x0000000087c00000| Untracked 
|  45|0x0000000087d00000, 0x0000000087d00000, 0x0000000087e00000|  0%| F|  |TAMS 0x0000000087d00000, 0x0000000087d00000| Untracked 
|  46|0x0000000087e00000, 0x0000000087e00000, 0x0000000087f00000|  0%| F|  |TAMS 0x0000000087e00000, 0x0000000087e00000| Untracked 
|  47|0x0000000087f00000, 0x0000000087f00000, 0x0000000088000000|  0%| F|  |TAMS 0x0000000087f00000, 0x0000000087f00000| Untracked 
|  48|0x0000000088000000, 0x0000000088000000, 0x0000000088100000|  0%| F|  |TAMS 0x0000000088000000, 0x0000000088000000| Untracked 
|  49|0x0000000088100000, 0x0000000088100000, 0x0000000088200000|  0%| F|  |TAMS 0x0000000088100000, 0x0000000088100000| Untracked 
|  50|0x0000000088200000, 0x0000000088200000, 0x0000000088300000|  0%| F|  |TAMS 0x0000000088200000, 0x0000000088200000| Untracked 
|  51|0x0000000088300000, 0x0000000088300000, 0x0000000088400000|  0%| F|  |TAMS 0x0000000088300000, 0x0000000088300000| Untracked 
|  52|0x0000000088400000, 0x0000000088400000, 0x0000000088500000|  0%| F|  |TAMS 0x0000000088400000, 0x0000000088400000| Untracked 
|  53|0x0000000088500000, 0x0000000088500000, 0x0000000088600000|  0%| F|  |TAMS 0x0000000088500000, 0x0000000088500000| Untracked 
|  54|0x0000000088600000, 0x0000000088600000, 0x0000000088700000|  0%| F|  |TAMS 0x0000000088600000, 0x0000000088600000| Untracked 
|  55|0x0000000088700000, 0x0000000088700000, 0x0000000088800000|  0%| F|  |TAMS 0x0000000088700000, 0x0000000088700000| Untracked 
|  56|0x0000000088800000, 0x0000000088800000, 0x0000000088900000|  0%| F|  |TAMS 0x0000000088800000, 0x0000000088800000| Untracked 
|  57|0x0000000088900000, 0x0000000088900000, 0x0000000088a00000|  0%| F|  |TAMS 0x0000000088900000, 0x0000000088900000| Untracked 
|  58|0x0000000088a00000, 0x0000000088a00000, 0x0000000088b00000|  0%| F|  |TAMS 0x0000000088a00000, 0x0000000088a00000| Untracked 
|  59|0x0000000088b00000, 0x0000000088b00000, 0x0000000088c00000|  0%| F|  |TAMS 0x0000000088b00000, 0x0000000088b00000| Untracked 
|  60|0x0000000088c00000, 0x0000000088c00000, 0x0000000088d00000|  0%| F|  |TAMS 0x0000000088c00000, 0x0000000088c00000| Untracked 
|  61|0x0000000088d00000, 0x0000000088d00000, 0x0000000088e00000|  0%| F|  |TAMS 0x0000000088d00000, 0x0000000088d00000| Untracked 
|  62|0x0000000088e00000, 0x0000000088e00000, 0x0000000088f00000|  0%| F|  |TAMS 0x0000000088e00000, 0x0000000088e00000| Untracked 
|  63|0x0000000088f00000, 0x0000000088f00000, 0x0000000089000000|  0%| F|  |TAMS 0x0000000088f00000, 0x0000000088f00000| Untracked 
|  64|0x0000000089000000, 0x0000000089000000, 0x0000000089100000|  0%| F|  |TAMS 0x0000000089000000, 0x0000000089000000| Untracked 
|  65|0x0000000089100000, 0x0000000089100000, 0x0000000089200000|  0%| F|  |TAMS 0x0000000089100000, 0x0000000089100000| Untracked 
|  66|0x0000000089200000, 0x0000000089200000, 0x0000000089300000|  0%| F|  |TAMS 0x0000000089200000, 0x0000000089200000| Untracked 
|  67|0x0000000089300000, 0x0000000089300000, 0x0000000089400000|  0%| F|  |TAMS 0x0000000089300000, 0x0000000089300000| Untracked 
|  68|0x0000000089400000, 0x0000000089400000, 0x0000000089500000|  0%| F|  |TAMS 0x0000000089400000, 0x0000000089400000| Untracked 
|  69|0x0000000089500000, 0x0000000089500000, 0x0000000089600000|  0%| F|  |TAMS 0x0000000089500000, 0x0000000089500000| Untracked 
|  70|0x0000000089600000, 0x0000000089600000, 0x0000000089700000|  0%| F|  |TAMS 0x0000000089600000, 0x0000000089600000| Untracked 
|  71|0x0000000089700000, 0x0000000089700000, 0x0000000089800000|  0%| F|  |TAMS 0x0000000089700000, 0x0000000089700000| Untracked 
|  72|0x0000000089800000, 0x0000000089800000, 0x0000000089900000|  0%| F|  |TAMS 0x0000000089800000, 0x0000000089800000| Untracked 
|  73|0x0000000089900000, 0x0000000089900000, 0x0000000089a00000|  0%| F|  |TAMS 0x0000000089900000, 0x0000000089900000| Untracked 
|  74|0x0000000089a00000, 0x0000000089a00000, 0x0000000089b00000|  0%| F|  |TAMS 0x0000000089a00000, 0x0000000089a00000| Untracked 
|  75|0x0000000089b00000, 0x0000000089b00000, 0x0000000089c00000|  0%| F|  |TAMS 0x0000000089b00000, 0x0000000089b00000| Untracked 
|  76|0x0000000089c00000, 0x0000000089c00000, 0x0000000089d00000|  0%| F|  |TAMS 0x0000000089c00000, 0x0000000089c00000| Untracked 
|  77|0x0000000089d00000, 0x0000000089d00000, 0x0000000089e00000|  0%| F|  |TAMS 0x0000000089d00000, 0x0000000089d00000| Untracked 
|  78|0x0000000089e00000, 0x0000000089e00000, 0x0000000089f00000|  0%| F|  |TAMS 0x0000000089e00000, 0x0000000089e00000| Untracked 
|  79|0x0000000089f00000, 0x0000000089f00000, 0x000000008a000000|  0%| F|  |TAMS 0x0000000089f00000, 0x0000000089f00000| Untracked 
|  80|0x000000008a000000, 0x000000008a000000, 0x000000008a100000|  0%| F|  |TAMS 0x000000008a000000, 0x000000008a000000| Untracked 
|  81|0x000000008a100000, 0x000000008a100000, 0x000000008a200000|  0%| F|  |TAMS 0x000000008a100000, 0x000000008a100000| Untracked 
|  82|0x000000008a200000, 0x000000008a200000, 0x000000008a300000|  0%| F|  |TAMS 0x000000008a200000, 0x000000008a200000| Untracked 
|  83|0x000000008a300000, 0x000000008a300000, 0x000000008a400000|  0%| F|  |TAMS 0x000000008a300000, 0x000000008a300000| Untracked 
|  84|0x000000008a400000, 0x000000008a400000, 0x000000008a500000|  0%| F|  |TAMS 0x000000008a400000, 0x000000008a400000| Untracked 
|  85|0x000000008a500000, 0x000000008a500000, 0x000000008a600000|  0%| F|  |TAMS 0x000000008a500000, 0x000000008a500000| Untracked 
|  86|0x000000008a600000, 0x000000008a600000, 0x000000008a700000|  0%| F|  |TAMS 0x000000008a600000, 0x000000008a600000| Untracked 
|  87|0x000000008a700000, 0x000000008a700000, 0x000000008a800000|  0%| F|  |TAMS 0x000000008a700000, 0x000000008a700000| Untracked 
|  88|0x000000008a800000, 0x000000008a800000, 0x000000008a900000|  0%| F|  |TAMS 0x000000008a800000, 0x000000008a800000| Untracked 
|  89|0x000000008a900000, 0x000000008a900000, 0x000000008aa00000|  0%| F|  |TAMS 0x000000008a900000, 0x000000008a900000| Untracked 
|  90|0x000000008aa00000, 0x000000008aa00000, 0x000000008ab00000|  0%| F|  |TAMS 0x000000008aa00000, 0x000000008aa00000| Untracked 
|  91|0x000000008ab00000, 0x000000008ab00000, 0x000000008ac00000|  0%| F|  |TAMS 0x000000008ab00000, 0x000000008ab00000| Untracked 
|  92|0x000000008ac00000, 0x000000008ac00000, 0x000000008ad00000|  0%| F|  |TAMS 0x000000008ac00000, 0x000000008ac00000| Untracked 
|  93|0x000000008ad00000, 0x000000008ad00000, 0x000000008ae00000|  0%| F|  |TAMS 0x000000008ad00000, 0x000000008ad00000| Untracked 
|  94|0x000000008ae00000, 0x000000008ae00000, 0x000000008af00000|  0%| F|  |TAMS 0x000000008ae00000, 0x000000008ae00000| Untracked 
|  95|0x000000008af00000, 0x000000008af00000, 0x000000008b000000|  0%| F|  |TAMS 0x000000008af00000, 0x000000008af00000| Untracked 
|  96|0x000000008b000000, 0x000000008b000000, 0x000000008b100000|  0%| F|  |TAMS 0x000000008b000000, 0x000000008b000000| Untracked 
|  97|0x000000008b100000, 0x000000008b100000, 0x000000008b200000|  0%| F|  |TAMS 0x000000008b100000, 0x000000008b100000| Untracked 
|  98|0x000000008b200000, 0x000000008b200000, 0x000000008b300000|  0%| F|  |TAMS 0x000000008b200000, 0x000000008b200000| Untracked 
|  99|0x000000008b300000, 0x000000008b300000, 0x000000008b400000|  0%| F|  |TAMS 0x000000008b300000, 0x000000008b300000| Untracked 
| 100|0x000000008b400000, 0x000000008b400000, 0x000000008b500000|  0%| F|  |TAMS 0x000000008b400000, 0x000000008b400000| Untracked 
| 101|0x000000008b500000, 0x000000008b500000, 0x000000008b600000|  0%| F|  |TAMS 0x000000008b500000, 0x000000008b500000| Untracked 
| 102|0x000000008b600000, 0x000000008b600000, 0x000000008b700000|  0%| F|  |TAMS 0x000000008b600000, 0x000000008b600000| Untracked 
| 103|0x000000008b700000, 0x000000008b700000, 0x000000008b800000|  0%| F|  |TAMS 0x000000008b700000, 0x000000008b700000| Untracked 
| 104|0x000000008b800000, 0x000000008b800000, 0x000000008b900000|  0%| F|  |TAMS 0x000000008b800000, 0x000000008b800000| Untracked 
| 105|0x000000008b900000, 0x000000008b900000, 0x000000008ba00000|  0%| F|  |TAMS 0x000000008b900000, 0x000000008b900000| Untracked 
| 106|0x000000008ba00000, 0x000000008ba00000, 0x000000008bb00000|  0%| F|  |TAMS 0x000000008ba00000, 0x000000008ba00000| Untracked 
| 107|0x000000008bb00000, 0x000000008bb00000, 0x000000008bc00000|  0%| F|  |TAMS 0x000000008bb00000, 0x000000008bb00000| Untracked 
| 108|0x000000008bc00000, 0x000000008bc00000, 0x000000008bd00000|  0%| F|  |TAMS 0x000000008bc00000, 0x000000008bc00000| Untracked 
| 109|0x000000008bd00000, 0x000000008bd00000, 0x000000008be00000|  0%| F|  |TAMS 0x000000008bd00000, 0x000000008bd00000| Untracked 
| 110|0x000000008be00000, 0x000000008be00000, 0x000000008bf00000|  0%| F|  |TAMS 0x000000008be00000, 0x000000008be00000| Untracked 
| 111|0x000000008bf00000, 0x000000008bf00000, 0x000000008c000000|  0%| F|  |TAMS 0x000000008bf00000, 0x000000008bf00000| Untracked 
| 112|0x000000008c000000, 0x000000008c000000, 0x000000008c100000|  0%| F|  |TAMS 0x000000008c000000, 0x000000008c000000| Untracked 
| 113|0x000000008c100000, 0x000000008c100000, 0x000000008c200000|  0%| F|  |TAMS 0x000000008c100000, 0x000000008c100000| Untracked 
| 114|0x000000008c200000, 0x000000008c200000, 0x000000008c300000|  0%| F|  |TAMS 0x000000008c200000, 0x000000008c200000| Untracked 
| 115|0x000000008c300000, 0x000000008c300000, 0x000000008c400000|  0%| F|  |TAMS 0x000000008c300000, 0x000000008c300000| Untracked 
| 116|0x000000008c400000, 0x000000008c400000, 0x000000008c500000|  0%| F|  |TAMS 0x000000008c400000, 0x000000008c400000| Untracked 
| 117|0x000000008c500000, 0x000000008c500000, 0x000000008c600000|  0%| F|  |TAMS 0x000000008c500000, 0x000000008c500000| Untracked 
| 118|0x000000008c600000, 0x000000008c600000, 0x000000008c700000|  0%| F|  |TAMS 0x000000008c600000, 0x000000008c600000| Untracked 
| 119|0x000000008c700000, 0x000000008c700000, 0x000000008c800000|  0%| F|  |TAMS 0x000000008c700000, 0x000000008c700000| Untracked 
| 120|0x000000008c800000, 0x000000008c800000, 0x000000008c900000|  0%| F|  |TAMS 0x000000008c800000, 0x000000008c800000| Untracked 
| 121|0x000000008c900000, 0x000000008c9f6478, 0x000000008ca00000| 96%| E|  |TAMS 0x000000008c900000, 0x000000008c900000| Complete 
| 122|0x000000008ca00000, 0x000000008cb00000, 0x000000008cb00000|100%| E|CS|TAMS 0x000000008ca00000, 0x000000008ca00000| Complete 
| 123|0x000000008cb00000, 0x000000008cc00000, 0x000000008cc00000|100%| E|CS|TAMS 0x000000008cb00000, 0x000000008cb00000| Complete 

Card table byte_map: [0x00000199be7a0000,0x00000199beb80000] _byte_map_base: 0x00000199be378000

Marking Bits (Prev, Next): (CMBitMap*) 0x00000199a7a122e8, (CMBitMap*) 0x00000199a7a12320
 Prev Bits: [0x00000199bef60000, 0x00000199c0e20000)
 Next Bits: [0x00000199c0e20000, 0x00000199c2ce0000)

Polling page: 0x00000199a71a0000

Metaspace:

Usage:
  Non-class:      4.85 MB capacity,     4.81 MB (>99%) used,    41.02 KB ( <1%) free+waste,     2.44 KB ( <1%) overhead. 
      Class:    502.00 KB capacity,   467.72 KB ( 93%) used,    32.91 KB (  7%) free+waste,     1.38 KB ( <1%) overhead. 
       Both:      5.34 MB capacity,     5.26 MB ( 99%) used,    73.92 KB (  1%) free+waste,     3.81 KB ( <1%) overhead. 

Virtual space:
  Non-class space:        8.00 MB reserved,       5.00 MB ( 63%) committed 
      Class space:        1.00 GB reserved,     512.00 KB ( <1%) committed 
             Both:        1.01 GB reserved,       5.50 MB ( <1%) committed 

Chunk freelists:
   Non-Class:  3.38 KB
       Class:  1.25 KB
        Both:  4.63 KB

CodeHeap 'non-profiled nmethods': size=120000Kb used=51Kb max_used=51Kb free=119949Kb
 bounds [0x00000199b6b60000, 0x00000199b6dd0000, 0x00000199be090000]
CodeHeap 'profiled nmethods': size=120000Kb used=248Kb max_used=248Kb free=119751Kb
 bounds [0x00000199af630000, 0x00000199af8a0000, 0x00000199b6b60000]
CodeHeap 'non-nmethods': size=5760Kb used=1046Kb max_used=1046Kb free=4713Kb
 bounds [0x00000199af090000, 0x00000199af300000, 0x00000199af630000]
 total_blobs=516 nmethods=203 adapters=225
 compilation: enabled
              stopped_count=0, restarted_count=0
 full_count=0

Compilation events (10 events):
Event: 0.291 Thread 0x00000199c575a800  171       3       java.util.ImmutableCollections$Set12::iterator (9 bytes)
Event: 0.291 Thread 0x00000199c575a800 nmethod 171 0x00000199af663e10 code [0x00000199af663fc0, 0x00000199af6642f8]
Event: 0.292 Thread 0x00000199c575a800  173       1       java.lang.module.ResolvedModule::configuration (5 bytes)
Event: 0.293 Thread 0x00000199c575a800 nmethod 173 0x00000199b6b6ad10 code [0x00000199b6b6aea0, 0x00000199b6b6af58]
Event: 0.293 Thread 0x00000199c575a800  174       3       java.util.Collections$UnmodifiableCollection$1::hasNext (10 bytes)
Event: 0.293 Thread 0x00000199c575a800 nmethod 174 0x00000199af664410 code [0x00000199af6645c0, 0x00000199af664788]
Event: 0.293 Thread 0x00000199c575a800  175       1       java.lang.module.ModuleDescriptor::isOpen (5 bytes)
Event: 0.293 Thread 0x00000199c575a800 nmethod 175 0x00000199b6b6b010 code [0x00000199b6b6b1a0, 0x00000199b6b6b258]
Event: 0.294 Thread 0x00000199c575a800  176       1       java.lang.module.ModuleDescriptor$Provides::service (5 bytes)
Event: 0.294 Thread 0x00000199c575a800 nmethod 176 0x00000199b6b6b310 code [0x00000199b6b6b4a0, 0x00000199b6b6b558]

GC Heap History (0 events):
No events

Deoptimization events (0 events):
No events

Classes redefined (0 events):
No events

Internal exceptions (0 events):
No events

Events (10 events):
Event: 0.293 loading class java/util/concurrent/CopyOnWriteArrayList
Event: 0.293 loading class java/util/concurrent/CopyOnWriteArrayList done
Event: 0.293 loading class jdk/internal/module/ServicesCatalog$ServiceProvider
Event: 0.293 loading class jdk/internal/module/ServicesCatalog$ServiceProvider done
Event: 0.294 loading class java/lang/ModuleLayer$Controller
Event: 0.294 loading class java/lang/ModuleLayer$Controller done
Event: 0.294 loading class jdk/internal/module/IllegalAccessLogger$Mode
Event: 0.294 loading class jdk/internal/module/IllegalAccessLogger$Mode done
Event: 0.294 loading class jdk/internal/module/IllegalAccessLogger$Builder
Event: 0.294 loading class jdk/internal/module/IllegalAccessLogger$Builder done


Dynamic libraries:
0x00007ff700c60000 - 0x00007ff700c6f000 	C:\Program Files\Java\jdk-11.0.17\bin\java.exe
0x00007ffc72cd0000 - 0x00007ffc72ee4000 	C:\WINDOWS\SYSTEM32\ntdll.dll
0x00007ffc721d0000 - 0x00007ffc72292000 	C:\WINDOWS\System32\KERNEL32.DLL
0x00007ffc70110000 - 0x00007ffc704ac000 	C:\WINDOWS\System32\KERNELBASE.dll
0x00007ffc70940000 - 0x00007ffc70a51000 	C:\WINDOWS\System32\ucrtbase.dll
0x00007ffc651e0000 - 0x00007ffc651f8000 	C:\Program Files\Java\jdk-11.0.17\bin\jli.dll
0x00007ffc64bf0000 - 0x00007ffc64c05000 	C:\Program Files\Java\jdk-11.0.17\bin\VCRUNTIME140.dll
0x00007ffc72be0000 - 0x00007ffc72c8e000 	C:\WINDOWS\System32\ADVAPI32.dll
0x00007ffc71c10000 - 0x00007ffc71cb7000 	C:\WINDOWS\System32\msvcrt.dll
0x00007ffc72540000 - 0x00007ffc725e4000 	C:\WINDOWS\System32\sechost.dll
0x00007ffc71cc0000 - 0x00007ffc71dd7000 	C:\WINDOWS\System32\RPCRT4.dll
0x00007ffc72800000 - 0x00007ffc729ab000 	C:\WINDOWS\System32\USER32.dll
0x00007ffc706e0000 - 0x00007ffc70706000 	C:\WINDOWS\System32\win32u.dll
0x00007ffc70ae0000 - 0x00007ffc70b09000 	C:\WINDOWS\System32\GDI32.dll
0x00007ffc70550000 - 0x00007ffc70663000 	C:\WINDOWS\System32\gdi32full.dll
0x00007ffc704b0000 - 0x00007ffc7054a000 	C:\WINDOWS\System32\msvcp_win.dll
0x00007ffc660c0000 - 0x00007ffc6634e000 	C:\WINDOWS\WinSxS\amd64_microsoft.windows.common-controls_6595b64144ccf1df_6.0.22621.608_none_a9444ca7c10bb01d\COMCTL32.dll
0x00007ffc680d0000 - 0x00007ffc680da000 	C:\WINDOWS\SYSTEM32\VERSION.dll
0x00007ffc727c0000 - 0x00007ffc727f1000 	C:\WINDOWS\System32\IMM32.DLL
0x00007ffc41580000 - 0x00007ffc4161b000 	C:\Program Files\Java\jdk-11.0.17\bin\msvcp140.dll
0x00007ffc167e0000 - 0x00007ffc172fa000 	C:\Program Files\Java\jdk-11.0.17\bin\server\jvm.dll
0x00007ffc71ae0000 - 0x00007ffc71ae8000 	C:\WINDOWS\System32\PSAPI.DLL
0x00007ffc546f0000 - 0x00007ffc546f9000 	C:\WINDOWS\SYSTEM32\WSOCK32.dll
0x00007ffc688d0000 - 0x00007ffc68904000 	C:\WINDOWS\SYSTEM32\WINMM.dll
0x00007ffc71a60000 - 0x00007ffc71ad1000 	C:\WINDOWS\System32\WS2_32.dll
0x00007ffc6f120000 - 0x00007ffc6f138000 	C:\WINDOWS\SYSTEM32\kernel.appcore.dll
0x00007ffc653b0000 - 0x00007ffc653c0000 	C:\Program Files\Java\jdk-11.0.17\bin\verify.dll
0x00007ffc6da60000 - 0x00007ffc6dc8e000 	C:\WINDOWS\SYSTEM32\DBGHELP.DLL
0x00007ffc71e40000 - 0x00007ffc721c9000 	C:\WINDOWS\System32\combase.dll
0x00007ffc72460000 - 0x00007ffc72537000 	C:\WINDOWS\System32\OLEAUT32.dll
0x00007ffc66610000 - 0x00007ffc66642000 	C:\WINDOWS\SYSTEM32\dbgcore.DLL
0x00007ffc70a60000 - 0x00007ffc70adb000 	C:\WINDOWS\System32\bcryptPrimitives.dll
0x00007ffc56050000 - 0x00007ffc56078000 	C:\Program Files\Java\jdk-11.0.17\bin\java.dll
0x00007ffc64df0000 - 0x00007ffc64dfa000 	C:\Program Files\Java\jdk-11.0.17\bin\jimage.dll
0x00007ffc68bf0000 - 0x00007ffc68bfe000 	C:\Program Files\Java\jdk-11.0.17\bin\instrument.dll
0x00007ffc63610000 - 0x00007ffc63626000 	C:\Program Files\Java\jdk-11.0.17\bin\zip.dll
0x00007ffc71110000 - 0x00007ffc71900000 	C:\WINDOWS\System32\SHELL32.dll
0x00007ffc6e0d0000 - 0x00007ffc6e99d000 	C:\WINDOWS\SYSTEM32\windows.storage.dll
0x00007ffc6df90000 - 0x00007ffc6e0ce000 	C:\WINDOWS\SYSTEM32\wintypes.dll
0x00007ffc71960000 - 0x00007ffc71a51000 	C:\WINDOWS\System32\SHCORE.dll
0x00007ffc729b0000 - 0x00007ffc72a0e000 	C:\WINDOWS\System32\shlwapi.dll
0x00007ffc70040000 - 0x00007ffc70061000 	C:\WINDOWS\SYSTEM32\profapi.dll
0x00007ffc5c7c0000 - 0x00007ffc5c7d9000 	C:\Program Files\Java\jdk-11.0.17\bin\net.dll
0x00007ffc6a530000 - 0x00007ffc6a667000 	C:\WINDOWS\SYSTEM32\WINHTTP.dll
0x00007ffc6f5f0000 - 0x00007ffc6f659000 	C:\WINDOWS\system32\mswsock.dll
0x00007ffc5c510000 - 0x00007ffc5c522000 	C:\Program Files\Java\jdk-11.0.17\bin\nio.dll

dbghelp: loaded successfully - version: 4.0.5 - missing functions: none
symbol engine: initialized successfully - sym options: 0x614 - pdb path: .;C:\Program Files\Java\jdk-11.0.17\bin;C:\WINDOWS\SYSTEM32;C:\WINDOWS\WinSxS\amd64_microsoft.windows.common-controls_6595b64144ccf1df_6.0.22621.608_none_a9444ca7c10bb01d;C:\Program Files\Java\jdk-11.0.17\bin\server

VM Arguments:
jvm_args: -javaagent:C:\Program Files\JetBrains\IntelliJ IDEA Community Edition 2022.3.2\lib\idea_rt.jar=53030:C:\Program Files\JetBrains\IntelliJ IDEA Community Edition 2022.3.2\bin -Dfile.encoding=UTF-8 
java_command: com.example.todolist.TodolistApplication
java_class_path (initial): C:\Users\user\Desktop\2학년 전공수업\Java\spring 실습\todolist\build\classes\java\main;C:\Users\user\Desktop\2학년 전공수업\Java\spring 실습\todolist\build\resources\main;C:\Users\user\.gradle\caches\modules-2\files-2.1\org.springframework.boot\spring-boot-starter-data-jpa\2.7.11\43268b1cdb2711aef4563bc3ac1d2f8936527cd9\spring-boot-starter-data-jpa-2.7.11.jar;C:\Users\user\.gradle\caches\modules-2\files-2.1\org.springframework.boot\spring-boot-starter-web\2.7.11\c23ca827c1d5cf45d70f4b5204a9b889ec5d3b24\spring-boot-starter-web-2.7.11.jar;C:\Users\user\.gradle\caches\modules-2\files-2.1\org.springframework.boot\spring-boot-starter-aop\2.7.11\9b153237690b028c57f443aad49144e62dd2a8b5\spring-boot-starter-aop-2.7.11.jar;C:\Users\user\.gradle\caches\modules-2\files-2.1\org.springframework.boot\spring-boot-starter-jdbc\2.7.11\b502fe4cbdf3ec3b97d8cfd093becac0225eba48\spring-boot-starter-jdbc-2.7.11.jar;C:\Users\user\.gradle\caches\modules-2\files-2.1\jakarta.transaction\jakarta.transaction-api\1.3.3\c4179d48720a1e87202115fbed6089bdc4195405\jakarta.transaction-api-1.3.3.jar;C:\Users\user\.gradle\caches\modules-2\files-2.1\jakarta.persistence\jakarta.persistence-api\2.2.3\8f6ea5daedc614f07a3654a455660145286f024e\jakarta.persistence-api-2.2.3.jar;C:\Users\user\.gradle\caches\modules-2\files-2.1\org.hibernate\hibernate-core\5.6.15.Final\ab14b7cef1fdff654ca81923048a6034d6c7cfa7\hibernate-core-5.6.15.Final.jar;C:\Users\user\.gradle\caches\modules-2\files-2.1\org.springframework.data\spring-data-jpa\2.7.11\3c97d46f1a4c664fd65b302bf0e0391cfebc0ce8\spring-data-jpa-2.7.11.jar;C:\Users\user\.gradle\caches\modules-2\files-2.1\org.springframework\spring-aspects\5.3.27\d6311337bd1eb60cb7da6f064c97c4b22a16497\spring-aspects-5.3.27.jar;C:\Users\user\.gradle\caches\modules-2\files-2.1\org.springframework.boot\spring-boot-starter-json\2.7.11\9f47d076fd9d1b2acec8d189e6413d3c5d270d30\spring-boot-starter-json-2.7.11.jar;C:\Users\user\.gradle\caches\modules-2\files-2.
Launcher Type: SUN_STANDARD

[Global flags]
     intx CICompilerCount                          = 4                                         {product} {ergonomic}
     uint ConcGCThreads                            = 2                                         {product} {ergonomic}
     uint G1ConcRefinementThreads                  = 8                                         {product} {ergonomic}
   size_t G1HeapRegionSize                         = 1048576                                   {product} {ergonomic}
    uintx GCDrainStackTargetSize                   = 64                                        {product} {ergonomic}
   size_t InitialHeapSize                          = 130023424                                 {product} {ergonomic}
   size_t MarkStackSize                            = 4194304                                   {product} {ergonomic}
   size_t MaxHeapSize                              = 2063597568                                {product} {ergonomic}
   size_t MaxNewSize                               = 1237319680                                {product} {ergonomic}
   size_t MinHeapDeltaBytes                        = 1048576                                   {product} {ergonomic}
    uintx NonNMethodCodeHeapSize                   = 5836300                                {pd product} {ergonomic}
    uintx NonProfiledCodeHeapSize                  = 122910970                              {pd product} {ergonomic}
    uintx ProfiledCodeHeapSize                     = 122910970                              {pd product} {ergonomic}
    uintx ReservedCodeCacheSize                    = 251658240                              {pd product} {ergonomic}
     bool SegmentedCodeCache                       = true                                      {product} {ergonomic}
     bool UseCompressedClassPointers               = true                                 {lp64_product} {ergonomic}
     bool UseCompressedOops                        = true                                 {lp64_product} {ergonomic}
     bool UseG1GC                                  = true                                      {product} {ergonomic}
     bool UseLargePagesIndividualAllocation        = false                                  {pd product} {ergonomic}

Logging:
Log output configuration:
 #0: stdout all=warning uptime,level,tags
 #1: stderr all=off uptime,level,tags

Environment Variables:
JAVA_HOME=C:\Program Files\Java\jdk-11.0.16
CLASSPATH=C:\Program Files\Java\jdk-11.0.16\lib
PATH=C:\Program Files\Common Files\Oracle\Java\javapath;C:\Program Files (x86)\Common Files\Oracle\Java\javapath;C:\oraclexe\app\oracle\product\11.2.0\server\bin;;C:\Program Files\NVIDIA GPU Computing Toolkit\CUDA\v11.7\bin;C:\Program Files\NVIDIA GPU Computing Toolkit\CUDA\v11.7\libnvvp;C:\WINDOWS\system32;C:\WINDOWS;C:\WINDOWS\System32\Wbem;C:\WINDOWS\System32\WindowsPowerShell\v1.0\;C:\WINDOWS\System32\OpenSSH\;C:\Program Files\Bandizip\;C:\Program Files\Git\cmd;C:\Program Files\nodejs\;C:\MinGW\bin;C:\Program Files\Java\jdk-11.0.16\bin;C:\Program Files\NVIDIA Corporation\Nsight Compute 2022.2.1\;C:\Program Files (x86)\NVIDIA Corporation\PhysX\Common;C:\Program Files\TortoiseGit\bin;C:\Program Files\Docker\Docker\resources\bin;C:\Program Files\dotnet\;C:\WINDOWS\system32;C:\WINDOWS;C:\WINDOWS\System32\Wbem;C:\WINDOWS\System32\WindowsPowerShell\v1.0\;C:\WINDOWS\System32\OpenSSH\;C:\Users\user\AppData\Local\Programs\Python\Python39\Scripts\;C:\Users\user\AppData\Local\Programs\Python\Python39\;C:\Users\user\AppData\Local\Microsoft\WindowsApps;C:\Users\user\AppData\Local\GitHubDesktop\bin;C:\Users\user\AppData\Roaming\npm;C:\Program Files\JetBrains\PyCharm Community Edition 2022.2.1\bin;;C:\Program Files\JetBrains\IntelliJ IDEA Community Edition 2022.3.2\bin;;
USERNAME=user
OS=Windows_NT
PROCESSOR_IDENTIFIER=Intel64 Family 6 Model 140 Stepping 1, GenuineIntel



---------------  S Y S T E M  ---------------

OS: Windows 11 , 64 bit Build 22621 (10.0.22621.1485)
Hyper-V role detected

CPU:total 8 (initial active 8) (4 cores per cpu, 2 threads per core) family 6 model 140 stepping 1 microcode 0x9a, cmov, cx8, fxsr, mmx, sse, sse2, sse3, ssse3, sse4.1, sse4.2, popcnt, avx, avx2, aes, clmul, erms, 3dnowpref, lzcnt, ht, tsc, tscinvbit, bmi1, bmi2, adx, evex, sha, fma

Memory: 4k page, system-wide physical 7865M (380M free)
TotalPageFile size 11961M (AvailPageFile size 4M)
current process WorkingSet (physical memory assigned to process): 36M, peak: 36M
current process commit charge ("private bytes"): 201M, peak: 201M

vm_info: Java HotSpot(TM) 64-Bit Server VM (11.0.17+10-LTS-269) for windows-amd64 JRE (11.0.17+10-LTS-269), built on Sep 13 2022 19:26:37 by "mach5one" with MS VC++ 15.9 (VS2017)

END.
