#
# There is insufficient memory for the Java Runtime Environment to continue.
# Native memory allocation (malloc) failed to allocate 589296 bytes for Chunk::new
# Possible reasons:
#   The system is out of physical RAM or swap space
#   The process is running with CompressedOops enabled, and the Java Heap may be blocking the growth of the native heap
# Possible solutions:
#   Reduce memory load on the system
#   Increase physical memory or swap space
#   Check if swap backing store is full
#   Decrease Java heap size (-Xmx/-Xms)
#   Decrease number of Java threads
#   Decrease Java thread stack sizes (-Xss)
#   Set larger code cache with -XX:ReservedCodeCacheSize=
#   JVM is running with Unscaled Compressed Oops mode in which the Java heap is
#     placed in the first 4GB address space. The Java Heap base address is the
#     maximum limit for the native heap growth. Please use -XX:HeapBaseMinAddress
#     to set the Java Heap base and to place the Java Heap above 4GB virtual address.
# This output file may be truncated or incomplete.
#
#  Out of Memory Error (./open/src/hotspot/share/memory/arena.cpp:197), pid=8456, tid=22112
#
# JRE version: Java(TM) SE Runtime Environment 18.9 (11.0.17+10) (build 11.0.17+10-LTS-269)
# Java VM: Java HotSpot(TM) 64-Bit Server VM 18.9 (11.0.17+10-LTS-269, mixed mode, tiered, compressed oops, g1 gc, windows-amd64)
# No core dump will be written. Minidumps are not enabled by default on client versions of Windows
#

---------------  S U M M A R Y ------------

Command Line: -Dfile.encoding=x-windows-949 -Duser.country=KR -Duser.language=ko -Duser.variant com.web.community.CommunityApplication

Host: 11th Gen Intel(R) Core(TM) i7-1165G7 @ 2.80GHz, 8 cores, 7G,  Windows 11 , 64 bit Build 22621 (10.0.22621.1485)
Time: Wed May  3 17:36:21 2023  Windows 11 , 64 bit Build 22621 (10.0.22621.1485) elapsed time: 1.111583 seconds (0d 0h 0m 1s)

---------------  T H R E A D  ---------------

Current thread (0x0000020a51b21000):  JavaThread "C2 CompilerThread1" daemon [_thread_in_native, id=22112, stack(0x000000d083700000,0x000000d083800000)]


Current CompileTask:
C2:   1111 1543   !   4       java.net.URL::<init> (543 bytes)

Stack: [0x000000d083700000,0x000000d083800000]
Native frames: (J=compiled Java code, j=interpreted, Vv=VM code, C=native code)
V  [jvm.dll+0x62b5da]
V  [jvm.dll+0x7653df]
V  [jvm.dll+0x766a89]
V  [jvm.dll+0x767113]
V  [jvm.dll+0x23dd28]
V  [jvm.dll+0xb2a1c]
V  [jvm.dll+0xb2fdc]
V  [jvm.dll+0x341552]
V  [jvm.dll+0x18ce51]
V  [jvm.dll+0x1f8815]
V  [jvm.dll+0x1f78fd]
V  [jvm.dll+0x177c91]
V  [jvm.dll+0x207296]
V  [jvm.dll+0x20542b]
V  [jvm.dll+0x72b2c0]
V  [jvm.dll+0x723e64]
V  [jvm.dll+0x62a485]
C  [ucrtbase.dll+0x29363]
C  [KERNEL32.DLL+0x1269d]
C  [ntdll.dll+0x5a9f8]


---------------  P R O C E S S  ---------------

Threads class SMR info:
_java_thread_list=0x0000020a528c0820, length=14, elements={
0x0000020a331e6000, 0x0000020a50f61000, 0x0000020a50f6c800, 0x0000020a51875800,
0x0000020a51876800, 0x0000020a51877800, 0x0000020a51879000, 0x0000020a5187e000,
0x0000020a5187f000, 0x0000020a51a22800, 0x0000020a51b21000, 0x0000020a52016800,
0x0000020a52c7d800, 0x0000020a5267b800
}

Java Threads: ( => current thread )
  0x0000020a331e6000 JavaThread "main" [_thread_blocked, id=22264, stack(0x000000d082600000,0x000000d082700000)]
  0x0000020a50f61000 JavaThread "Reference Handler" daemon [_thread_blocked, id=15752, stack(0x000000d082d00000,0x000000d082e00000)]
  0x0000020a50f6c800 JavaThread "Finalizer" daemon [_thread_blocked, id=26228, stack(0x000000d082e00000,0x000000d082f00000)]
  0x0000020a51875800 JavaThread "Signal Dispatcher" daemon [_thread_blocked, id=23024, stack(0x000000d082f00000,0x000000d083000000)]
  0x0000020a51876800 JavaThread "Attach Listener" daemon [_thread_blocked, id=2612, stack(0x000000d083000000,0x000000d083100000)]
  0x0000020a51877800 JavaThread "Service Thread" daemon [_thread_blocked, id=11380, stack(0x000000d083100000,0x000000d083200000)]
  0x0000020a51879000 JavaThread "C2 CompilerThread0" daemon [_thread_blocked, id=2064, stack(0x000000d083200000,0x000000d083300000)]
  0x0000020a5187e000 JavaThread "C1 CompilerThread0" daemon [_thread_blocked, id=3888, stack(0x000000d083300000,0x000000d083400000)]
  0x0000020a5187f000 JavaThread "Sweeper thread" daemon [_thread_blocked, id=20428, stack(0x000000d083400000,0x000000d083500000)]
  0x0000020a51a22800 JavaThread "Common-Cleaner" daemon [_thread_blocked, id=2892, stack(0x000000d083600000,0x000000d083700000)]
=>0x0000020a51b21000 JavaThread "C2 CompilerThread1" daemon [_thread_in_native, id=22112, stack(0x000000d083700000,0x000000d083800000)]
  0x0000020a52016800 JavaThread "C2 CompilerThread2" daemon [_thread_in_native, id=24060, stack(0x000000d083800000,0x000000d083900000)]
  0x0000020a52c7d800 JavaThread "Thread-0" [_thread_blocked, id=17464, stack(0x000000d083900000,0x000000d083a00000)]
  0x0000020a5267b800 JavaThread "restartedMain" [_thread_in_vm, id=21868, stack(0x000000d083a00000,0x000000d083b00000)]

Other Threads:
  0x0000020a50f3d800 VMThread "VM Thread" [stack: 0x000000d082c00000,0x000000d082d00000] [id=23780]
  0x0000020a51a0e800 WatcherThread [stack: 0x000000d083500000,0x000000d083600000] [id=18524]
  0x0000020a331fb800 GCTaskThread "GC Thread#0" [stack: 0x000000d082700000,0x000000d082800000] [id=4836]
  0x0000020a52e2d800 GCTaskThread "GC Thread#1" [stack: 0x000000d083b00000,0x000000d083c00000] [id=19928]
  0x0000020a525a7800 GCTaskThread "GC Thread#2" [stack: 0x000000d083c00000,0x000000d083d00000] [id=724]
  0x0000020a525a8800 GCTaskThread "GC Thread#3" [stack: 0x000000d083d00000,0x000000d083e00000] [id=8280]
  0x0000020a52173800 GCTaskThread "GC Thread#4" [stack: 0x000000d083e00000,0x000000d083f00000] [id=3864]
  0x0000020a52174000 GCTaskThread "GC Thread#5" [stack: 0x000000d083f00000,0x000000d084000000] [id=25644]
  0x0000020a3322c800 ConcurrentGCThread "G1 Main Marker" [stack: 0x000000d082800000,0x000000d082900000] [id=11856]
  0x0000020a3322e800 ConcurrentGCThread "G1 Conc#0" [stack: 0x000000d082900000,0x000000d082a00000] [id=9128]
  0x0000020a332ae000 ConcurrentGCThread "G1 Refine#0" [stack: 0x000000d082a00000,0x000000d082b00000] [id=24968]
  0x0000020a50d96800 ConcurrentGCThread "G1 Young RemSet Sampling" [stack: 0x000000d082b00000,0x000000d082c00000] [id=12096]

Threads with active compile tasks:
C2 CompilerThread0     1134 1650       4       jdk.internal.loader.URLClassPath::getResource (74 bytes)
C2 CompilerThread1     1134 1543   !   4       java.net.URL::<init> (543 bytes)

VM state:not at safepoint (normal execution)

VM Mutex/Monitor currently owned by a thread: None

Heap address: 0x0000000085000000, size: 1968 MB, Compressed Oops mode: 32-bit
Narrow klass base: 0x0000000000000000, Narrow klass shift: 3
Compressed class space size: 1073741824 Address: 0x0000000100000000

Heap:
 garbage-first heap   total 126976K, used 32944K [0x0000000085000000, 0x0000000100000000)
  region size 1024K, 30 young (30720K), 3 survivors (3072K)
 Metaspace       used 17285K, capacity 17740K, committed 18048K, reserved 1064960K
  class space    used 1899K, capacity 2087K, committed 2176K, reserved 1048576K
Heap Regions: E=young(eden), S=young(survivor), O=old, HS=humongous(starts), HC=humongous(continues), CS=collection set, F=free, A=archive, TAMS=top-at-mark-start (previous, next)
|   0|0x0000000085000000, 0x0000000085100000, 0x0000000085100000|100%|HS|  |TAMS 0x0000000085000000, 0x0000000085000000| Complete 
|   1|0x0000000085100000, 0x0000000085200000, 0x0000000085200000|100%| O|  |TAMS 0x0000000085100000, 0x0000000085100000| Untracked 
|   2|0x0000000085200000, 0x0000000085300000, 0x0000000085300000|100%| O|  |TAMS 0x0000000085200000, 0x0000000085200000| Untracked 
|   3|0x0000000085300000, 0x000000008532c000, 0x0000000085400000| 17%| O|  |TAMS 0x0000000085300000, 0x0000000085300000| Untracked 
|   4|0x0000000085400000, 0x0000000085400000, 0x0000000085500000|  0%| F|  |TAMS 0x0000000085400000, 0x0000000085400000| Untracked 
|   5|0x0000000085500000, 0x0000000085500000, 0x0000000085600000|  0%| F|  |TAMS 0x0000000085500000, 0x0000000085500000| Untracked 
|   6|0x0000000085600000, 0x0000000085600000, 0x0000000085700000|  0%| F|  |TAMS 0x0000000085600000, 0x0000000085600000| Untracked 
|   7|0x0000000085700000, 0x0000000085700000, 0x0000000085800000|  0%| F|  |TAMS 0x0000000085700000, 0x0000000085700000| Untracked 
|   8|0x0000000085800000, 0x0000000085800000, 0x0000000085900000|  0%| F|  |TAMS 0x0000000085800000, 0x0000000085800000| Untracked 
|   9|0x0000000085900000, 0x0000000085900000, 0x0000000085a00000|  0%| F|  |TAMS 0x0000000085900000, 0x0000000085900000| Untracked 
|  10|0x0000000085a00000, 0x0000000085a00000, 0x0000000085b00000|  0%| F|  |TAMS 0x0000000085a00000, 0x0000000085a00000| Untracked 
|  11|0x0000000085b00000, 0x0000000085b00000, 0x0000000085c00000|  0%| F|  |TAMS 0x0000000085b00000, 0x0000000085b00000| Untracked 
|  12|0x0000000085c00000, 0x0000000085c00000, 0x0000000085d00000|  0%| F|  |TAMS 0x0000000085c00000, 0x0000000085c00000| Untracked 
|  13|0x0000000085d00000, 0x0000000085d00000, 0x0000000085e00000|  0%| F|  |TAMS 0x0000000085d00000, 0x0000000085d00000| Untracked 
|  14|0x0000000085e00000, 0x0000000085e00000, 0x0000000085f00000|  0%| F|  |TAMS 0x0000000085e00000, 0x0000000085e00000| Untracked 
|  15|0x0000000085f00000, 0x0000000085f00000, 0x0000000086000000|  0%| F|  |TAMS 0x0000000085f00000, 0x0000000085f00000| Untracked 
|  16|0x0000000086000000, 0x0000000086000000, 0x0000000086100000|  0%| F|  |TAMS 0x0000000086000000, 0x0000000086000000| Untracked 
|  17|0x0000000086100000, 0x0000000086100000, 0x0000000086200000|  0%| F|  |TAMS 0x0000000086100000, 0x0000000086100000| Untracked 
|  18|0x0000000086200000, 0x0000000086200000, 0x0000000086300000|  0%| F|  |TAMS 0x0000000086200000, 0x0000000086200000| Untracked 
|  19|0x0000000086300000, 0x0000000086300000, 0x0000000086400000|  0%| F|  |TAMS 0x0000000086300000, 0x0000000086300000| Untracked 
|  20|0x0000000086400000, 0x0000000086400000, 0x0000000086500000|  0%| F|  |TAMS 0x0000000086400000, 0x0000000086400000| Untracked 
|  21|0x0000000086500000, 0x0000000086500000, 0x0000000086600000|  0%| F|  |TAMS 0x0000000086500000, 0x0000000086500000| Untracked 
|  22|0x0000000086600000, 0x0000000086600000, 0x0000000086700000|  0%| F|  |TAMS 0x0000000086600000, 0x0000000086600000| Untracked 
|  23|0x0000000086700000, 0x0000000086700000, 0x0000000086800000|  0%| F|  |TAMS 0x0000000086700000, 0x0000000086700000| Untracked 
|  24|0x0000000086800000, 0x0000000086800000, 0x0000000086900000|  0%| F|  |TAMS 0x0000000086800000, 0x0000000086800000| Untracked 
|  25|0x0000000086900000, 0x0000000086900000, 0x0000000086a00000|  0%| F|  |TAMS 0x0000000086900000, 0x0000000086900000| Untracked 
|  26|0x0000000086a00000, 0x0000000086a00000, 0x0000000086b00000|  0%| F|  |TAMS 0x0000000086a00000, 0x0000000086a00000| Untracked 
|  27|0x0000000086b00000, 0x0000000086b00000, 0x0000000086c00000|  0%| F|  |TAMS 0x0000000086b00000, 0x0000000086b00000| Untracked 
|  28|0x0000000086c00000, 0x0000000086c00000, 0x0000000086d00000|  0%| F|  |TAMS 0x0000000086c00000, 0x0000000086c00000| Untracked 
|  29|0x0000000086d00000, 0x0000000086d00000, 0x0000000086e00000|  0%| F|  |TAMS 0x0000000086d00000, 0x0000000086d00000| Untracked 
|  30|0x0000000086e00000, 0x0000000086e00000, 0x0000000086f00000|  0%| F|  |TAMS 0x0000000086e00000, 0x0000000086e00000| Untracked 
|  31|0x0000000086f00000, 0x0000000086f00000, 0x0000000087000000|  0%| F|  |TAMS 0x0000000086f00000, 0x0000000086f00000| Untracked 
|  32|0x0000000087000000, 0x0000000087000000, 0x0000000087100000|  0%| F|  |TAMS 0x0000000087000000, 0x0000000087000000| Untracked 
|  33|0x0000000087100000, 0x0000000087100000, 0x0000000087200000|  0%| F|  |TAMS 0x0000000087100000, 0x0000000087100000| Untracked 
|  34|0x0000000087200000, 0x0000000087200000, 0x0000000087300000|  0%| F|  |TAMS 0x0000000087200000, 0x0000000087200000| Untracked 
|  35|0x0000000087300000, 0x0000000087300000, 0x0000000087400000|  0%| F|  |TAMS 0x0000000087300000, 0x0000000087300000| Untracked 
|  36|0x0000000087400000, 0x0000000087400000, 0x0000000087500000|  0%| F|  |TAMS 0x0000000087400000, 0x0000000087400000| Untracked 
|  37|0x0000000087500000, 0x0000000087500000, 0x0000000087600000|  0%| F|  |TAMS 0x0000000087500000, 0x0000000087500000| Untracked 
|  38|0x0000000087600000, 0x0000000087600000, 0x0000000087700000|  0%| F|  |TAMS 0x0000000087600000, 0x0000000087600000| Untracked 
|  39|0x0000000087700000, 0x0000000087700000, 0x0000000087800000|  0%| F|  |TAMS 0x0000000087700000, 0x0000000087700000| Untracked 
|  40|0x0000000087800000, 0x0000000087800000, 0x0000000087900000|  0%| F|  |TAMS 0x0000000087800000, 0x0000000087800000| Untracked 
|  41|0x0000000087900000, 0x0000000087900000, 0x0000000087a00000|  0%| F|  |TAMS 0x0000000087900000, 0x0000000087900000| Untracked 
|  42|0x0000000087a00000, 0x0000000087a00000, 0x0000000087b00000|  0%| F|  |TAMS 0x0000000087a00000, 0x0000000087a00000| Untracked 
|  43|0x0000000087b00000, 0x0000000087b00000, 0x0000000087c00000|  0%| F|  |TAMS 0x0000000087b00000, 0x0000000087b00000| Untracked 
|  44|0x0000000087c00000, 0x0000000087c00000, 0x0000000087d00000|  0%| F|  |TAMS 0x0000000087c00000, 0x0000000087c00000| Untracked 
|  45|0x0000000087d00000, 0x0000000087d00000, 0x0000000087e00000|  0%| F|  |TAMS 0x0000000087d00000, 0x0000000087d00000| Untracked 
|  46|0x0000000087e00000, 0x0000000087e00000, 0x0000000087f00000|  0%| F|  |TAMS 0x0000000087e00000, 0x0000000087e00000| Untracked 
|  47|0x0000000087f00000, 0x0000000087f00000, 0x0000000088000000|  0%| F|  |TAMS 0x0000000087f00000, 0x0000000087f00000| Untracked 
|  48|0x0000000088000000, 0x0000000088000000, 0x0000000088100000|  0%| F|  |TAMS 0x0000000088000000, 0x0000000088000000| Untracked 
|  49|0x0000000088100000, 0x0000000088100000, 0x0000000088200000|  0%| F|  |TAMS 0x0000000088100000, 0x0000000088100000| Untracked 
|  50|0x0000000088200000, 0x0000000088200000, 0x0000000088300000|  0%| F|  |TAMS 0x0000000088200000, 0x0000000088200000| Untracked 
|  51|0x0000000088300000, 0x0000000088300000, 0x0000000088400000|  0%| F|  |TAMS 0x0000000088300000, 0x0000000088300000| Untracked 
|  52|0x0000000088400000, 0x0000000088400000, 0x0000000088500000|  0%| F|  |TAMS 0x0000000088400000, 0x0000000088400000| Untracked 
|  53|0x0000000088500000, 0x0000000088500000, 0x0000000088600000|  0%| F|  |TAMS 0x0000000088500000, 0x0000000088500000| Untracked 
|  54|0x0000000088600000, 0x0000000088600000, 0x0000000088700000|  0%| F|  |TAMS 0x0000000088600000, 0x0000000088600000| Untracked 
|  55|0x0000000088700000, 0x0000000088700000, 0x0000000088800000|  0%| F|  |TAMS 0x0000000088700000, 0x0000000088700000| Untracked 
|  56|0x0000000088800000, 0x0000000088800000, 0x0000000088900000|  0%| F|  |TAMS 0x0000000088800000, 0x0000000088800000| Untracked 
|  57|0x0000000088900000, 0x0000000088900000, 0x0000000088a00000|  0%| F|  |TAMS 0x0000000088900000, 0x0000000088900000| Untracked 
|  58|0x0000000088a00000, 0x0000000088a00000, 0x0000000088b00000|  0%| F|  |TAMS 0x0000000088a00000, 0x0000000088a00000| Untracked 
|  59|0x0000000088b00000, 0x0000000088b00000, 0x0000000088c00000|  0%| F|  |TAMS 0x0000000088b00000, 0x0000000088b00000| Untracked 
|  60|0x0000000088c00000, 0x0000000088c00000, 0x0000000088d00000|  0%| F|  |TAMS 0x0000000088c00000, 0x0000000088c00000| Untracked 
|  61|0x0000000088d00000, 0x0000000088d00000, 0x0000000088e00000|  0%| F|  |TAMS 0x0000000088d00000, 0x0000000088d00000| Untracked 
|  62|0x0000000088e00000, 0x0000000088e00000, 0x0000000088f00000|  0%| F|  |TAMS 0x0000000088e00000, 0x0000000088e00000| Untracked 
|  63|0x0000000088f00000, 0x0000000088f00000, 0x0000000089000000|  0%| F|  |TAMS 0x0000000088f00000, 0x0000000088f00000| Untracked 
|  64|0x0000000089000000, 0x0000000089000000, 0x0000000089100000|  0%| F|  |TAMS 0x0000000089000000, 0x0000000089000000| Untracked 
|  65|0x0000000089100000, 0x0000000089100000, 0x0000000089200000|  0%| F|  |TAMS 0x0000000089100000, 0x0000000089100000| Untracked 
|  66|0x0000000089200000, 0x0000000089200000, 0x0000000089300000|  0%| F|  |TAMS 0x0000000089200000, 0x0000000089200000| Untracked 
|  67|0x0000000089300000, 0x0000000089300000, 0x0000000089400000|  0%| F|  |TAMS 0x0000000089300000, 0x0000000089300000| Untracked 
|  68|0x0000000089400000, 0x0000000089400000, 0x0000000089500000|  0%| F|  |TAMS 0x0000000089400000, 0x0000000089400000| Untracked 
|  69|0x0000000089500000, 0x0000000089500000, 0x0000000089600000|  0%| F|  |TAMS 0x0000000089500000, 0x0000000089500000| Untracked 
|  70|0x0000000089600000, 0x0000000089600000, 0x0000000089700000|  0%| F|  |TAMS 0x0000000089600000, 0x0000000089600000| Untracked 
|  71|0x0000000089700000, 0x0000000089700000, 0x0000000089800000|  0%| F|  |TAMS 0x0000000089700000, 0x0000000089700000| Untracked 
|  72|0x0000000089800000, 0x0000000089800000, 0x0000000089900000|  0%| F|  |TAMS 0x0000000089800000, 0x0000000089800000| Untracked 
|  73|0x0000000089900000, 0x0000000089900000, 0x0000000089a00000|  0%| F|  |TAMS 0x0000000089900000, 0x0000000089900000| Untracked 
|  74|0x0000000089a00000, 0x0000000089a00000, 0x0000000089b00000|  0%| F|  |TAMS 0x0000000089a00000, 0x0000000089a00000| Untracked 
|  75|0x0000000089b00000, 0x0000000089b00000, 0x0000000089c00000|  0%| F|  |TAMS 0x0000000089b00000, 0x0000000089b00000| Untracked 
|  76|0x0000000089c00000, 0x0000000089c00000, 0x0000000089d00000|  0%| F|  |TAMS 0x0000000089c00000, 0x0000000089c00000| Untracked 
|  77|0x0000000089d00000, 0x0000000089d00000, 0x0000000089e00000|  0%| F|  |TAMS 0x0000000089d00000, 0x0000000089d00000| Untracked 
|  78|0x0000000089e00000, 0x0000000089e00000, 0x0000000089f00000|  0%| F|  |TAMS 0x0000000089e00000, 0x0000000089e00000| Untracked 
|  79|0x0000000089f00000, 0x0000000089f00000, 0x000000008a000000|  0%| F|  |TAMS 0x0000000089f00000, 0x0000000089f00000| Untracked 
|  80|0x000000008a000000, 0x000000008a000000, 0x000000008a100000|  0%| F|  |TAMS 0x000000008a000000, 0x000000008a000000| Untracked 
|  81|0x000000008a100000, 0x000000008a100000, 0x000000008a200000|  0%| F|  |TAMS 0x000000008a100000, 0x000000008a100000| Untracked 
|  82|0x000000008a200000, 0x000000008a200000, 0x000000008a300000|  0%| F|  |TAMS 0x000000008a200000, 0x000000008a200000| Untracked 
|  83|0x000000008a300000, 0x000000008a300000, 0x000000008a400000|  0%| F|  |TAMS 0x000000008a300000, 0x000000008a300000| Untracked 
|  84|0x000000008a400000, 0x000000008a400000, 0x000000008a500000|  0%| F|  |TAMS 0x000000008a400000, 0x000000008a400000| Untracked 
|  85|0x000000008a500000, 0x000000008a500000, 0x000000008a600000|  0%| F|  |TAMS 0x000000008a500000, 0x000000008a500000| Untracked 
|  86|0x000000008a600000, 0x000000008a600000, 0x000000008a700000|  0%| F|  |TAMS 0x000000008a600000, 0x000000008a600000| Untracked 
|  87|0x000000008a700000, 0x000000008a700000, 0x000000008a800000|  0%| F|  |TAMS 0x000000008a700000, 0x000000008a700000| Untracked 
|  88|0x000000008a800000, 0x000000008a800000, 0x000000008a900000|  0%| F|  |TAMS 0x000000008a800000, 0x000000008a800000| Untracked 
|  89|0x000000008a900000, 0x000000008a900000, 0x000000008aa00000|  0%| F|  |TAMS 0x000000008a900000, 0x000000008a900000| Untracked 
|  90|0x000000008aa00000, 0x000000008aa00000, 0x000000008ab00000|  0%| F|  |TAMS 0x000000008aa00000, 0x000000008aa00000| Untracked 
|  91|0x000000008ab00000, 0x000000008ab00000, 0x000000008ac00000|  0%| F|  |TAMS 0x000000008ab00000, 0x000000008ab00000| Untracked 
|  92|0x000000008ac00000, 0x000000008ac00000, 0x000000008ad00000|  0%| F|  |TAMS 0x000000008ac00000, 0x000000008ac00000| Untracked 
|  93|0x000000008ad00000, 0x000000008ad00000, 0x000000008ae00000|  0%| F|  |TAMS 0x000000008ad00000, 0x000000008ad00000| Untracked 
|  94|0x000000008ae00000, 0x000000008af00000, 0x000000008af00000|100%| E|  |TAMS 0x000000008ae00000, 0x000000008ae00000| Complete 
|  95|0x000000008af00000, 0x000000008b000000, 0x000000008b000000|100%| E|CS|TAMS 0x000000008af00000, 0x000000008af00000| Complete 
|  96|0x000000008b000000, 0x000000008b100000, 0x000000008b100000|100%| E|CS|TAMS 0x000000008b000000, 0x000000008b000000| Complete 
|  97|0x000000008b100000, 0x000000008b200000, 0x000000008b200000|100%| S|CS|TAMS 0x000000008b100000, 0x000000008b100000| Complete 
|  98|0x000000008b200000, 0x000000008b300000, 0x000000008b300000|100%| S|CS|TAMS 0x000000008b200000, 0x000000008b200000| Complete 
|  99|0x000000008b300000, 0x000000008b400000, 0x000000008b400000|100%| S|CS|TAMS 0x000000008b300000, 0x000000008b300000| Complete 
| 100|0x000000008b400000, 0x000000008b500000, 0x000000008b500000|100%| E|CS|TAMS 0x000000008b400000, 0x000000008b400000| Complete 
| 101|0x000000008b500000, 0x000000008b600000, 0x000000008b600000|100%| E|CS|TAMS 0x000000008b500000, 0x000000008b500000| Complete 
| 102|0x000000008b600000, 0x000000008b700000, 0x000000008b700000|100%| E|CS|TAMS 0x000000008b600000, 0x000000008b600000| Complete 
| 103|0x000000008b700000, 0x000000008b800000, 0x000000008b800000|100%| E|CS|TAMS 0x000000008b700000, 0x000000008b700000| Complete 
| 104|0x000000008b800000, 0x000000008b900000, 0x000000008b900000|100%| E|CS|TAMS 0x000000008b800000, 0x000000008b800000| Complete 
| 105|0x000000008b900000, 0x000000008ba00000, 0x000000008ba00000|100%| E|CS|TAMS 0x000000008b900000, 0x000000008b900000| Complete 
| 106|0x000000008ba00000, 0x000000008bb00000, 0x000000008bb00000|100%| E|CS|TAMS 0x000000008ba00000, 0x000000008ba00000| Complete 
| 107|0x000000008bb00000, 0x000000008bc00000, 0x000000008bc00000|100%| E|CS|TAMS 0x000000008bb00000, 0x000000008bb00000| Complete 
| 108|0x000000008bc00000, 0x000000008bd00000, 0x000000008bd00000|100%| E|CS|TAMS 0x000000008bc00000, 0x000000008bc00000| Complete 
| 109|0x000000008bd00000, 0x000000008be00000, 0x000000008be00000|100%| E|CS|TAMS 0x000000008bd00000, 0x000000008bd00000| Complete 
| 110|0x000000008be00000, 0x000000008bf00000, 0x000000008bf00000|100%| E|CS|TAMS 0x000000008be00000, 0x000000008be00000| Complete 
| 111|0x000000008bf00000, 0x000000008c000000, 0x000000008c000000|100%| E|CS|TAMS 0x000000008bf00000, 0x000000008bf00000| Complete 
| 112|0x000000008c000000, 0x000000008c100000, 0x000000008c100000|100%| E|CS|TAMS 0x000000008c000000, 0x000000008c000000| Complete 
| 113|0x000000008c100000, 0x000000008c200000, 0x000000008c200000|100%| E|CS|TAMS 0x000000008c100000, 0x000000008c100000| Complete 
| 114|0x000000008c200000, 0x000000008c300000, 0x000000008c300000|100%| E|CS|TAMS 0x000000008c200000, 0x000000008c200000| Complete 
| 115|0x000000008c300000, 0x000000008c400000, 0x000000008c400000|100%| E|CS|TAMS 0x000000008c300000, 0x000000008c300000| Complete 
| 116|0x000000008c400000, 0x000000008c500000, 0x000000008c500000|100%| E|CS|TAMS 0x000000008c400000, 0x000000008c400000| Complete 
| 117|0x000000008c500000, 0x000000008c600000, 0x000000008c600000|100%| E|CS|TAMS 0x000000008c500000, 0x000000008c500000| Complete 
| 118|0x000000008c600000, 0x000000008c700000, 0x000000008c700000|100%| E|CS|TAMS 0x000000008c600000, 0x000000008c600000| Complete 
| 119|0x000000008c700000, 0x000000008c800000, 0x000000008c800000|100%| E|CS|TAMS 0x000000008c700000, 0x000000008c700000| Complete 
| 120|0x000000008c800000, 0x000000008c900000, 0x000000008c900000|100%| E|CS|TAMS 0x000000008c800000, 0x000000008c800000| Complete 
| 121|0x000000008c900000, 0x000000008ca00000, 0x000000008ca00000|100%| E|CS|TAMS 0x000000008c900000, 0x000000008c900000| Complete 
| 122|0x000000008ca00000, 0x000000008cb00000, 0x000000008cb00000|100%| E|CS|TAMS 0x000000008ca00000, 0x000000008ca00000| Complete 
| 123|0x000000008cb00000, 0x000000008cc00000, 0x000000008cc00000|100%| E|CS|TAMS 0x000000008cb00000, 0x000000008cb00000| Complete 

Card table byte_map: [0x0000020a49fb0000,0x0000020a4a390000] _byte_map_base: 0x0000020a49b88000

Marking Bits (Prev, Next): (CMBitMap*) 0x0000020a33223cc8, (CMBitMap*) 0x0000020a33223d00
 Prev Bits: [0x0000020a4a770000, 0x0000020a4c630000)
 Next Bits: [0x0000020a4c630000, 0x0000020a4e4f0000)

Polling page: 0x0000020a311a0000

Metaspace:

Usage:
  Non-class:     15.35 MB capacity,    15.06 MB ( 98%) used,   255.01 KB (  2%) free+waste,    43.69 KB ( <1%) overhead. 
      Class:      2.04 MB capacity,     1.86 MB ( 91%) used,   159.56 KB (  8%) free+waste,    22.50 KB (  1%) overhead. 
       Both:     17.39 MB capacity,    16.92 MB ( 97%) used,   414.57 KB (  2%) free+waste,    66.19 KB ( <1%) overhead. 

Virtual space:
  Non-class space:       16.00 MB reserved,      15.50 MB ( 97%) committed 
      Class space:        1.00 GB reserved,       2.13 MB ( <1%) committed 
             Both:        1.02 GB reserved,      17.63 MB (  2%) committed 

Chunk freelists:
   Non-Class:  3.38 KB
       Class:  3.13 KB
        Both:  6.50 KB

CodeHeap 'non-profiled nmethods': size=120000Kb used=729Kb max_used=729Kb free=119270Kb
 bounds [0x0000020a42370000, 0x0000020a425e0000, 0x0000020a498a0000]
CodeHeap 'profiled nmethods': size=120000Kb used=3015Kb max_used=3015Kb free=116984Kb
 bounds [0x0000020a3ae40000, 0x0000020a3b140000, 0x0000020a42370000]
CodeHeap 'non-nmethods': size=5760Kb used=1118Kb max_used=1158Kb free=4641Kb
 bounds [0x0000020a3a8a0000, 0x0000020a3ab10000, 0x0000020a3ae40000]
 total_blobs=2073 nmethods=1649 adapters=335
 compilation: enabled
              stopped_count=0, restarted_count=0
 full_count=0

Compilation events (10 events):
Event: 1.105 Thread 0x0000020a5187e000 1633       3       java.util.Properties::getProperty (50 bytes)
Event: 1.105 Thread 0x0000020a5187e000 nmethod 1633 0x0000020a3b12a110 code [0x0000020a3b12a2e0, 0x0000020a3b12a7b8]
Event: 1.106 Thread 0x0000020a5187e000 1635       3       ch.qos.logback.classic.util.LoggerNameUtil::getSeparatorIndexOf (53 bytes)
Event: 1.106 Thread 0x0000020a5187e000 nmethod 1635 0x0000020a3b12a910 code [0x0000020a3b12ab20, 0x0000020a3b12b198]
Event: 1.106 Thread 0x0000020a5187e000 1637       3       java.lang.invoke.DirectMethodHandle$Holder::invokeStatic (15 bytes)
Event: 1.107 Thread 0x0000020a5187e000 nmethod 1637 0x0000020a3b12b390 code [0x0000020a3b12b560, 0x0000020a3b12b9f8]
Event: 1.107 Thread 0x0000020a5187e000 1636       1       java.util.logging.LogManager$LoggerContext::getOwner (5 bytes)
Event: 1.107 Thread 0x0000020a5187e000 nmethod 1636 0x0000020a42417910 code [0x0000020a42417aa0, 0x0000020a42417b58]
Event: 1.107 Thread 0x0000020a5187e000 1638       3       ch.qos.logback.core.subst.Parser::peekAtCurentToken (35 bytes)
Event: 1.108 Thread 0x0000020a5187e000 nmethod 1638 0x0000020a3b12bb10 code [0x0000020a3b12bce0, 0x0000020a3b12c0b8]

GC Heap History (2 events):
Event: 0.687 GC heap before
{Heap before GC invocations=0 (full 0):
 garbage-first heap   total 126976K, used 24576K [0x0000000085000000, 0x0000000100000000)
  region size 1024K, 24 young (24576K), 0 survivors (0K)
 Metaspace       used 11391K, capacity 11586K, committed 11776K, reserved 1060864K
  class space    used 1109K, capacity 1185K, committed 1280K, reserved 1048576K
}
Event: 0.690 GC heap after
{Heap after GC invocations=1 (full 0):
 garbage-first heap   total 126976K, used 6320K [0x0000000085000000, 0x0000000100000000)
  region size 1024K, 3 young (3072K), 3 survivors (3072K)
 Metaspace       used 11391K, capacity 11586K, committed 11776K, reserved 1060864K
  class space    used 1109K, capacity 1185K, committed 1280K, reserved 1048576K
}

Deoptimization events (10 events):
Event: 0.946 Thread 0x0000020a5267b800 Uncommon trap: reason=class_check action=maybe_recompile pc=0x0000020a423cbfd4 method=java.lang.Character.toLowerCase(I)I @ 5 c2
Event: 0.946 Thread 0x0000020a5267b800 Uncommon trap: reason=class_check action=maybe_recompile pc=0x0000020a423cbfd4 method=java.lang.Character.toLowerCase(I)I @ 5 c2
Event: 0.946 Thread 0x0000020a5267b800 Uncommon trap: reason=class_check action=maybe_recompile pc=0x0000020a423cbfd4 method=java.lang.Character.toLowerCase(I)I @ 5 c2
Event: 0.946 Thread 0x0000020a5267b800 Uncommon trap: reason=class_check action=maybe_recompile pc=0x0000020a423cbfd4 method=java.lang.Character.toLowerCase(I)I @ 5 c2
Event: 0.987 Thread 0x0000020a5267b800 Uncommon trap: reason=unstable_if action=reinterpret pc=0x0000020a423ddea4 method=java.util.HashMap.hash(Ljava/lang/Object;)I @ 1 c2
Event: 0.990 Thread 0x0000020a5267b800 Uncommon trap: reason=profile_predicate action=maybe_recompile pc=0x0000020a42402324 method=java.io.WinNTFileSystem.normalize(Ljava/lang/String;)Ljava/lang/String; @ 25 c2
Event: 0.990 Thread 0x0000020a5267b800 Uncommon trap: reason=profile_predicate action=maybe_recompile pc=0x0000020a42402324 method=java.io.WinNTFileSystem.normalize(Ljava/lang/String;)Ljava/lang/String; @ 25 c2
Event: 0.990 Thread 0x0000020a5267b800 Uncommon trap: reason=profile_predicate action=maybe_recompile pc=0x0000020a42402324 method=java.io.WinNTFileSystem.normalize(Ljava/lang/String;)Ljava/lang/String; @ 25 c2
Event: 0.990 Thread 0x0000020a5267b800 Uncommon trap: reason=profile_predicate action=maybe_recompile pc=0x0000020a42402324 method=java.io.WinNTFileSystem.normalize(Ljava/lang/String;)Ljava/lang/String; @ 25 c2
Event: 1.072 Thread 0x0000020a5267b800 Uncommon trap: reason=unstable_if action=reinterpret pc=0x0000020a423f1778 method=java.util.concurrent.ConcurrentHashMap.putVal(Ljava/lang/Object;Ljava/lang/Object;Z)Ljava/lang/Object; @ 148 c2

Classes redefined (0 events):
No events

Internal exceptions (10 events):
Event: 1.004 Thread 0x0000020a5267b800 Exception <a 'java/lang/NoSuchMethodError'{0x000000008b9ab150}: java.lang.invoke.DirectMethodHandle$Holder.invokeSpecialIFC(Ljava/lang/Object;Ljava/lang/Object;I)I> (0x000000008b9ab150) thrown at [./open/src/hotspot/share/interpreter/linkResolver.cpp, lin
Event: 1.018 Thread 0x0000020a5267b800 Exception <a 'java/lang/NoSuchMethodError'{0x000000008b8c9230}: java.lang.invoke.DirectMethodHandle$Holder.invokeSpecial(Ljava/lang/Object;Ljava/lang/Object;Ljava/lang/Object;Ljava/lang/Object;Ljava/lang/Object;Ljava/lang/Object;)V> (0x000000008b8c9230) t
Event: 1.029 Thread 0x0000020a5267b800 Exception <a 'java/lang/NoSuchMethodError'{0x000000008b7743c0}: java.lang.invoke.DirectMethodHandle$Holder.invokeStatic(Ljava/lang/Object;Ljava/lang/Object;Ljava/lang/Object;ILjava/lang/Object;)Ljava/lang/Object;> (0x000000008b7743c0) thrown at [./open/sr
Event: 1.029 Thread 0x0000020a5267b800 Exception <a 'java/lang/NoSuchMethodError'{0x000000008b77adc0}: java.lang.invoke.Invokers$Holder.linkToTargetMethod(Ljava/lang/Object;Ljava/lang/Object;ILjava/lang/Object;Ljava/lang/Object;)Ljava/lang/Object;> (0x000000008b77adc0) thrown at [./open/src/ho
Event: 1.030 Thread 0x0000020a5267b800 Exception <a 'java/lang/NoSuchMethodError'{0x000000008b784378}: java.lang.invoke.DirectMethodHandle$Holder.invokeStatic(Ljava/lang/Object;ILjava/lang/Object;Ljava/lang/Object;)I> (0x000000008b784378) thrown at [./open/src/hotspot/share/interpreter/linkRes
Event: 1.030 Thread 0x0000020a5267b800 Exception <a 'java/lang/NoSuchMethodError'{0x000000008b78b480}: java.lang.invoke.DirectMethodHandle$Holder.invokeStatic(Ljava/lang/Object;ILjava/lang/Object;)Ljava/lang/Object;> (0x000000008b78b480) thrown at [./open/src/hotspot/share/interpreter/linkReso
Event: 1.030 Thread 0x0000020a5267b800 Exception <a 'java/lang/NoSuchMethodError'{0x000000008b78f828}: java.lang.invoke.DirectMethodHandle$Holder.invokeSpecialIFC(Ljava/lang/Object;Ljava/lang/Object;Ljava/lang/Object;Ljava/lang/Object;)I> (0x000000008b78f828) thrown at [./open/src/hotspot/shar
Event: 1.062 Thread 0x0000020a5267b800 Exception <a 'java/lang/NoSuchMethodError'{0x000000008b56b208}: java.lang.invoke.DirectMethodHandle$Holder.invokeStaticInit(Ljava/lang/Object;Ljava/lang/Object;)V> (0x000000008b56b208) thrown at [./open/src/hotspot/share/interpreter/linkResolver.cpp, line
Event: 1.063 Thread 0x0000020a5267b800 Exception <a 'java/lang/NoSuchMethodError'{0x000000008b57a510}: java.lang.invoke.DirectMethodHandle$Holder.invokeStaticInit(Ljava/lang/Object;Ljava/lang/Object;Ljava/lang/Object;)V> (0x000000008b57a510) thrown at [./open/src/hotspot/share/interpreter/link
Event: 1.093 Thread 0x0000020a5267b800 Exception <a 'java/lang/NoSuchMethodError'{0x000000008b4695e0}: java.lang.invoke.DirectMethodHandle$Holder.invokeVirtual(Ljava/lang/Object;Ljava/lang/Object;Ljava/lang/Object;Ljava/lang/Object;)V> (0x000000008b4695e0) thrown at [./open/src/hotspot/share/i

Events (10 events):
Event: 1.107 loading class ch/qos/logback/core/pattern/PatternLayoutEncoderBase
Event: 1.107 loading class ch/qos/logback/core/pattern/PatternLayoutEncoderBase done
Event: 1.107 loading class ch/qos/logback/classic/PatternLayout
Event: 1.107 loading class ch/qos/logback/classic/PatternLayout done
Event: 1.108 loading class ch/qos/logback/core/pattern/PatternLayoutBase
Event: 1.108 loading class ch/qos/logback/core/pattern/PatternLayoutBase done
Event: 1.108 loading class ch/qos/logback/core/pattern/PostCompileProcessor
Event: 1.108 loading class ch/qos/logback/core/pattern/PostCompileProcessor done
Event: 1.109 loading class ch/qos/logback/core/pattern/parser/Parser
Event: 1.109 loading class ch/qos/logback/core/pattern/parser/Parser done


Dynamic libraries:
0x00007ff6c8e40000 - 0x00007ff6c8e4f000 	C:\Program Files\Java\jdk-11.0.17\bin\java.exe
0x00007fff50370000 - 0x00007fff50584000 	C:\WINDOWS\SYSTEM32\ntdll.dll
0x00007fff4fad0000 - 0x00007fff4fb92000 	C:\WINDOWS\System32\KERNEL32.DLL
0x00007fff4da00000 - 0x00007fff4dd9c000 	C:\WINDOWS\System32\KERNELBASE.dll
0x00007fff4d7b0000 - 0x00007fff4d8c1000 	C:\WINDOWS\System32\ucrtbase.dll
0x00007fff34ed0000 - 0x00007fff34ee8000 	C:\Program Files\Java\jdk-11.0.17\bin\jli.dll
0x00007fff4fa20000 - 0x00007fff4face000 	C:\WINDOWS\System32\ADVAPI32.dll
0x00007fff2a7f0000 - 0x00007fff2a805000 	C:\Program Files\Java\jdk-11.0.17\bin\VCRUNTIME140.dll
0x00007fff4e850000 - 0x00007fff4e8f7000 	C:\WINDOWS\System32\msvcrt.dll
0x00007fff4e2a0000 - 0x00007fff4e344000 	C:\WINDOWS\System32\sechost.dll
0x00007fff4e180000 - 0x00007fff4e297000 	C:\WINDOWS\System32\RPCRT4.dll
0x00007fff4e400000 - 0x00007fff4e5ab000 	C:\WINDOWS\System32\USER32.dll
0x00007fff3ec00000 - 0x00007fff3ee8e000 	C:\WINDOWS\WinSxS\amd64_microsoft.windows.common-controls_6595b64144ccf1df_6.0.22621.608_none_a9444ca7c10bb01d\COMCTL32.dll
0x00007fff4e150000 - 0x00007fff4e176000 	C:\WINDOWS\System32\win32u.dll
0x00007fff502b0000 - 0x00007fff502d9000 	C:\WINDOWS\System32\GDI32.dll
0x00007fff4de40000 - 0x00007fff4df53000 	C:\WINDOWS\System32\gdi32full.dll
0x00007fff4dda0000 - 0x00007fff4de3a000 	C:\WINDOWS\System32\msvcp_win.dll
0x00007fff43f40000 - 0x00007fff43f4a000 	C:\WINDOWS\SYSTEM32\VERSION.dll
0x00007fff4ee40000 - 0x00007fff4ee71000 	C:\WINDOWS\System32\IMM32.DLL
0x00007fff1c910000 - 0x00007fff1c9ab000 	C:\Program Files\Java\jdk-11.0.17\bin\msvcp140.dll
0x00007ffef0b90000 - 0x00007ffef16aa000 	C:\Program Files\Java\jdk-11.0.17\bin\server\jvm.dll
0x00007fff4fba0000 - 0x00007fff4fba8000 	C:\WINDOWS\System32\PSAPI.DLL
0x00007fff2e690000 - 0x00007fff2e699000 	C:\WINDOWS\SYSTEM32\WSOCK32.dll
0x00007fff44d70000 - 0x00007fff44da4000 	C:\WINDOWS\SYSTEM32\WINMM.dll
0x00007fff4e940000 - 0x00007fff4e9b1000 	C:\WINDOWS\System32\WS2_32.dll
0x00007fff4c7c0000 - 0x00007fff4c7d8000 	C:\WINDOWS\SYSTEM32\kernel.appcore.dll
0x00007fff43880000 - 0x00007fff43890000 	C:\Program Files\Java\jdk-11.0.17\bin\verify.dll
0x00007fff4ac50000 - 0x00007fff4ae7e000 	C:\WINDOWS\SYSTEM32\DBGHELP.DLL
0x00007fff4fbc0000 - 0x00007fff4ff49000 	C:\WINDOWS\System32\combase.dll
0x00007fff501c0000 - 0x00007fff50297000 	C:\WINDOWS\System32\OLEAUT32.dll
0x00007fff41d40000 - 0x00007fff41d72000 	C:\WINDOWS\SYSTEM32\dbgcore.DLL
0x00007fff4df60000 - 0x00007fff4dfdb000 	C:\WINDOWS\System32\bcryptPrimitives.dll
0x00007fff29f80000 - 0x00007fff29fa8000 	C:\Program Files\Java\jdk-11.0.17\bin\java.dll
0x00007fff402a0000 - 0x00007fff402aa000 	C:\Program Files\Java\jdk-11.0.17\bin\jimage.dll
0x00007fff2a190000 - 0x00007fff2a1a6000 	C:\Program Files\Java\jdk-11.0.17\bin\zip.dll
0x00007fff4ef80000 - 0x00007fff4f770000 	C:\WINDOWS\System32\SHELL32.dll
0x00007fff4b770000 - 0x00007fff4c03d000 	C:\WINDOWS\SYSTEM32\windows.storage.dll
0x00007fff4b630000 - 0x00007fff4b76e000 	C:\WINDOWS\SYSTEM32\wintypes.dll
0x00007fff4e5b0000 - 0x00007fff4e6a1000 	C:\WINDOWS\System32\SHCORE.dll
0x00007fff4ff50000 - 0x00007fff4ffae000 	C:\WINDOWS\System32\shlwapi.dll
0x00007fff4d6e0000 - 0x00007fff4d701000 	C:\WINDOWS\SYSTEM32\profapi.dll
0x00007fff29cc0000 - 0x00007fff29cd9000 	C:\Program Files\Java\jdk-11.0.17\bin\net.dll
0x00007fff476d0000 - 0x00007fff47807000 	C:\WINDOWS\SYSTEM32\WINHTTP.dll
0x00007fff4cc20000 - 0x00007fff4cc89000 	C:\WINDOWS\system32\mswsock.dll
0x00007fff29600000 - 0x00007fff29612000 	C:\Program Files\Java\jdk-11.0.17\bin\nio.dll
0x00007fff49c90000 - 0x00007fff49c99000 	C:\Program Files\Java\jdk-11.0.17\bin\management.dll
0x00007fff482f0000 - 0x00007fff482fb000 	C:\Program Files\Java\jdk-11.0.17\bin\management_ext.dll
0x00007fff2b0b0000 - 0x00007fff2b0c7000 	C:\WINDOWS\system32\napinsp.dll
0x00007fff2b090000 - 0x00007fff2b0ab000 	C:\WINDOWS\system32\pnrpnsp.dll
0x00007fff4c300000 - 0x00007fff4c3f3000 	C:\WINDOWS\SYSTEM32\DNSAPI.dll
0x00007fff4c2d0000 - 0x00007fff4c2fd000 	C:\WINDOWS\SYSTEM32\IPHLPAPI.DLL
0x00007fff4fbb0000 - 0x00007fff4fbb9000 	C:\WINDOWS\System32\NSI.dll
0x00007fff2b070000 - 0x00007fff2b081000 	C:\WINDOWS\System32\winrnr.dll
0x00007fff44cc0000 - 0x00007fff44cd5000 	C:\WINDOWS\system32\wshbth.dll
0x00007fff2b040000 - 0x00007fff2b061000 	C:\WINDOWS\system32\nlansp_c.dll
0x00007fff43ae0000 - 0x00007fff43aea000 	C:\Windows\System32\rasadhlp.dll
0x00007fff44ce0000 - 0x00007fff44d63000 	C:\WINDOWS\System32\fwpuclnt.dll

dbghelp: loaded successfully - version: 4.0.5 - missing functions: none
symbol engine: initialized successfully - sym options: 0x614 - pdb path: .;C:\Program Files\Java\jdk-11.0.17\bin;C:\WINDOWS\SYSTEM32;C:\WINDOWS\WinSxS\amd64_microsoft.windows.common-controls_6595b64144ccf1df_6.0.22621.608_none_a9444ca7c10bb01d;C:\Program Files\Java\jdk-11.0.17\bin\server

VM Arguments:
jvm_args: -Dfile.encoding=x-windows-949 -Duser.country=KR -Duser.language=ko -Duser.variant 
java_command: com.web.community.CommunityApplication
java_class_path (initial): C:\Users\user\Desktop\2학년 전공수업\Java\방과후\community\build\classes\java\main;C:\Users\user\Desktop\2학년 전공수업\Java\방과후\community\build\resources\main;C:\Users\user\.gradle\caches\modules-2\files-2.1\org.springframework.boot\spring-boot-devtools\2.7.10\5fb400244cc006b920f3e0adc333498c8175b892\spring-boot-devtools-2.7.10.jar;C:\Users\user\.gradle\caches\modules-2\files-2.1\org.springframework.boot\spring-boot-starter-data-jpa\2.7.10\cb5e326fa1d1c4dfc276a9620e539a01ddf3d4e\spring-boot-starter-data-jpa-2.7.10.jar;C:\Users\user\.gradle\caches\modules-2\files-2.1\org.springframework.boot\spring-boot-starter-thymeleaf\2.7.10\9e89540a3cc362ddd6b1dd5240b79b1c4de63da4\spring-boot-starter-thymeleaf-2.7.10.jar;C:\Users\user\.gradle\caches\modules-2\files-2.1\org.springframework.boot\spring-boot-starter-web\2.7.10\aff75a41f298e83ad9542d8f26b12bbe8e105c35\spring-boot-starter-web-2.7.10.jar;C:\Users\user\.gradle\caches\modules-2\files-2.1\com.h2database\h2\2.1.214\d5c2005c9e3279201e12d4776c948578b16bf8b2\h2-2.1.214.jar;C:\Users\user\.gradle\caches\modules-2\files-2.1\org.springframework.boot\spring-boot-starter-aop\2.7.10\a2c1fb64ece19aeee431a98bdd9fc43f83fbeda9\spring-boot-starter-aop-2.7.10.jar;C:\Users\user\.gradle\caches\modules-2\files-2.1\org.springframework.boot\spring-boot-starter-jdbc\2.7.10\2ecdd15d885abe4d68dfbeb9dde4864b78fb4509\spring-boot-starter-jdbc-2.7.10.jar;C:\Users\user\.gradle\caches\modules-2\files-2.1\org.springframework.boot\spring-boot-starter-json\2.7.10\eca10dbca78387d79eb711bdb60d54d28be61621\spring-boot-starter-json-2.7.10.jar;C:\Users\user\.gradle\caches\modules-2\files-2.1\org.springframework.boot\spring-boot-starter\2.7.10\307ab4f1ca9ae26944c407e2352d6e705097c0e2\spring-boot-starter-2.7.10.jar;C:\Users\user\.gradle\caches\modules-2\files-2.1\org.springframework.boot\spring-boot-autoconfigure\2.7.10\514bec7b4e424199325b4f3c8949b9e2b5f6f16c\spring-boot-autoconfigure-2.7.10.jar;C:\Users\user\.gradle\caches\modu
Launcher Type: SUN_STANDARD

[Global flags]
     intx CICompilerCount                          = 4                                         {product} {ergonomic}
     uint ConcGCThreads                            = 2                                         {product} {ergonomic}
     uint G1ConcRefinementThreads                  = 8                                         {product} {ergonomic}
   size_t G1HeapRegionSize                         = 1048576                                   {product} {ergonomic}
    uintx GCDrainStackTargetSize                   = 64                                        {product} {ergonomic}
   size_t InitialHeapSize                          = 130023424                                 {product} {ergonomic}
   size_t MarkStackSize                            = 4194304                                   {product} {ergonomic}
   size_t MaxHeapSize                              = 2063597568                                {product} {ergonomic}
   size_t MaxNewSize                               = 1237319680                                {product} {ergonomic}
   size_t MinHeapDeltaBytes                        = 1048576                                   {product} {ergonomic}
    uintx NonNMethodCodeHeapSize                   = 5836300                                {pd product} {ergonomic}
    uintx NonProfiledCodeHeapSize                  = 122910970                              {pd product} {ergonomic}
    uintx ProfiledCodeHeapSize                     = 122910970                              {pd product} {ergonomic}
    uintx ReservedCodeCacheSize                    = 251658240                              {pd product} {ergonomic}
     bool SegmentedCodeCache                       = true                                      {product} {ergonomic}
     bool UseCompressedClassPointers               = true                                 {lp64_product} {ergonomic}
     bool UseCompressedOops                        = true                                 {lp64_product} {ergonomic}
     bool UseG1GC                                  = true                                      {product} {ergonomic}
     bool UseLargePagesIndividualAllocation        = false                                  {pd product} {ergonomic}

Logging:
Log output configuration:
 #0: stdout all=warning uptime,level,tags
 #1: stderr all=off uptime,level,tags

Environment Variables:
JAVA_HOME=C:\Program Files\Java\jdk-11.0.16
CLASSPATH=C:\Program Files\Java\jdk-11.0.16\lib
PATH=C:\Program Files\Common Files\Oracle\Java\javapath;C:\Program Files (x86)\Common Files\Oracle\Java\javapath;C:\oraclexe\app\oracle\product\11.2.0\server\bin;;C:\Program Files\NVIDIA GPU Computing Toolkit\CUDA\v11.7\bin;C:\Program Files\NVIDIA GPU Computing Toolkit\CUDA\v11.7\libnvvp;C:\WINDOWS\system32;C:\WINDOWS;C:\WINDOWS\System32\Wbem;C:\WINDOWS\System32\WindowsPowerShell\v1.0\;C:\WINDOWS\System32\OpenSSH\;C:\Program Files\Bandizip\;C:\Program Files\Git\cmd;C:\Program Files\nodejs\;C:\MinGW\bin;C:\Program Files\Java\jdk-11.0.16\bin;C:\Program Files\NVIDIA Corporation\Nsight Compute 2022.2.1\;C:\Program Files (x86)\NVIDIA Corporation\PhysX\Common;C:\Program Files\TortoiseGit\bin;C:\Program Files\Docker\Docker\resources\bin;C:\Program Files\dotnet\;C:\WINDOWS\system32;C:\WINDOWS;C:\WINDOWS\System32\Wbem;C:\WINDOWS\System32\WindowsPowerShell\v1.0\;C:\WINDOWS\System32\OpenSSH\;C:\Users\user\AppData\Local\Programs\Python\Python39\Scripts\;C:\Users\user\AppData\Local\Programs\Python\Python39\;C:\Users\user\AppData\Local\Microsoft\WindowsApps;C:\Users\user\AppData\Local\GitHubDesktop\bin;C:\Users\user\AppData\Roaming\npm;C:\Program Files\JetBrains\PyCharm Community Edition 2022.2.1\bin;;C:\Program Files\JetBrains\IntelliJ IDEA Community Edition 2022.3.2\bin;;
USERNAME=user
OS=Windows_NT
PROCESSOR_IDENTIFIER=Intel64 Family 6 Model 140 Stepping 1, GenuineIntel



---------------  S Y S T E M  ---------------

OS: Windows 11 , 64 bit Build 22621 (10.0.22621.1485)
Hyper-V role detected

CPU:total 8 (initial active 8) (4 cores per cpu, 2 threads per core) family 6 model 140 stepping 1 microcode 0x9a, cmov, cx8, fxsr, mmx, sse, sse2, sse3, ssse3, sse4.1, sse4.2, popcnt, avx, avx2, aes, clmul, erms, 3dnowpref, lzcnt, ht, tsc, tscinvbit, bmi1, bmi2, adx, evex, sha, fma

Memory: 4k page, system-wide physical 7865M (595M free)
TotalPageFile size 11961M (AvailPageFile size 9M)
current process WorkingSet (physical memory assigned to process): 111M, peak: 116M
current process commit charge ("private bytes"): 243M, peak: 250M

vm_info: Java HotSpot(TM) 64-Bit Server VM (11.0.17+10-LTS-269) for windows-amd64 JRE (11.0.17+10-LTS-269), built on Sep 13 2022 19:26:37 by "mach5one" with MS VC++ 15.9 (VS2017)

END.
